<?xml version="1.0" encoding="UTF-8"?>
<testsuite xmlns:xsi="http://www.w3.org/2001/XMLSchema-instance" xsi:schemaLocation="https://maven.apache.org/surefire/maven-surefire-plugin/xsd/surefire-test-report.xsd" name="TestSuite" time="872.976" tests="35" errors="0" skipped="0" failures="3">
  <properties>
[...]
</properties>
  <testcase name="SanityTC1" classname="testcases.Sanity" time="25.475"/>
  <testcase name="SanityTC10" classname="testcases.Sanity" time="13.557"/>
  <testcase name="SanityTC11" classname="testcases.Sanity" time="23.54"/>
  <testcase name="SanityTC12" classname="testcases.Sanity" time="28.505"/>
  <testcase name="SanityTC13" classname="testcases.Sanity" time="13.469"/>
  <testcase name="SanityTC14" classname="testcases.Sanity" time="14.226"/>
  <testcase name="SanityTC15" classname="testcases.Sanity" time="14.611"/>
  <testcase name="SanityTC16" classname="testcases.Sanity" time="24.456"/>
  <testcase name="SanityTC17" classname="testcases.Sanity" time="41.572">
    <failure type="java.lang.AssertionError:">java.lang.AssertionError: null
	at testcases.Sanity.SanityTC17(Sanity.java:347)
</failure>
    <system-out><![CDATA[ INFO [main] (Sanity.java:692) - SanityTC16 is PASS
 INFO [main] (SuiteBase.java:115) - Chrome Driver Instance loaded successfully.
 INFO [main] (SeleniumUtils.java:543) - Successfully waited for Button Add Rule to be present on page
 INFO [main] (SeleniumUtils.java:70) - Successfully clicked on  Button Add Rule element.
 INFO [main] (SeleniumUtils.java:543) - Successfully waited for Icon Forward to be present on page
 INFO [main] (SeleniumUtils.java:91) - Successfully clicked on  Geography At Risk checkbox option on tree.
 INFO [main] (SeleniumUtils.java:70) - Successfully clicked on  Close Icon Add Rule Pop Up element.
 INFO [main] (SeleniumUtils.java:547) - Add Icon not present on page
]]></system-out>
    <system-err><![CDATA[Starting ChromeDriver 2.41.578737 (49da6702b16031c40d63e5618de03a32ff6c197e) on port 20798
Only local connections are allowed.
Sep 27, 2018 4:15:06 AM org.openqa.selenium.remote.ProtocolHandshake createSession
INFO: Detected dialect: OSS
]]></system-err>
  </testcase>
  <testcase name="SanityTC18" classname="testcases.Sanity" time="25.78"/>
  <testcase name="SanityTC19" classname="testcases.Sanity" time="59.06"/>
  <testcase name="SanityTC2" classname="testcases.Sanity" time="72.295">
    <failure type="java.lang.AssertionError:">java.lang.AssertionError: null
	at testcases.Sanity.SanityTC2(Sanity.java:76)
</failure>
    <system-out><![CDATA[ INFO [main] (Sanity.java:692) - SanityTC19 is PASS
 INFO [main] (SuiteBase.java:115) - Chrome Driver Instance loaded successfully.
 INFO [main] (SeleniumUtils.java:543) - Successfully waited for Button Add Rule to be present on page
 INFO [main] (SeleniumUtils.java:70) - Successfully clicked on  Button Add Rule element.
 INFO [main] (SeleniumUtils.java:543) - Successfully waited for Icon Forward to be present on page
 INFO [main] (SeleniumUtils.java:97) - Successfully clicked on  Level 2 Client Owner checkbox option on tree.
 INFO [main] (SeleniumUtils.java:70) - Successfully clicked on  Close Icon Add Rule Pop Up element.
 INFO [main] (SeleniumUtils.java:543) - Successfully waited for Add Icon to be present on page
 INFO [main] (SeleniumUtils.java:70) - Successfully clicked on  Add Icon element.
 INFO [main] (SeleniumUtils.java:562) - GT checkbox level 1 not present on page
]]></system-out>
    <system-err><![CDATA[Starting ChromeDriver 2.41.578737 (49da6702b16031c40d63e5618de03a32ff6c197e) on port 1186
Only local connections are allowed.
Sep 27, 2018 4:17:15 AM org.openqa.selenium.remote.ProtocolHandshake createSession
INFO: Detected dialect: OSS
]]></system-err>
  </testcase>
  <testcase name="SanityTC20" classname="testcases.Sanity" time="14.212"/>
  <testcase name="SanityTC21" classname="testcases.Sanity" time="14.684"/>
  <testcase name="SanityTC22" classname="testcases.Sanity" time="14.533"/>
  <testcase name="SanityTC23" classname="testcases.Sanity" time="24.161"/>
  <testcase name="SanityTC24" classname="testcases.Sanity" time="24.753"/>
  <testcase name="SanityTC25" classname="testcases.Sanity" time="14.937"/>
  <testcase name="SanityTC26" classname="testcases.Sanity" time="24.579"/>
  <testcase name="SanityTC27" classname="testcases.Sanity" time="15.732"/>
  <testcase name="SanityTC28" classname="testcases.Sanity" time="17.026"/>
  <testcase name="SanityTC29" classname="testcases.Sanity" time="85.835">
    <failure type="java.lang.AssertionError:">java.lang.AssertionError: null
	at testcases.Sanity.SanityTC29(Sanity.java:563)
</failure>
    <system-out><![CDATA[ INFO [main] (Sanity.java:692) - SanityTC28 is PASS
 INFO [main] (SuiteBase.java:115) - Chrome Driver Instance loaded successfully.
 INFO [main] (SeleniumUtils.java:543) - Successfully waited for Button Add Rule to be present on page
 INFO [main] (SeleniumUtils.java:70) - Successfully clicked on  Button Add Rule element.
 INFO [main] (SeleniumUtils.java:543) - Successfully waited for Icon Forward to be present on page
 INFO [main] (SeleniumUtils.java:91) - Successfully clicked on  Exclude Liquidity Management checkbox option on tree.
 INFO [main] (SeleniumUtils.java:70) - Successfully clicked on  Close Icon Add Rule Pop Up element.
 INFO [main] (SeleniumUtils.java:573) - Successfully waited for Yes radio button Exclude Liquidity Management to be present on page
 INFO [main] (SeleniumUtils.java:111) - Successfully clicked on  Yes radio button Exclude Liquidity Management option on tree.
 INFO [main] (SeleniumUtils.java:543) - Successfully waited for Review Icon to be present on page
 INFO [main] (SeleniumUtils.java:70) - Successfully clicked on  Review Icon element.
 INFO [main] (SeleniumUtils.java:547) - Top Exposures pop up header not present on page
]]></system-out>
    <system-err><![CDATA[Starting ChromeDriver 2.41.578737 (49da6702b16031c40d63e5618de03a32ff6c197e) on port 4731
Only local connections are allowed.
Sep 27, 2018 4:21:19 AM org.openqa.selenium.remote.ProtocolHandshake createSession
INFO: Detected dialect: OSS
]]></system-err>
  </testcase>
  <testcase name="SanityTC3" classname="testcases.Sanity" time="15.852"/>
  <testcase name="SanityTC30" classname="testcases.Sanity" time="25.419"/>
  <testcase name="SanityTC31" classname="testcases.Sanity" time="15.979"/>
  <testcase name="SanityTC32" classname="testcases.Sanity" time="15.805"/>
  <testcase name="SanityTC33" classname="testcases.Sanity" time="16.904"/>
  <testcase name="SanityTC34" classname="testcases.Sanity" time="15.92"/>
  <testcase name="SanityTC35" classname="testcases.Sanity" time="15.778"/>
  <testcase name="SanityTC4" classname="testcases.Sanity" time="18.892"/>
  <testcase name="SanityTC5" classname="testcases.Sanity" time="27.285"/>
  <testcase name="SanityTC6" classname="testcases.Sanity" time="16.27"/>
  <testcase name="SanityTC7" classname="testcases.Sanity" time="17.529"/>
  <testcase name="SanityTC8" classname="testcases.Sanity" time="22.428"/>
  <testcase name="SanityTC9" classname="testcases.Sanity" time="16.252"/>
</testsuite>