<?xml version="1.0" encoding="UTF-8"?>
<testng-results skipped="0" failed="3" ignored="0" total="35" passed="32">
  <reporter-output>
    <line>
      <![CDATA[Successfully waited for Button Add Rule to be present on page]]>
    </line>
    <line>
      <![CDATA[Successfully clicked on Button Add Rule element.]]>
    </line>
    <line>
      <![CDATA[Successfully waited for Icon Forward to be present on page]]>
    </line>
    <line>
      <![CDATA[Successfully clicked on Control Unit - Geography checkbox option on tree.]]>
    </line>
    <line>
      <![CDATA[Successfully clicked on Close Icon Add Rule Pop Up element.]]>
    </line>
    <line>
      <![CDATA[Successfully waited for Add Icon to be present on page]]>
    </line>
    <line>
      <![CDATA[Successfully clicked on Add Icon element.]]>
    </line>
    <line>
      <![CDATA[Successfully waited for Latin America checkbox level 1 to be present on page]]>
    </line>
    <line>
      <![CDATA[Successfully clicked on Latin America checkbox level 1 option on tree.]]>
    </line>
    <line>
      <![CDATA[Successfully waited for Level 1 Next Button to be present on page]]>
    </line>
    <line>
      <![CDATA[Successfully clicked on Level 1 Next Button option on tree.]]>
    </line>
    <line>
      <![CDATA[Successfully waited for Brazil checkbox level 2 to be present on page]]>
    </line>
    <line>
      <![CDATA[Successfully clicked on Brazil checkbox level 2 option on tree.]]>
    </line>
    <line>
      <![CDATA[Successfully waited for Level 2 Next Button to be present on page]]>
    </line>
    <line>
      <![CDATA[Successfully clicked on Level 2 Next Button option on tree.]]>
    </line>
    <line>
      <![CDATA[Successfully waited for Brazil checkbox level 3 to be present on page]]>
    </line>
    <line>
      <![CDATA[Successfully clicked on Brazil checkbox level 3 option on tree.]]>
    </line>
    <line>
      <![CDATA[Successfully waited for Level 3 Next Button to be present on page]]>
    </line>
    <line>
      <![CDATA[Successfully clicked on Level 3 Next Button option on tree.]]>
    </line>
    <line>
      <![CDATA[Successfully waited for BRAZIL checkbox level 4 to be present on page]]>
    </line>
    <line>
      <![CDATA[Successfully clicked on BRAZIL checkbox level 4 option on tree.]]>
    </line>
    <line>
      <![CDATA[Successfully clicked on Button Close Pop Up element.]]>
    </line>
    <line>
      <![CDATA[Successfully waited for BRAZIL filter on Home Page to be present on page]]>
    </line>
    <line>
      <![CDATA[SanityTC1 is PASS]]>
    </line>
    <line>
      <![CDATA[Successfully waited for Button Add Rule to be present on page]]>
    </line>
    <line>
      <![CDATA[Successfully clicked on Button Add Rule element.]]>
    </line>
    <line>
      <![CDATA[Successfully waited for Icon Forward to be present on page]]>
    </line>
    <line>
      <![CDATA[Successfully clicked on Portfolio Business Segment (PBS) checkbox option on tree.]]>
    </line>
    <line>
      <![CDATA[Successfully clicked on Close Icon Add Rule Pop Up element.]]>
    </line>
    <line>
      <![CDATA[Successfully waited for Add Icon to be present on page]]>
    </line>
    <line>
      <![CDATA[Successfully clicked on Add Icon element.]]>
    </line>
    <line>
      <![CDATA[Successfully waited for TREASURY checkbox level 1 to be present on page]]>
    </line>
    <line>
      <![CDATA[Successfully clicked on TREASURY checkbox level 1 option on tree.]]>
    </line>
    <line>
      <![CDATA[Successfully clicked on Close Icon Add Rule Pop Up element.]]>
    </line>
    <line>
      <![CDATA[Successfully waited for TREASURY filter on Home Page to be present on page]]>
    </line>
    <line>
      <![CDATA[SanityTC10 is PASS]]>
    </line>
    <line>
      <![CDATA[Successfully waited for Button Add Rule to be present on page]]>
    </line>
    <line>
      <![CDATA[Successfully clicked on Button Add Rule element.]]>
    </line>
    <line>
      <![CDATA[Successfully waited for Icon Forward to be present on page]]>
    </line>
    <line>
      <![CDATA[Successfully clicked on GFMIS Product checkbox option on tree.]]>
    </line>
    <line>
      <![CDATA[Successfully clicked on Close Icon Add Rule Pop Up element.]]>
    </line>
    <line>
      <![CDATA[Successfully waited for Add Icon to be present on page]]>
    </line>
    <line>
      <![CDATA[Successfully clicked on Add Icon element.]]>
    </line>
    <line>
      <![CDATA[Successfully waited for Best Efforts Distribution checkbox level 1 to be present on page]]>
    </line>
    <line>
      <![CDATA[Successfully clicked on Best Efforts Distribution checkbox level 1 option on tree.]]>
    </line>
    <line>
      <![CDATA[Successfully waited for Level 1 Next Button to be present on page]]>
    </line>
    <line>
      <![CDATA[Successfully clicked on Level 1 Next Button option on tree.]]>
    </line>
    <line>
      <![CDATA[Successfully waited for Best Efforts Distribution checkbox level 2 to be present on page]]>
    </line>
    <line>
      <![CDATA[Successfully clicked on Best Efforts Distribution checkbox level 2 option on tree.]]>
    </line>
    <line>
      <![CDATA[Successfully waited for Level 2 Next Button to be present on page]]>
    </line>
    <line>
      <![CDATA[Successfully clicked on Level 2 Next Button option on tree.]]>
    </line>
    <line>
      <![CDATA[Successfully waited for Best Efforts Distribution checkbox level 3 to be present on page]]>
    </line>
    <line>
      <![CDATA[Successfully clicked on Best Efforts Distribution checkbox level 3 option on tree.]]>
    </line>
    <line>
      <![CDATA[Successfully waited for Level 3 Next Button to be present on page]]>
    </line>
    <line>
      <![CDATA[Successfully clicked on Level 3 Next Button option on tree.]]>
    </line>
    <line>
      <![CDATA[Successfully waited for Best Efforts Distribution checkbox level 4 to be present on page]]>
    </line>
    <line>
      <![CDATA[Successfully clicked on Best Efforts Distribution checkbox level 4 option on tree.]]>
    </line>
    <line>
      <![CDATA[Successfully clicked on Button Close Pop Up element.]]>
    </line>
    <line>
      <![CDATA[Successfully waited for Best Efforts Distribution filter on Home Page to be present on page]]>
    </line>
    <line>
      <![CDATA[SanityTC11 is PASS]]>
    </line>
    <line>
      <![CDATA[Successfully waited for Button Add Rule to be present on page]]>
    </line>
    <line>
      <![CDATA[Successfully clicked on Button Add Rule element.]]>
    </line>
    <line>
      <![CDATA[Successfully waited for Icon Forward to be present on page]]>
    </line>
    <line>
      <![CDATA[Successfully clicked on GOC checkbox option on tree.]]>
    </line>
    <line>
      <![CDATA[Successfully clicked on Close Icon Add Rule Pop Up element.]]>
    </line>
    <line>
      <![CDATA[Successfully waited for Add Icon to be present on page]]>
    </line>
    <line>
      <![CDATA[Successfully clicked on Add Icon element.]]>
    </line>
    <line>
      <![CDATA[Successfully waited for #06-0012 AVON CO (EO27060012) checkbox level 1 to be present on page]]>
    </line>
    <line>
      <![CDATA[Successfully clicked on #06-0012 AVON CO (EO27060012) checkbox level 1 option on tree.]]>
    </line>
    <line>
      <![CDATA[Successfully clicked on Close Icon Add Rule Pop Up element.]]>
    </line>
    <line>
      <![CDATA[Successfully waited for #06-0012 AVON CO (EO27060012) filter on Home Page to be present on page]]>
    </line>
    <line>
      <![CDATA[SanityTC12 is PASS]]>
    </line>
    <line>
      <![CDATA[Successfully waited for Button Add Rule to be present on page]]>
    </line>
    <line>
      <![CDATA[Successfully clicked on Button Add Rule element.]]>
    </line>
    <line>
      <![CDATA[Successfully waited for Icon Forward to be present on page]]>
    </line>
    <line>
      <![CDATA[Successfully clicked on GOC Enriched Country checkbox option on tree.]]>
    </line>
    <line>
      <![CDATA[Successfully clicked on Close Icon Add Rule Pop Up element.]]>
    </line>
    <line>
      <![CDATA[Successfully waited for Add Icon to be present on page]]>
    </line>
    <line>
      <![CDATA[Successfully clicked on Add Icon element.]]>
    </line>
    <line>
      <![CDATA[Successfully waited for AUSTRALIA checkbox level 1 to be present on page]]>
    </line>
    <line>
      <![CDATA[Successfully clicked on AUSTRALIA checkbox level 1 option on tree.]]>
    </line>
    <line>
      <![CDATA[Successfully clicked on Close Icon Add Rule Pop Up element.]]>
    </line>
    <line>
      <![CDATA[Successfully waited for AUSTRALIA filter on Home Page to be present on page]]>
    </line>
    <line>
      <![CDATA[SanityTC13 is PASS]]>
    </line>
    <line>
      <![CDATA[Successfully waited for Button Add Rule to be present on page]]>
    </line>
    <line>
      <![CDATA[Successfully clicked on Button Add Rule element.]]>
    </line>
    <line>
      <![CDATA[Successfully waited for Icon Forward to be present on page]]>
    </line>
    <line>
      <![CDATA[Successfully clicked on Independent Risk Unit - ID checkbox option on tree.]]>
    </line>
    <line>
      <![CDATA[Successfully clicked on Close Icon Add Rule Pop Up element.]]>
    </line>
    <line>
      <![CDATA[Successfully waited for Add Icon to be present on page]]>
    </line>
    <line>
      <![CDATA[Successfully clicked on Add Icon element.]]>
    </line>
    <line>
      <![CDATA[Successfully waited for AS AGENT REPO (300171) checkbox level 1 to be present on page]]>
    </line>
    <line>
      <![CDATA[Successfully clicked on AS AGENT REPO (300171) checkbox level 1 option on tree.]]>
    </line>
    <line>
      <![CDATA[Successfully waited for APEMCT-HK (102147) checkbox level 1 to be present on page]]>
    </line>
    <line>
      <![CDATA[Successfully clicked on APEMCT-HK (102147) checkbox level 1 option on tree.]]>
    </line>
    <line>
      <![CDATA[Successfully clicked on Close Icon Add Rule Pop Up element.]]>
    </line>
    <line>
      <![CDATA[Successfully waited for AS AGENT REPO (300171) filter on Home Page to be present on page]]>
    </line>
    <line>
      <![CDATA[Successfully waited for APEMCT-HK (102147) filter on Home Page to be present on page]]>
    </line>
    <line>
      <![CDATA[SanityTC14 is PASS]]>
    </line>
    <line>
      <![CDATA[Successfully waited for Button Add Rule to be present on page]]>
    </line>
    <line>
      <![CDATA[Successfully clicked on Button Add Rule element.]]>
    </line>
    <line>
      <![CDATA[Successfully waited for Icon Forward to be present on page]]>
    </line>
    <line>
      <![CDATA[Successfully clicked on Independent Risk Unit - Credit Org checkbox option on tree.]]>
    </line>
    <line>
      <![CDATA[Successfully clicked on Close Icon Add Rule Pop Up element.]]>
    </line>
    <line>
      <![CDATA[Successfully waited for Add Icon to be present on page]]>
    </line>
    <line>
      <![CDATA[Successfully clicked on Add Icon element.]]>
    </line>
    <line>
      <![CDATA[Successfully waited for FIRM checkbox level 1 to be present on page]]>
    </line>
    <line>
      <![CDATA[Successfully clicked on FIRM checkbox level 1 option on tree.]]>
    </line>
    <line>
      <![CDATA[Successfully waited for GIRM checkbox level 1 to be present on page]]>
    </line>
    <line>
      <![CDATA[Successfully clicked on GIRM checkbox level 1 option on tree.]]>
    </line>
    <line>
      <![CDATA[Successfully clicked on Close Icon Add Rule Pop Up element.]]>
    </line>
    <line>
      <![CDATA[Successfully waited for FIRM filter on Home Page to be present on page]]>
    </line>
    <line>
      <![CDATA[Successfully waited for GIRM filter on Home Page to be present on page]]>
    </line>
    <line>
      <![CDATA[SanityTC15 is PASS]]>
    </line>
    <line>
      <![CDATA[Successfully waited for Button Add Rule to be present on page]]>
    </line>
    <line>
      <![CDATA[Successfully clicked on Button Add Rule element.]]>
    </line>
    <line>
      <![CDATA[Successfully waited for Icon Forward to be present on page]]>
    </line>
    <line>
      <![CDATA[Successfully clicked on Independent Risk Unit - Geography checkbox option on tree.]]>
    </line>
    <line>
      <![CDATA[Successfully clicked on Close Icon Add Rule Pop Up element.]]>
    </line>
    <line>
      <![CDATA[Successfully waited for Add Icon to be present on page]]>
    </line>
    <line>
      <![CDATA[Successfully clicked on Add Icon element.]]>
    </line>
    <line>
      <![CDATA[Successfully waited for EMEA checkbox level 1 to be present on page]]>
    </line>
    <line>
      <![CDATA[Successfully clicked on EMEA checkbox level 1 option on tree.]]>
    </line>
    <line>
      <![CDATA[Successfully waited for Level 1 Next Button to be present on page]]>
    </line>
    <line>
      <![CDATA[Successfully clicked on Level 1 Next Button option on tree.]]>
    </line>
    <line>
      <![CDATA[Successfully waited for ISRAEL checkbox level 2 to be present on page]]>
    </line>
    <line>
      <![CDATA[Successfully clicked on ISRAEL checkbox level 2 option on tree.]]>
    </line>
    <line>
      <![CDATA[Successfully waited for Level 2 Next Button to be present on page]]>
    </line>
    <line>
      <![CDATA[Successfully clicked on Level 2 Next Button option on tree.]]>
    </line>
    <line>
      <![CDATA[Successfully waited for ISRAEL checkbox level 3 to be present on page]]>
    </line>
    <line>
      <![CDATA[Successfully clicked on ISRAEL checkbox level 3 option on tree.]]>
    </line>
    <line>
      <![CDATA[Successfully waited for Level 3 Next Button to be present on page]]>
    </line>
    <line>
      <![CDATA[Successfully clicked on Level 3 Next Button option on tree.]]>
    </line>
    <line>
      <![CDATA[Successfully waited for ISRAEL checkbox level 4 to be present on page]]>
    </line>
    <line>
      <![CDATA[Successfully clicked on ISRAEL checkbox level 4 option on tree.]]>
    </line>
    <line>
      <![CDATA[Successfully clicked on Button Close Pop Up element.]]>
    </line>
    <line>
      <![CDATA[Successfully waited for ISRAEL filter on Home Page to be present on page]]>
    </line>
    <line>
      <![CDATA[SanityTC16 is PASS]]>
    </line>
    <line>
      <![CDATA[Successfully waited for Button Add Rule to be present on page]]>
    </line>
    <line>
      <![CDATA[Successfully clicked on Button Add Rule element.]]>
    </line>
    <line>
      <![CDATA[Successfully waited for Icon Forward to be present on page]]>
    </line>
    <line>
      <![CDATA[Successfully clicked on Geography At Risk checkbox option on tree.]]>
    </line>
    <line>
      <![CDATA[Successfully clicked on Close Icon Add Rule Pop Up element.]]>
    </line>
    <line>
      <![CDATA[Add Icon not present on page]]>
    </line>
    <line>
      <![CDATA[SanityTC17 is FAIL]]>
    </line>
    <line>
      <![CDATA[Successfully waited for Button Add Rule to be present on page]]>
    </line>
    <line>
      <![CDATA[Successfully clicked on Button Add Rule element.]]>
    </line>
    <line>
      <![CDATA[Successfully waited for Icon Forward to be present on page]]>
    </line>
    <line>
      <![CDATA[Successfully clicked on Risk Management Industry checkbox option on tree.]]>
    </line>
    <line>
      <![CDATA[Successfully clicked on Close Icon Add Rule Pop Up element.]]>
    </line>
    <line>
      <![CDATA[Successfully waited for Add Icon to be present on page]]>
    </line>
    <line>
      <![CDATA[Successfully clicked on Add Icon element.]]>
    </line>
    <line>
      <![CDATA[Successfully waited for Education checkbox level 1 to be present on page]]>
    </line>
    <line>
      <![CDATA[Successfully clicked on Education checkbox level 1 option on tree.]]>
    </line>
    <line>
      <![CDATA[Successfully waited for Level 1 Next Button to be present on page]]>
    </line>
    <line>
      <![CDATA[Successfully clicked on Level 1 Next Button option on tree.]]>
    </line>
    <line>
      <![CDATA[Successfully waited for Education Services checkbox level 2 to be present on page]]>
    </line>
    <line>
      <![CDATA[Successfully clicked on Education Services checkbox level 2 option on tree.]]>
    </line>
    <line>
      <![CDATA[Successfully waited for Level 2 Next Button to be present on page]]>
    </line>
    <line>
      <![CDATA[Successfully clicked on Level 2 Next Button option on tree.]]>
    </line>
    <line>
      <![CDATA[Successfully waited for Edu - Primary School checkbox level 3 to be present on page]]>
    </line>
    <line>
      <![CDATA[Successfully clicked on Edu - Primary School checkbox level 3 option on tree.]]>
    </line>
    <line>
      <![CDATA[Successfully waited for Level 3 Next Button to be present on page]]>
    </line>
    <line>
      <![CDATA[Successfully clicked on Level 3 Next Button option on tree.]]>
    </line>
    <line>
      <![CDATA[Successfully waited for Edu - Schools Grade K-12 - Private checkbox level 4 to be present on page]]>
    </line>
    <line>
      <![CDATA[Successfully clicked on Edu - Schools Grade K-12 - Private checkbox level 4 option on tree.]]>
    </line>
    <line>
      <![CDATA[Successfully clicked on Button Close Pop Up element.]]>
    </line>
    <line>
      <![CDATA[Successfully waited for Edu - Schools Grade K-12 - Private filter on Home Page to be present on page]]>
    </line>
    <line>
      <![CDATA[SanityTC18 is PASS]]>
    </line>
    <line>
      <![CDATA[Successfully waited for Button Add Rule to be present on page]]>
    </line>
    <line>
      <![CDATA[Successfully clicked on Button Add Rule element.]]>
    </line>
    <line>
      <![CDATA[Successfully waited for Icon Forward to be present on page]]>
    </line>
    <line>
      <![CDATA[Successfully clicked on Name checkbox option on tree.]]>
    </line>
    <line>
      <![CDATA[Successfully clicked on Close Icon Add Rule Pop Up element.]]>
    </line>
    <line>
      <![CDATA[Successfully waited for Add Icon to be present on page]]>
    </line>
    <line>
      <![CDATA[Successfully clicked on Add Icon element.]]>
    </line>
    <line>
      <![CDATA[Successfully waited for (IZ)QUEENCO LIMITED (1009174296) checkbox level 1 to be present on page]]>
    </line>
    <line>
      <![CDATA[Successfully clicked on (IZ)QUEENCO LIMITED (1009174296) checkbox level 1 option on tree.]]>
    </line>
    <line>
      <![CDATA[Successfully clicked on Close Icon Add Rule Pop Up element.]]>
    </line>
    <line>
      <![CDATA[Successfully waited for (IZ)QUEENCO LIMITED (1009174296) filter on Home Page to be present on page]]>
    </line>
    <line>
      <![CDATA[SanityTC19 is PASS]]>
    </line>
    <line>
      <![CDATA[Successfully waited for Button Add Rule to be present on page]]>
    </line>
    <line>
      <![CDATA[Successfully clicked on Button Add Rule element.]]>
    </line>
    <line>
      <![CDATA[Successfully waited for Icon Forward to be present on page]]>
    </line>
    <line>
      <![CDATA[Successfully clicked on Level 2 Client Owner checkbox option on tree.]]>
    </line>
    <line>
      <![CDATA[Successfully clicked on Close Icon Add Rule Pop Up element.]]>
    </line>
    <line>
      <![CDATA[Successfully waited for Add Icon to be present on page]]>
    </line>
    <line>
      <![CDATA[Successfully clicked on Add Icon element.]]>
    </line>
    <line>
      <![CDATA[GT checkbox level 1 not present on page]]>
    </line>
    <line>
      <![CDATA[SanityTC2 is FAIL]]>
    </line>
    <line>
      <![CDATA[Successfully waited for Button Add Rule to be present on page]]>
    </line>
    <line>
      <![CDATA[Successfully clicked on Button Add Rule element.]]>
    </line>
    <line>
      <![CDATA[Successfully waited for Icon Forward to be present on page]]>
    </line>
    <line>
      <![CDATA[Successfully clicked on Independent Risk Unit - Credit Coverage Area checkbox option on tree.]]>
    </line>
    <line>
      <![CDATA[Successfully clicked on Close Icon Add Rule Pop Up element.]]>
    </line>
    <line>
      <![CDATA[Successfully waited for Add Icon to be present on page]]>
    </line>
    <line>
      <![CDATA[Successfully clicked on Add Icon element.]]>
    </line>
    <line>
      <![CDATA[Successfully waited for Banks checkbox level 1 to be present on page]]>
    </line>
    <line>
      <![CDATA[Successfully clicked on Banks checkbox level 1 option on tree.]]>
    </line>
    <line>
      <![CDATA[Successfully clicked on Close Icon Add Rule Pop Up element.]]>
    </line>
    <line>
      <![CDATA[Successfully waited for Banks filter on Home Page to be present on page]]>
    </line>
    <line>
      <![CDATA[SanityTC20 is PASS]]>
    </line>
    <line>
      <![CDATA[Successfully waited for Button Add Rule to be present on page]]>
    </line>
    <line>
      <![CDATA[Successfully clicked on Button Add Rule element.]]>
    </line>
    <line>
      <![CDATA[Successfully waited for Icon Forward to be present on page]]>
    </line>
    <line>
      <![CDATA[Successfully clicked on Control Unit - ID checkbox option on tree.]]>
    </line>
    <line>
      <![CDATA[Successfully clicked on Close Icon Add Rule Pop Up element.]]>
    </line>
    <line>
      <![CDATA[Successfully waited for Add Icon to be present on page]]>
    </line>
    <line>
      <![CDATA[Successfully clicked on Add Icon element.]]>
    </line>
    <line>
      <![CDATA[Successfully waited for AME HEALTH&LIFE INSU (107251) checkbox level 1 to be present on page]]>
    </line>
    <line>
      <![CDATA[Successfully clicked on AME HEALTH&LIFE INSU (107251) checkbox level 1 option on tree.]]>
    </line>
    <line>
      <![CDATA[Successfully waited for CCB CTL RMU TW (106580) checkbox level 1 to be present on page]]>
    </line>
    <line>
      <![CDATA[Successfully clicked on CCB CTL RMU TW (106580) checkbox level 1 option on tree.]]>
    </line>
    <line>
      <![CDATA[Successfully waited for CITI ADMIN SERV INC (107249) checkbox level 1 to be present on page]]>
    </line>
    <line>
      <![CDATA[Successfully clicked on CITI ADMIN SERV INC (107249) checkbox level 1 option on tree.]]>
    </line>
    <line>
      <![CDATA[Successfully clicked on Close Icon Add Rule Pop Up element.]]>
    </line>
    <line>
      <![CDATA[Successfully waited for AME HEALTH&LIFE INSU (107251) filter on Home Page to be present on page]]>
    </line>
    <line>
      <![CDATA[Successfully waited for CCB CTL RMU TW (106580) filter on Home Page to be present on page]]>
    </line>
    <line>
      <![CDATA[Successfully waited for CITI ADMIN SERV INC (107249) filter on Home Page to be present on page]]>
    </line>
    <line>
      <![CDATA[SanityTC21 is PASS]]>
    </line>
    <line>
      <![CDATA[Successfully waited for Button Add Rule to be present on page]]>
    </line>
    <line>
      <![CDATA[Successfully clicked on Button Add Rule element.]]>
    </line>
    <line>
      <![CDATA[Successfully waited for Icon Forward to be present on page]]>
    </line>
    <line>
      <![CDATA[Successfully clicked on Control Unit - Credit Org checkbox option on tree.]]>
    </line>
    <line>
      <![CDATA[Successfully clicked on Close Icon Add Rule Pop Up element.]]>
    </line>
    <line>
      <![CDATA[Successfully waited for Add Icon to be present on page]]>
    </line>
    <line>
      <![CDATA[Successfully clicked on Add Icon element.]]>
    </line>
    <line>
      <![CDATA[Successfully waited for GTS checkbox level 1 to be present on page]]>
    </line>
    <line>
      <![CDATA[Successfully clicked on GTS checkbox level 1 option on tree.]]>
    </line>
    <line>
      <![CDATA[Successfully waited for RE checkbox level 1 to be present on page]]>
    </line>
    <line>
      <![CDATA[Successfully clicked on RE checkbox level 1 option on tree.]]>
    </line>
    <line>
      <![CDATA[Successfully clicked on Close Icon Add Rule Pop Up element.]]>
    </line>
    <line>
      <![CDATA[Successfully waited for GTS filter on Home Page to be present on page]]>
    </line>
    <line>
      <![CDATA[Successfully waited for RE filter on Home Page to be present on page]]>
    </line>
    <line>
      <![CDATA[SanityTC22 is PASS]]>
    </line>
    <line>
      <![CDATA[Successfully waited for Button Add Rule to be present on page]]>
    </line>
    <line>
      <![CDATA[Successfully clicked on Button Add Rule element.]]>
    </line>
    <line>
      <![CDATA[Successfully waited for Icon Forward to be present on page]]>
    </line>
    <line>
      <![CDATA[Successfully clicked on Control Unit - Geography checkbox option on tree.]]>
    </line>
    <line>
      <![CDATA[Successfully clicked on Close Icon Add Rule Pop Up element.]]>
    </line>
    <line>
      <![CDATA[Successfully waited for Add Icon to be present on page]]>
    </line>
    <line>
      <![CDATA[Successfully clicked on Add Icon element.]]>
    </line>
    <line>
      <![CDATA[Successfully waited for EMEA checkbox level 1 to be present on page]]>
    </line>
    <line>
      <![CDATA[Successfully clicked on EMEA checkbox level 1 option on tree.]]>
    </line>
    <line>
      <![CDATA[Successfully waited for Level 1 Next Button to be present on page]]>
    </line>
    <line>
      <![CDATA[Successfully clicked on Level 1 Next Button option on tree.]]>
    </line>
    <line>
      <![CDATA[Successfully waited for ISRAEL checkbox level 2 to be present on page]]>
    </line>
    <line>
      <![CDATA[Successfully clicked on ISRAEL checkbox level 2 option on tree.]]>
    </line>
    <line>
      <![CDATA[Successfully waited for Level 2 Next Button to be present on page]]>
    </line>
    <line>
      <![CDATA[Successfully clicked on Level 2 Next Button option on tree.]]>
    </line>
    <line>
      <![CDATA[Successfully waited for ISRAEL checkbox level 3 to be present on page]]>
    </line>
    <line>
      <![CDATA[Successfully clicked on ISRAEL checkbox level 3 option on tree.]]>
    </line>
    <line>
      <![CDATA[Successfully waited for Level 3 Next Button to be present on page]]>
    </line>
    <line>
      <![CDATA[Successfully clicked on Level 3 Next Button option on tree.]]>
    </line>
    <line>
      <![CDATA[Successfully waited for ISRAEL checkbox level 4 to be present on page]]>
    </line>
    <line>
      <![CDATA[Successfully clicked on ISRAEL checkbox level 4 option on tree.]]>
    </line>
    <line>
      <![CDATA[Successfully clicked on Button Close Pop Up element.]]>
    </line>
    <line>
      <![CDATA[Successfully waited for ISRAEL filter on Home Page to be present on page]]>
    </line>
    <line>
      <![CDATA[SanityTC23 is PASS]]>
    </line>
    <line>
      <![CDATA[Successfully waited for Button Add Rule to be present on page]]>
    </line>
    <line>
      <![CDATA[Successfully clicked on Button Add Rule element.]]>
    </line>
    <line>
      <![CDATA[Successfully waited for Icon Forward to be present on page]]>
    </line>
    <line>
      <![CDATA[Successfully clicked on Geography At Risk checkbox option on tree.]]>
    </line>
    <line>
      <![CDATA[Successfully clicked on Close Icon Add Rule Pop Up element.]]>
    </line>
    <line>
      <![CDATA[Successfully waited for Add Icon to be present on page]]>
    </line>
    <line>
      <![CDATA[Successfully clicked on Add Icon element.]]>
    </line>
    <line>
      <![CDATA[Successfully waited for EMEA checkbox level 1 to be present on page]]>
    </line>
    <line>
      <![CDATA[Successfully clicked on EMEA checkbox level 1 option on tree.]]>
    </line>
    <line>
      <![CDATA[Successfully waited for Level 1 Next Button to be present on page]]>
    </line>
    <line>
      <![CDATA[Successfully clicked on Level 1 Next Button option on tree.]]>
    </line>
    <line>
      <![CDATA[Successfully waited for ISRAEL checkbox level 2 to be present on page]]>
    </line>
    <line>
      <![CDATA[Successfully clicked on ISRAEL checkbox level 2 option on tree.]]>
    </line>
    <line>
      <![CDATA[Successfully waited for Level 2 Next Button to be present on page]]>
    </line>
    <line>
      <![CDATA[Successfully clicked on Level 2 Next Button option on tree.]]>
    </line>
    <line>
      <![CDATA[Successfully waited for ISRAEL checkbox level 3 to be present on page]]>
    </line>
    <line>
      <![CDATA[Successfully clicked on ISRAEL checkbox level 3 option on tree.]]>
    </line>
    <line>
      <![CDATA[Successfully waited for Level 3 Next Button to be present on page]]>
    </line>
    <line>
      <![CDATA[Successfully clicked on Level 3 Next Button option on tree.]]>
    </line>
    <line>
      <![CDATA[Successfully waited for ISRAEL checkbox level 4 to be present on page]]>
    </line>
    <line>
      <![CDATA[Successfully clicked on ISRAEL checkbox level 4 option on tree.]]>
    </line>
    <line>
      <![CDATA[Successfully clicked on Button Close Pop Up element.]]>
    </line>
    <line>
      <![CDATA[Successfully waited for ISRAEL filter on Home Page to be present on page]]>
    </line>
    <line>
      <![CDATA[SanityTC24 is PASS]]>
    </line>
    <line>
      <![CDATA[Successfully waited for Button Add Rule to be present on page]]>
    </line>
    <line>
      <![CDATA[Successfully clicked on Button Add Rule element.]]>
    </line>
    <line>
      <![CDATA[Successfully waited for Icon Forward to be present on page]]>
    </line>
    <line>
      <![CDATA[Successfully clicked on Approving Unit - ID checkbox option on tree.]]>
    </line>
    <line>
      <![CDATA[Successfully clicked on Close Icon Add Rule Pop Up element.]]>
    </line>
    <line>
      <![CDATA[Successfully waited for Add Icon to be present on page]]>
    </line>
    <line>
      <![CDATA[Successfully clicked on Add Icon element.]]>
    </line>
    <line>
      <![CDATA[Successfully waited for AS AGENT REPO (300171) checkbox level 1 to be present on page]]>
    </line>
    <line>
      <![CDATA[Successfully clicked on AS AGENT REPO (300171) checkbox level 1 option on tree.]]>
    </line>
    <line>
      <![CDATA[Successfully waited for APEMCT-HK (102147) checkbox level 1 to be present on page]]>
    </line>
    <line>
      <![CDATA[Successfully clicked on APEMCT-HK (102147) checkbox level 1 option on tree.]]>
    </line>
    <line>
      <![CDATA[Successfully clicked on Close Icon Add Rule Pop Up element.]]>
    </line>
    <line>
      <![CDATA[Successfully waited for AS AGENT REPO (300171) filter on Home Page to be present on page]]>
    </line>
    <line>
      <![CDATA[Successfully waited for APEMCT-HK (102147) filter on Home Page to be present on page]]>
    </line>
    <line>
      <![CDATA[SanityTC25 is PASS]]>
    </line>
    <line>
      <![CDATA[Successfully waited for Button Add Rule to be present on page]]>
    </line>
    <line>
      <![CDATA[Successfully clicked on Button Add Rule element.]]>
    </line>
    <line>
      <![CDATA[Successfully waited for Icon Forward to be present on page]]>
    </line>
    <line>
      <![CDATA[Successfully clicked on Approving Unit - Geography checkbox option on tree.]]>
    </line>
    <line>
      <![CDATA[Successfully clicked on Close Icon Add Rule Pop Up element.]]>
    </line>
    <line>
      <![CDATA[Successfully waited for Add Icon to be present on page]]>
    </line>
    <line>
      <![CDATA[Successfully clicked on Add Icon element.]]>
    </line>
    <line>
      <![CDATA[Successfully waited for EMEA checkbox level 1 to be present on page]]>
    </line>
    <line>
      <![CDATA[Successfully clicked on EMEA checkbox level 1 option on tree.]]>
    </line>
    <line>
      <![CDATA[Successfully waited for Level 1 Next Button to be present on page]]>
    </line>
    <line>
      <![CDATA[Successfully clicked on Level 1 Next Button option on tree.]]>
    </line>
    <line>
      <![CDATA[Successfully waited for ISRAEL checkbox level 2 to be present on page]]>
    </line>
    <line>
      <![CDATA[Successfully clicked on ISRAEL checkbox level 2 option on tree.]]>
    </line>
    <line>
      <![CDATA[Successfully waited for Level 2 Next Button to be present on page]]>
    </line>
    <line>
      <![CDATA[Successfully clicked on Level 2 Next Button option on tree.]]>
    </line>
    <line>
      <![CDATA[Successfully waited for ISRAEL checkbox level 3 to be present on page]]>
    </line>
    <line>
      <![CDATA[Successfully clicked on ISRAEL checkbox level 3 option on tree.]]>
    </line>
    <line>
      <![CDATA[Successfully waited for Level 3 Next Button to be present on page]]>
    </line>
    <line>
      <![CDATA[Successfully clicked on Level 3 Next Button option on tree.]]>
    </line>
    <line>
      <![CDATA[Successfully waited for ISRAEL checkbox level 4 to be present on page]]>
    </line>
    <line>
      <![CDATA[Successfully clicked on ISRAEL checkbox level 4 option on tree.]]>
    </line>
    <line>
      <![CDATA[Successfully clicked on Button Close Pop Up element.]]>
    </line>
    <line>
      <![CDATA[Successfully waited for ISRAEL filter on Home Page to be present on page]]>
    </line>
    <line>
      <![CDATA[SanityTC26 is PASS]]>
    </line>
    <line>
      <![CDATA[Successfully waited for Button Add Rule to be present on page]]>
    </line>
    <line>
      <![CDATA[Successfully clicked on Button Add Rule element.]]>
    </line>
    <line>
      <![CDATA[Successfully waited for Icon Forward to be present on page]]>
    </line>
    <line>
      <![CDATA[Successfully clicked on Classification Status checkbox option on tree.]]>
    </line>
    <line>
      <![CDATA[Successfully clicked on Close Icon Add Rule Pop Up element.]]>
    </line>
    <line>
      <![CDATA[Successfully waited for Add Icon to be present on page]]>
    </line>
    <line>
      <![CDATA[Successfully clicked on Add Icon element.]]>
    </line>
    <line>
      <![CDATA[Successfully waited for Pass checkbox level 1 to be present on page]]>
    </line>
    <line>
      <![CDATA[Successfully clicked on Pass checkbox level 1 option on tree.]]>
    </line>
    <line>
      <![CDATA[Successfully waited for Loss checkbox level 1 to be present on page]]>
    </line>
    <line>
      <![CDATA[Successfully clicked on Loss checkbox level 1 option on tree.]]>
    </line>
    <line>
      <![CDATA[Successfully clicked on Close Icon Add Rule Pop Up element.]]>
    </line>
    <line>
      <![CDATA[Successfully waited for Pass filter on Home Page to be present on page]]>
    </line>
    <line>
      <![CDATA[Successfully waited for Loss filter on Home Page to be present on page]]>
    </line>
    <line>
      <![CDATA[SanityTC27 is PASS]]>
    </line>
    <line>
      <![CDATA[Successfully waited for Button Add Rule to be present on page]]>
    </line>
    <line>
      <![CDATA[Successfully clicked on Button Add Rule element.]]>
    </line>
    <line>
      <![CDATA[Successfully waited for Icon Forward to be present on page]]>
    </line>
    <line>
      <![CDATA[Successfully clicked on Extending Unit - ID checkbox option on tree.]]>
    </line>
    <line>
      <![CDATA[Successfully clicked on Close Icon Add Rule Pop Up element.]]>
    </line>
    <line>
      <![CDATA[Successfully waited for Add Icon to be present on page]]>
    </line>
    <line>
      <![CDATA[Successfully clicked on Add Icon element.]]>
    </line>
    <line>
      <![CDATA[Successfully waited for ACCIVAL - REPO (107200) checkbox level 1 to be present on page]]>
    </line>
    <line>
      <![CDATA[Successfully clicked on ACCIVAL - REPO (107200) checkbox level 1 option on tree.]]>
    </line>
    <line>
      <![CDATA[Successfully waited for APEMCT-HK (102147) checkbox level 1 to be present on page]]>
    </line>
    <line>
      <![CDATA[Successfully clicked on APEMCT-HK (102147) checkbox level 1 option on tree.]]>
    </line>
    <line>
      <![CDATA[Successfully clicked on Close Icon Add Rule Pop Up element.]]>
    </line>
    <line>
      <![CDATA[Successfully waited for ACCIVAL - REPO (107200) filter on Home Page to be present on page]]>
    </line>
    <line>
      <![CDATA[Successfully waited for APEMCT-HK (102147) filter on Home Page to be present on page]]>
    </line>
    <line>
      <![CDATA[SanityTC28 is PASS]]>
    </line>
    <line>
      <![CDATA[Successfully waited for Button Add Rule to be present on page]]>
    </line>
    <line>
      <![CDATA[Successfully clicked on Button Add Rule element.]]>
    </line>
    <line>
      <![CDATA[Successfully waited for Icon Forward to be present on page]]>
    </line>
    <line>
      <![CDATA[Successfully clicked on Exclude Liquidity Management checkbox option on tree.]]>
    </line>
    <line>
      <![CDATA[Successfully clicked on Close Icon Add Rule Pop Up element.]]>
    </line>
    <line>
      <![CDATA[Successfully waited for Yes radio button Exclude Liquidity Management to be present on page]]>
    </line>
    <line>
      <![CDATA[Successfully clicked on Yes radio button Exclude Liquidity Management option on tree.]]>
    </line>
    <line>
      <![CDATA[Successfully waited for Review Icon to be present on page]]>
    </line>
    <line>
      <![CDATA[Successfully clicked on Review Icon element.]]>
    </line>
    <line>
      <![CDATA[Top Exposures pop up header not present on page]]>
    </line>
    <line>
      <![CDATA[SanityTC29 is FAIL]]>
    </line>
    <line>
      <![CDATA[Successfully waited for Button Add Rule to be present on page]]>
    </line>
    <line>
      <![CDATA[Successfully clicked on Button Add Rule element.]]>
    </line>
    <line>
      <![CDATA[Successfully waited for Icon Forward to be present on page]]>
    </line>
    <line>
      <![CDATA[Successfully clicked on Level 3 Client Owner checkbox option on tree.]]>
    </line>
    <line>
      <![CDATA[Successfully clicked on Close Icon Add Rule Pop Up element.]]>
    </line>
    <line>
      <![CDATA[Successfully waited for Add Icon to be present on page]]>
    </line>
    <line>
      <![CDATA[Successfully clicked on Add Icon element.]]>
    </line>
    <line>
      <![CDATA[Successfully waited for CITI checkbox level 1 to be present on page]]>
    </line>
    <line>
      <![CDATA[Successfully clicked on CITI checkbox level 1 option on tree.]]>
    </line>
    <line>
      <![CDATA[Successfully clicked on Close Icon Add Rule Pop Up element.]]>
    </line>
    <line>
      <![CDATA[Successfully waited for CITI filter on Home Page to be present on page]]>
    </line>
    <line>
      <![CDATA[SanityTC3 is PASS]]>
    </line>
    <line>
      <![CDATA[Successfully waited for Button Add Rule to be present on page]]>
    </line>
    <line>
      <![CDATA[Successfully clicked on Button Add Rule element.]]>
    </line>
    <line>
      <![CDATA[Successfully waited for Icon Forward to be present on page]]>
    </line>
    <line>
      <![CDATA[Successfully clicked on Extending Unit - Geography checkbox option on tree.]]>
    </line>
    <line>
      <![CDATA[Successfully clicked on Close Icon Add Rule Pop Up element.]]>
    </line>
    <line>
      <![CDATA[Successfully waited for Add Icon to be present on page]]>
    </line>
    <line>
      <![CDATA[Successfully clicked on Add Icon element.]]>
    </line>
    <line>
      <![CDATA[Successfully waited for EMEA checkbox level 1 to be present on page]]>
    </line>
    <line>
      <![CDATA[Successfully clicked on EMEA checkbox level 1 option on tree.]]>
    </line>
    <line>
      <![CDATA[Successfully waited for Level 1 Next Button to be present on page]]>
    </line>
    <line>
      <![CDATA[Successfully clicked on Level 1 Next Button option on tree.]]>
    </line>
    <line>
      <![CDATA[Successfully waited for ISRAEL checkbox level 2 to be present on page]]>
    </line>
    <line>
      <![CDATA[Successfully clicked on ISRAEL checkbox level 2 option on tree.]]>
    </line>
    <line>
      <![CDATA[Successfully waited for Level 2 Next Button to be present on page]]>
    </line>
    <line>
      <![CDATA[Successfully clicked on Level 2 Next Button option on tree.]]>
    </line>
    <line>
      <![CDATA[Successfully waited for ISRAEL checkbox level 3 to be present on page]]>
    </line>
    <line>
      <![CDATA[Successfully clicked on ISRAEL checkbox level 3 option on tree.]]>
    </line>
    <line>
      <![CDATA[Successfully waited for Level 3 Next Button to be present on page]]>
    </line>
    <line>
      <![CDATA[Successfully clicked on Level 3 Next Button option on tree.]]>
    </line>
    <line>
      <![CDATA[Successfully waited for ISRAEL checkbox level 4 to be present on page]]>
    </line>
    <line>
      <![CDATA[Successfully clicked on ISRAEL checkbox level 4 option on tree.]]>
    </line>
    <line>
      <![CDATA[Successfully clicked on Button Close Pop Up element.]]>
    </line>
    <line>
      <![CDATA[Successfully waited for ISRAEL filter on Home Page to be present on page]]>
    </line>
    <line>
      <![CDATA[SanityTC30 is PASS]]>
    </line>
    <line>
      <![CDATA[Successfully waited for Button Add Rule to be present on page]]>
    </line>
    <line>
      <![CDATA[Successfully clicked on Button Add Rule element.]]>
    </line>
    <line>
      <![CDATA[Successfully waited for Icon Forward to be present on page]]>
    </line>
    <line>
      <![CDATA[Successfully clicked on Credit Program Specialized Product Name checkbox option on tree.]]>
    </line>
    <line>
      <![CDATA[Successfully clicked on Close Icon Add Rule Pop Up element.]]>
    </line>
    <line>
      <![CDATA[Successfully waited for Add Icon to be present on page]]>
    </line>
    <line>
      <![CDATA[Successfully clicked on Add Icon element.]]>
    </line>
    <line>
      <![CDATA[Successfully waited for BILLS NEGOTIATED checkbox level 1 to be present on page]]>
    </line>
    <line>
      <![CDATA[Successfully clicked on BILLS NEGOTIATED checkbox level 1 option on tree.]]>
    </line>
    <line>
      <![CDATA[Successfully waited for CHEQUES PURCHASED checkbox level 1 to be present on page]]>
    </line>
    <line>
      <![CDATA[Successfully clicked on CHEQUES PURCHASED checkbox level 1 option on tree.]]>
    </line>
    <line>
      <![CDATA[Successfully clicked on Close Icon Add Rule Pop Up element.]]>
    </line>
    <line>
      <![CDATA[Successfully waited for BILLS NEGOTIATED filter on Home Page to be present on page]]>
    </line>
    <line>
      <![CDATA[Successfully waited for CHEQUES PURCHASED filter on Home Page to be present on page]]>
    </line>
    <line>
      <![CDATA[SanityTC31 is PASS]]>
    </line>
    <line>
      <![CDATA[Successfully waited for Button Add Rule to be present on page]]>
    </line>
    <line>
      <![CDATA[Successfully clicked on Button Add Rule element.]]>
    </line>
    <line>
      <![CDATA[Successfully waited for Icon Forward to be present on page]]>
    </line>
    <line>
      <![CDATA[Successfully clicked on Long Description checkbox option on tree.]]>
    </line>
    <line>
      <![CDATA[Successfully clicked on Close Icon Add Rule Pop Up element.]]>
    </line>
    <line>
      <![CDATA[Successfully waited for Add Icon to be present on page]]>
    </line>
    <line>
      <![CDATA[Successfully clicked on Add Icon element.]]>
    </line>
    <line>
      <![CDATA[Successfully waited for BILLS NEGOTIATED checkbox level 1 to be present on page]]>
    </line>
    <line>
      <![CDATA[Successfully clicked on BILLS NEGOTIATED checkbox level 1 option on tree.]]>
    </line>
    <line>
      <![CDATA[Successfully waited for CHEQUES PURCHASED checkbox level 1 to be present on page]]>
    </line>
    <line>
      <![CDATA[Successfully clicked on CHEQUES PURCHASED checkbox level 1 option on tree.]]>
    </line>
    <line>
      <![CDATA[Successfully clicked on Close Icon Add Rule Pop Up element.]]>
    </line>
    <line>
      <![CDATA[Successfully waited for BILLS NEGOTIATED filter on Home Page to be present on page]]>
    </line>
    <line>
      <![CDATA[Successfully waited for CHEQUES PURCHASED filter on Home Page to be present on page]]>
    </line>
    <line>
      <![CDATA[SanityTC32 is PASS]]>
    </line>
    <line>
      <![CDATA[Successfully waited for Button Add Rule to be present on page]]>
    </line>
    <line>
      <![CDATA[Successfully clicked on Button Add Rule element.]]>
    </line>
    <line>
      <![CDATA[Successfully waited for Icon Forward to be present on page]]>
    </line>
    <line>
      <![CDATA[Successfully clicked on Include Intercompany checkbox option on tree.]]>
    </line>
    <line>
      <![CDATA[Successfully clicked on Close Icon Add Rule Pop Up element.]]>
    </line>
    <line>
      <![CDATA[Successfully waited for Yes radio button Include Intercompany to be present on page]]>
    </line>
    <line>
      <![CDATA[Successfully clicked on Yes radio button Include Intercompany option on tree.]]>
    </line>
    <line>
      <![CDATA[Successfully waited for Review Icon to be present on page]]>
    </line>
    <line>
      <![CDATA[Successfully clicked on Review Icon element.]]>
    </line>
    <line>
      <![CDATA[Successfully waited for Top Exposures pop up header to be present on page]]>
    </line>
    <line>
      <![CDATA[Successfully waited for Top Exposures pop up first cell data to be present on page]]>
    </line>
    <line>
      <![CDATA[SanityTC33 is PASS]]>
    </line>
    <line>
      <![CDATA[Successfully waited for Button Add Rule to be present on page]]>
    </line>
    <line>
      <![CDATA[Successfully clicked on Button Add Rule element.]]>
    </line>
    <line>
      <![CDATA[Successfully waited for Icon Forward to be present on page]]>
    </line>
    <line>
      <![CDATA[Successfully clicked on Include Leveraged Lending Exposures checkbox option on tree.]]>
    </line>
    <line>
      <![CDATA[Successfully clicked on Close Icon Add Rule Pop Up element.]]>
    </line>
    <line>
      <![CDATA[Successfully waited for Add Icon to be present on page]]>
    </line>
    <line>
      <![CDATA[Successfully clicked on Add Icon element.]]>
    </line>
    <line>
      <![CDATA[Successfully waited for Direct Leveraged Lending, Core Dive checkbox level 1 to be present on page]]>
    </line>
    <line>
      <![CDATA[Successfully clicked on Direct Leveraged Lending, Core Dive checkbox level 1 option on tree.]]>
    </line>
    <line>
      <![CDATA[Successfully clicked on Close Icon Add Rule Pop Up element.]]>
    </line>
    <line>
      <![CDATA[Successfully waited for Direct Leveraged Lending, Core Dive filter on Home Page to be present on page]]>
    </line>
    <line>
      <![CDATA[SanityTC34 is PASS]]>
    </line>
    <line>
      <![CDATA[Successfully waited for Button Add Rule to be present on page]]>
    </line>
    <line>
      <![CDATA[Successfully clicked on Button Add Rule element.]]>
    </line>
    <line>
      <![CDATA[Successfully waited for Icon Forward to be present on page]]>
    </line>
    <line>
      <![CDATA[Successfully clicked on Product Program checkbox option on tree.]]>
    </line>
    <line>
      <![CDATA[Successfully clicked on Close Icon Add Rule Pop Up element.]]>
    </line>
    <line>
      <![CDATA[Successfully waited for Add Icon to be present on page]]>
    </line>
    <line>
      <![CDATA[Successfully clicked on Add Icon element.]]>
    </line>
    <line>
      <![CDATA[Successfully waited for Law Firm Finance checkbox level 1 to be present on page]]>
    </line>
    <line>
      <![CDATA[Successfully clicked on Law Firm Finance checkbox level 1 option on tree.]]>
    </line>
    <line>
      <![CDATA[Successfully waited for Lawyer Financing checkbox level 1 to be present on page]]>
    </line>
    <line>
      <![CDATA[Successfully clicked on Lawyer Financing checkbox level 1 option on tree.]]>
    </line>
    <line>
      <![CDATA[Successfully clicked on Close Icon Add Rule Pop Up element.]]>
    </line>
    <line>
      <![CDATA[Successfully waited for Law Firm Finance filter on Home Page to be present on page]]>
    </line>
    <line>
      <![CDATA[Successfully waited for Lawyer Financing filter on Home Page to be present on page]]>
    </line>
    <line>
      <![CDATA[SanityTC35 is PASS]]>
    </line>
    <line>
      <![CDATA[Successfully waited for Button Add Rule to be present on page]]>
    </line>
    <line>
      <![CDATA[Successfully clicked on Button Add Rule element.]]>
    </line>
    <line>
      <![CDATA[Successfully waited for Icon Forward to be present on page]]>
    </line>
    <line>
      <![CDATA[Successfully clicked on Exclude Fronting checkbox option on tree.]]>
    </line>
    <line>
      <![CDATA[Successfully clicked on Close Icon Add Rule Pop Up element.]]>
    </line>
    <line>
      <![CDATA[Successfully waited for Yes radio button Exclude Fronting to be present on page]]>
    </line>
    <line>
      <![CDATA[Successfully clicked on Yes radio button Exclude Fronting option on tree.]]>
    </line>
    <line>
      <![CDATA[Successfully waited for Review Icon to be present on page]]>
    </line>
    <line>
      <![CDATA[Successfully clicked on Review Icon element.]]>
    </line>
    <line>
      <![CDATA[Successfully waited for Top Exposures pop up header to be present on page]]>
    </line>
    <line>
      <![CDATA[Successfully waited for Top Exposures pop up first cell data to be present on page]]>
    </line>
    <line>
      <![CDATA[SanityTC4 is PASS]]>
    </line>
    <line>
      <![CDATA[Successfully waited for Button Add Rule to be present on page]]>
    </line>
    <line>
      <![CDATA[Successfully clicked on Button Add Rule element.]]>
    </line>
    <line>
      <![CDATA[Successfully waited for Icon Forward to be present on page]]>
    </line>
    <line>
      <![CDATA[Successfully clicked on Legal Vehicle checkbox option on tree.]]>
    </line>
    <line>
      <![CDATA[Successfully clicked on Close Icon Add Rule Pop Up element.]]>
    </line>
    <line>
      <![CDATA[Successfully waited for Add Icon to be present on page]]>
    </line>
    <line>
      <![CDATA[Successfully clicked on Add Icon element.]]>
    </line>
    <line>
      <![CDATA[Successfully waited for 089ELIM (EM090) checkbox level 1 to be present on page]]>
    </line>
    <line>
      <![CDATA[Successfully clicked on 089ELIM (EM090) checkbox level 1 option on tree.]]>
    </line>
    <line>
      <![CDATA[Successfully clicked on Close Icon Add Rule Pop Up element.]]>
    </line>
    <line>
      <![CDATA[Successfully waited for 089ELIM (EM090) filter on Home Page to be present on page]]>
    </line>
    <line>
      <![CDATA[SanityTC5 is PASS]]>
    </line>
    <line>
      <![CDATA[Successfully waited for Button Add Rule to be present on page]]>
    </line>
    <line>
      <![CDATA[Successfully clicked on Button Add Rule element.]]>
    </line>
    <line>
      <![CDATA[Successfully waited for Icon Forward to be present on page]]>
    </line>
    <line>
      <![CDATA[Successfully clicked on Legal Entity checkbox option on tree.]]>
    </line>
    <line>
      <![CDATA[Successfully clicked on Close Icon Add Rule Pop Up element.]]>
    </line>
    <line>
      <![CDATA[Successfully waited for Add Icon to be present on page]]>
    </line>
    <line>
      <![CDATA[Successfully clicked on Add Icon element.]]>
    </line>
    <line>
      <![CDATA[Successfully waited for AO CITIBANK (1001349844) checkbox level 1 to be present on page]]>
    </line>
    <line>
      <![CDATA[Successfully clicked on AO CITIBANK (1001349844) checkbox level 1 option on tree.]]>
    </line>
    <line>
      <![CDATA[Successfully clicked on Close Icon Add Rule Pop Up element.]]>
    </line>
    <line>
      <![CDATA[Successfully waited for AO CITIBANK (1001349844) filter on Home Page to be present on page]]>
    </line>
    <line>
      <![CDATA[SanityTC6 is PASS]]>
    </line>
    <line>
      <![CDATA[Successfully waited for Button Add Rule to be present on page]]>
    </line>
    <line>
      <![CDATA[Successfully clicked on Button Add Rule element.]]>
    </line>
    <line>
      <![CDATA[Successfully waited for Icon Forward to be present on page]]>
    </line>
    <line>
      <![CDATA[Successfully clicked on Management Product Level checkbox option on tree.]]>
    </line>
    <line>
      <![CDATA[Successfully clicked on Close Icon Add Rule Pop Up element.]]>
    </line>
    <line>
      <![CDATA[Successfully waited for Add Icon to be present on page]]>
    </line>
    <line>
      <![CDATA[Successfully clicked on Add Icon element.]]>
    </line>
    <line>
      <![CDATA[Successfully waited for Commodities (20200990000) checkbox level 1 to be present on page]]>
    </line>
    <line>
      <![CDATA[Successfully clicked on Commodities (20200990000) checkbox level 1 option on tree.]]>
    </line>
    <line>
      <![CDATA[Successfully clicked on Close Icon Add Rule Pop Up element.]]>
    </line>
    <line>
      <![CDATA[Successfully waited for Commodities (20200990000) filter on Home Page to be present on page]]>
    </line>
    <line>
      <![CDATA[SanityTC7 is PASS]]>
    </line>
    <line>
      <![CDATA[Successfully waited for Button Add Rule to be present on page]]>
    </line>
    <line>
      <![CDATA[Successfully clicked on Button Add Rule element.]]>
    </line>
    <line>
      <![CDATA[Successfully waited for Icon Forward to be present on page]]>
    </line>
    <line>
      <![CDATA[Successfully clicked on Managed Segment checkbox option on tree.]]>
    </line>
    <line>
      <![CDATA[Successfully clicked on Close Icon Add Rule Pop Up element.]]>
    </line>
    <line>
      <![CDATA[Successfully waited for Add Icon to be present on page]]>
    </line>
    <line>
      <![CDATA[Successfully clicked on Add Icon element.]]>
    </line>
    <line>
      <![CDATA[Successfully waited for Admin [L6] (23920) checkbox level 1 to be present on page]]>
    </line>
    <line>
      <![CDATA[Successfully clicked on Admin [L6] (23920) checkbox level 1 option on tree.]]>
    </line>
    <line>
      <![CDATA[Successfully clicked on Close Icon Add Rule Pop Up element.]]>
    </line>
    <line>
      <![CDATA[Successfully waited for Admin [L6] (23920) filter on Home Page to be present on page]]>
    </line>
    <line>
      <![CDATA[SanityTC8 is PASS]]>
    </line>
    <line>
      <![CDATA[Successfully waited for Button Add Rule to be present on page]]>
    </line>
    <line>
      <![CDATA[Successfully clicked on Button Add Rule element.]]>
    </line>
    <line>
      <![CDATA[Successfully waited for Icon Forward to be present on page]]>
    </line>
    <line>
      <![CDATA[Successfully clicked on OS GOC Managed Segment L6 Name checkbox option on tree.]]>
    </line>
    <line>
      <![CDATA[Successfully clicked on Close Icon Add Rule Pop Up element.]]>
    </line>
    <line>
      <![CDATA[Successfully waited for Add Icon to be present on page]]>
    </line>
    <line>
      <![CDATA[Successfully clicked on Add Icon element.]]>
    </line>
    <line>
      <![CDATA[Successfully waited for CAO O&T Admin [L6] (23417) checkbox level 1 to be present on page]]>
    </line>
    <line>
      <![CDATA[Successfully clicked on CAO O&T Admin [L6] (23417) checkbox level 1 option on tree.]]>
    </line>
    <line>
      <![CDATA[Successfully clicked on Close Icon Add Rule Pop Up element.]]>
    </line>
    <line>
      <![CDATA[Successfully waited for CAO O&T Admin [L6] (23417) filter on Home Page to be present on page]]>
    </line>
    <line>
      <![CDATA[SanityTC9 is PASS]]>
    </line>
  </reporter-output>
  <suite name="Sanity" duration-ms="871648" started-at="2018-09-27T08:12:21Z" finished-at="2018-09-27T08:26:53Z">
    <groups>
    </groups>
    <test name="Sanity1" duration-ms="871648" started-at="2018-09-27T08:12:21Z" finished-at="2018-09-27T08:26:53Z">
      <class name="testcases.Sanity">
        <test-method status="PASS" signature="setUp()[pri:0, instance:testcases.Sanity@2b552920]" name="setUp" is-config="true" duration-ms="476" started-at="2018-09-27T04:12:21Z" finished-at="2018-09-27T04:12:22Z">
          <reporter-output>
          </reporter-output>
        </test-method> <!-- setUp -->
        <test-method status="PASS" signature="SanityTC1(java.util.LinkedHashMap)[pri:0, instance:testcases.Sanity@2b552920]" name="SanityTC1" duration-ms="25471" started-at="2018-09-27T04:12:22Z" data-provider="Sanity" finished-at="2018-09-27T04:12:47Z">
          <params>
            <param index="0">
              <value>
                <![CDATA[{TestCaseName=Control Unit - Geography, CaseToRun=Y, Module=Portfolio, Pass/Fail/Skip=, AddRule=Control Unit - Geography, Level1=Latin America|Brazil|Brazil|BRAZIL, Filtername=, TestCaseDescription =check whether data is fetched from the backend service, Steps to execute=Click Add Rule, select Control Unit - Geography. Level 1 - Latin America, Level 2 - Brazil, Level 3 - Brazil, Level 4 _- Brazil, ExpectedResult=Level 1 - Latin America
Level 2 - Brazil 
Level 3 - Brazil 
Level 4 - Brazil}]]>
              </value>
            </param>
          </params>
          <reporter-output>
            <line>
              <![CDATA[Successfully waited for Button Add Rule to be present on page]]>
            </line>
            <line>
              <![CDATA[Successfully clicked on Button Add Rule element.]]>
            </line>
            <line>
              <![CDATA[Successfully waited for Icon Forward to be present on page]]>
            </line>
            <line>
              <![CDATA[Successfully clicked on Control Unit - Geography checkbox option on tree.]]>
            </line>
            <line>
              <![CDATA[Successfully clicked on Close Icon Add Rule Pop Up element.]]>
            </line>
            <line>
              <![CDATA[Successfully waited for Add Icon to be present on page]]>
            </line>
            <line>
              <![CDATA[Successfully clicked on Add Icon element.]]>
            </line>
            <line>
              <![CDATA[Successfully waited for Latin America checkbox level 1 to be present on page]]>
            </line>
            <line>
              <![CDATA[Successfully clicked on Latin America checkbox level 1 option on tree.]]>
            </line>
            <line>
              <![CDATA[Successfully waited for Level 1 Next Button to be present on page]]>
            </line>
            <line>
              <![CDATA[Successfully clicked on Level 1 Next Button option on tree.]]>
            </line>
            <line>
              <![CDATA[Successfully waited for Brazil checkbox level 2 to be present on page]]>
            </line>
            <line>
              <![CDATA[Successfully clicked on Brazil checkbox level 2 option on tree.]]>
            </line>
            <line>
              <![CDATA[Successfully waited for Level 2 Next Button to be present on page]]>
            </line>
            <line>
              <![CDATA[Successfully clicked on Level 2 Next Button option on tree.]]>
            </line>
            <line>
              <![CDATA[Successfully waited for Brazil checkbox level 3 to be present on page]]>
            </line>
            <line>
              <![CDATA[Successfully clicked on Brazil checkbox level 3 option on tree.]]>
            </line>
            <line>
              <![CDATA[Successfully waited for Level 3 Next Button to be present on page]]>
            </line>
            <line>
              <![CDATA[Successfully clicked on Level 3 Next Button option on tree.]]>
            </line>
            <line>
              <![CDATA[Successfully waited for BRAZIL checkbox level 4 to be present on page]]>
            </line>
            <line>
              <![CDATA[Successfully clicked on BRAZIL checkbox level 4 option on tree.]]>
            </line>
            <line>
              <![CDATA[Successfully clicked on Button Close Pop Up element.]]>
            </line>
            <line>
              <![CDATA[Successfully waited for BRAZIL filter on Home Page to be present on page]]>
            </line>
          </reporter-output>
        </test-method> <!-- SanityTC1 -->
        <test-method status="PASS" signature="reporterDataResults(org.testng.ITestResult)[pri:0, instance:testcases.Sanity@2b552920]" name="reporterDataResults" is-config="true" duration-ms="617" started-at="2018-09-27T04:12:47Z" finished-at="2018-09-27T04:12:48Z">
          <params>
            <param index="0">
              <value>
                <![CDATA[[TestResult name=SanityTC1 status=SUCCESS method=Sanity.SanityTC1(java.util.LinkedHashMap)[pri:0, instance:testcases.Sanity@2b552920] output=Successfully waited for Button Add Rule to be present on page]]]>
              </value>
            </param>
          </params>
          <reporter-output>
            <line>
              <![CDATA[SanityTC1 is PASS]]>
            </line>
          </reporter-output>
        </test-method> <!-- reporterDataResults -->
        <test-method status="PASS" signature="SanityTC10(java.util.LinkedHashMap)[pri:0, instance:testcases.Sanity@2b552920]" name="SanityTC10" duration-ms="13565" started-at="2018-09-27T04:12:48Z" data-provider="Sanity" finished-at="2018-09-27T04:13:02Z">
          <params>
            <param index="0">
              <value>
                <![CDATA[{TestCaseName=Portfolio Business Segment (PBS), CaseToRun=Y, Module=Portfolio, Pass/Fail/Skip=, AddRule=Portfolio Business Segment (PBS), Level1=, Filtername=TREASURY, TestCaseDescription =check whether data is fetched from the backend service, Steps to execute=1.Click Add Rule
2. Select "Portfolio Business Segment (PBS)" from Exposure Category
3. Click Add filters (+) and select "TREASURY", ExpectedResult=Portfolio Business Segment (PBS) Dialog should have the value 
TREASURY}]]>
              </value>
            </param>
          </params>
          <reporter-output>
            <line>
              <![CDATA[Successfully waited for Button Add Rule to be present on page]]>
            </line>
            <line>
              <![CDATA[Successfully clicked on Button Add Rule element.]]>
            </line>
            <line>
              <![CDATA[Successfully waited for Icon Forward to be present on page]]>
            </line>
            <line>
              <![CDATA[Successfully clicked on Portfolio Business Segment (PBS) checkbox option on tree.]]>
            </line>
            <line>
              <![CDATA[Successfully clicked on Close Icon Add Rule Pop Up element.]]>
            </line>
            <line>
              <![CDATA[Successfully waited for Add Icon to be present on page]]>
            </line>
            <line>
              <![CDATA[Successfully clicked on Add Icon element.]]>
            </line>
            <line>
              <![CDATA[Successfully waited for TREASURY checkbox level 1 to be present on page]]>
            </line>
            <line>
              <![CDATA[Successfully clicked on TREASURY checkbox level 1 option on tree.]]>
            </line>
            <line>
              <![CDATA[Successfully clicked on Close Icon Add Rule Pop Up element.]]>
            </line>
            <line>
              <![CDATA[Successfully waited for TREASURY filter on Home Page to be present on page]]>
            </line>
          </reporter-output>
        </test-method> <!-- SanityTC10 -->
        <test-method status="PASS" signature="reporterDataResults(org.testng.ITestResult)[pri:0, instance:testcases.Sanity@2b552920]" name="reporterDataResults" is-config="true" duration-ms="610" started-at="2018-09-27T04:13:02Z" finished-at="2018-09-27T04:13:02Z">
          <params>
            <param index="0">
              <value>
                <![CDATA[[TestResult name=SanityTC10 status=SUCCESS method=Sanity.SanityTC10(java.util.LinkedHashMap)[pri:0, instance:testcases.Sanity@2b552920] output=Successfully waited for Button Add Rule to be present on page]]]>
              </value>
            </param>
          </params>
          <reporter-output>
            <line>
              <![CDATA[SanityTC10 is PASS]]>
            </line>
          </reporter-output>
        </test-method> <!-- reporterDataResults -->
        <test-method status="PASS" signature="SanityTC11(java.util.LinkedHashMap)[pri:0, instance:testcases.Sanity@2b552920]" name="SanityTC11" duration-ms="23547" started-at="2018-09-27T04:13:02Z" data-provider="Sanity" finished-at="2018-09-27T04:13:26Z">
          <params>
            <param index="0">
              <value>
                <![CDATA[{TestCaseName=GFMIS Product , CaseToRun=Y, Module=Portfolio, Pass/Fail/Skip=, AddRule=GFMIS Product, Level1=Best Efforts Distribution|Best Efforts Distribution|Best Efforts Distribution|Best Efforts Distribution, Filtername=, TestCaseDescription =check whether data is fetched from the backend service, Steps to execute=1.Click Add Rule
2. Select "GFMIS Product " from Exposure Category
3. Click Add filters (+) and select "Best Efforts Distribution" in all 4 levels, ExpectedResult=GFMIS Product Dialog should have the value 
Level1 - Best Efforts Distribution
Level2 - Best Efforts Distribution
Level3 - Best Efforts Distribution
Level4 - Best Efforts Distribution}]]>
              </value>
            </param>
          </params>
          <reporter-output>
            <line>
              <![CDATA[Successfully waited for Button Add Rule to be present on page]]>
            </line>
            <line>
              <![CDATA[Successfully clicked on Button Add Rule element.]]>
            </line>
            <line>
              <![CDATA[Successfully waited for Icon Forward to be present on page]]>
            </line>
            <line>
              <![CDATA[Successfully clicked on GFMIS Product checkbox option on tree.]]>
            </line>
            <line>
              <![CDATA[Successfully clicked on Close Icon Add Rule Pop Up element.]]>
            </line>
            <line>
              <![CDATA[Successfully waited for Add Icon to be present on page]]>
            </line>
            <line>
              <![CDATA[Successfully clicked on Add Icon element.]]>
            </line>
            <line>
              <![CDATA[Successfully waited for Best Efforts Distribution checkbox level 1 to be present on page]]>
            </line>
            <line>
              <![CDATA[Successfully clicked on Best Efforts Distribution checkbox level 1 option on tree.]]>
            </line>
            <line>
              <![CDATA[Successfully waited for Level 1 Next Button to be present on page]]>
            </line>
            <line>
              <![CDATA[Successfully clicked on Level 1 Next Button option on tree.]]>
            </line>
            <line>
              <![CDATA[Successfully waited for Best Efforts Distribution checkbox level 2 to be present on page]]>
            </line>
            <line>
              <![CDATA[Successfully clicked on Best Efforts Distribution checkbox level 2 option on tree.]]>
            </line>
            <line>
              <![CDATA[Successfully waited for Level 2 Next Button to be present on page]]>
            </line>
            <line>
              <![CDATA[Successfully clicked on Level 2 Next Button option on tree.]]>
            </line>
            <line>
              <![CDATA[Successfully waited for Best Efforts Distribution checkbox level 3 to be present on page]]>
            </line>
            <line>
              <![CDATA[Successfully clicked on Best Efforts Distribution checkbox level 3 option on tree.]]>
            </line>
            <line>
              <![CDATA[Successfully waited for Level 3 Next Button to be present on page]]>
            </line>
            <line>
              <![CDATA[Successfully clicked on Level 3 Next Button option on tree.]]>
            </line>
            <line>
              <![CDATA[Successfully waited for Best Efforts Distribution checkbox level 4 to be present on page]]>
            </line>
            <line>
              <![CDATA[Successfully clicked on Best Efforts Distribution checkbox level 4 option on tree.]]>
            </line>
            <line>
              <![CDATA[Successfully clicked on Button Close Pop Up element.]]>
            </line>
            <line>
              <![CDATA[Successfully waited for Best Efforts Distribution filter on Home Page to be present on page]]>
            </line>
          </reporter-output>
        </test-method> <!-- SanityTC11 -->
        <test-method status="PASS" signature="reporterDataResults(org.testng.ITestResult)[pri:0, instance:testcases.Sanity@2b552920]" name="reporterDataResults" is-config="true" duration-ms="611" started-at="2018-09-27T04:13:26Z" finished-at="2018-09-27T04:13:26Z">
          <params>
            <param index="0">
              <value>
                <![CDATA[[TestResult name=SanityTC11 status=SUCCESS method=Sanity.SanityTC11(java.util.LinkedHashMap)[pri:0, instance:testcases.Sanity@2b552920] output=Successfully waited for Button Add Rule to be present on page]]]>
              </value>
            </param>
          </params>
          <reporter-output>
            <line>
              <![CDATA[SanityTC11 is PASS]]>
            </line>
          </reporter-output>
        </test-method> <!-- reporterDataResults -->
        <test-method status="PASS" signature="SanityTC12(java.util.LinkedHashMap)[pri:0, instance:testcases.Sanity@2b552920]" name="SanityTC12" duration-ms="28504" started-at="2018-09-27T04:13:26Z" data-provider="Sanity" finished-at="2018-09-27T04:13:55Z">
          <params>
            <param index="0">
              <value>
                <![CDATA[{TestCaseName=GOC, CaseToRun=Y, Module=Portfolio, Pass/Fail/Skip=, AddRule=GOC, Level1=, Filtername=#06-0012 AVON CO (EO27060012), TestCaseDescription =check whether data is fetched from the backend service, Steps to execute=1.Click Add Rule
2. Select GOC from Exposure Category
3. Click Add filters (+) and select "#06-0012 AVON CO (EO27060012)", ExpectedResult=GOC Dialog should have the value 
#06-0012 AVON CO (EO27060012)}]]>
              </value>
            </param>
          </params>
          <reporter-output>
            <line>
              <![CDATA[Successfully waited for Button Add Rule to be present on page]]>
            </line>
            <line>
              <![CDATA[Successfully clicked on Button Add Rule element.]]>
            </line>
            <line>
              <![CDATA[Successfully waited for Icon Forward to be present on page]]>
            </line>
            <line>
              <![CDATA[Successfully clicked on GOC checkbox option on tree.]]>
            </line>
            <line>
              <![CDATA[Successfully clicked on Close Icon Add Rule Pop Up element.]]>
            </line>
            <line>
              <![CDATA[Successfully waited for Add Icon to be present on page]]>
            </line>
            <line>
              <![CDATA[Successfully clicked on Add Icon element.]]>
            </line>
            <line>
              <![CDATA[Successfully waited for #06-0012 AVON CO (EO27060012) checkbox level 1 to be present on page]]>
            </line>
            <line>
              <![CDATA[Successfully clicked on #06-0012 AVON CO (EO27060012) checkbox level 1 option on tree.]]>
            </line>
            <line>
              <![CDATA[Successfully clicked on Close Icon Add Rule Pop Up element.]]>
            </line>
            <line>
              <![CDATA[Successfully waited for #06-0012 AVON CO (EO27060012) filter on Home Page to be present on page]]>
            </line>
          </reporter-output>
        </test-method> <!-- SanityTC12 -->
        <test-method status="PASS" signature="reporterDataResults(org.testng.ITestResult)[pri:0, instance:testcases.Sanity@2b552920]" name="reporterDataResults" is-config="true" duration-ms="613" started-at="2018-09-27T04:13:55Z" finished-at="2018-09-27T04:13:56Z">
          <params>
            <param index="0">
              <value>
                <![CDATA[[TestResult name=SanityTC12 status=SUCCESS method=Sanity.SanityTC12(java.util.LinkedHashMap)[pri:0, instance:testcases.Sanity@2b552920] output=Successfully waited for Button Add Rule to be present on page]]]>
              </value>
            </param>
          </params>
          <reporter-output>
            <line>
              <![CDATA[SanityTC12 is PASS]]>
            </line>
          </reporter-output>
        </test-method> <!-- reporterDataResults -->
        <test-method status="PASS" signature="SanityTC13(java.util.LinkedHashMap)[pri:0, instance:testcases.Sanity@2b552920]" name="SanityTC13" duration-ms="13480" started-at="2018-09-27T04:13:56Z" data-provider="Sanity" finished-at="2018-09-27T04:14:09Z">
          <params>
            <param index="0">
              <value>
                <![CDATA[{TestCaseName=GOC Enriched Country, CaseToRun=Y, Module=Portfolio, Pass/Fail/Skip=, AddRule=GOC Enriched Country, Level1=, Filtername=AUSTRALIA, TestCaseDescription =check whether data is fetched from the backend service, Steps to execute=1.Click Add Rule
2. Select "GOC Enriched Country" from Exposure Category
3. Click Add filters (+) and select "AUSTRALIA", ExpectedResult=GOC Enriched Country Dialog should have the value AUSTRALIA}]]>
              </value>
            </param>
          </params>
          <reporter-output>
            <line>
              <![CDATA[Successfully waited for Button Add Rule to be present on page]]>
            </line>
            <line>
              <![CDATA[Successfully clicked on Button Add Rule element.]]>
            </line>
            <line>
              <![CDATA[Successfully waited for Icon Forward to be present on page]]>
            </line>
            <line>
              <![CDATA[Successfully clicked on GOC Enriched Country checkbox option on tree.]]>
            </line>
            <line>
              <![CDATA[Successfully clicked on Close Icon Add Rule Pop Up element.]]>
            </line>
            <line>
              <![CDATA[Successfully waited for Add Icon to be present on page]]>
            </line>
            <line>
              <![CDATA[Successfully clicked on Add Icon element.]]>
            </line>
            <line>
              <![CDATA[Successfully waited for AUSTRALIA checkbox level 1 to be present on page]]>
            </line>
            <line>
              <![CDATA[Successfully clicked on AUSTRALIA checkbox level 1 option on tree.]]>
            </line>
            <line>
              <![CDATA[Successfully clicked on Close Icon Add Rule Pop Up element.]]>
            </line>
            <line>
              <![CDATA[Successfully waited for AUSTRALIA filter on Home Page to be present on page]]>
            </line>
          </reporter-output>
        </test-method> <!-- SanityTC13 -->
        <test-method status="PASS" signature="reporterDataResults(org.testng.ITestResult)[pri:0, instance:testcases.Sanity@2b552920]" name="reporterDataResults" is-config="true" duration-ms="838" started-at="2018-09-27T04:14:09Z" finished-at="2018-09-27T04:14:10Z">
          <params>
            <param index="0">
              <value>
                <![CDATA[[TestResult name=SanityTC13 status=SUCCESS method=Sanity.SanityTC13(java.util.LinkedHashMap)[pri:0, instance:testcases.Sanity@2b552920] output=Successfully waited for Button Add Rule to be present on page]]]>
              </value>
            </param>
          </params>
          <reporter-output>
            <line>
              <![CDATA[SanityTC13 is PASS]]>
            </line>
          </reporter-output>
        </test-method> <!-- reporterDataResults -->
        <test-method status="PASS" signature="SanityTC14(java.util.LinkedHashMap)[pri:0, instance:testcases.Sanity@2b552920]" name="SanityTC14" duration-ms="14226" started-at="2018-09-27T04:14:10Z" data-provider="Sanity" finished-at="2018-09-27T04:14:24Z">
          <params>
            <param index="0">
              <value>
                <![CDATA[{TestCaseName=Independent Risk Unit - ID , CaseToRun=Y, Module=Portfolio, Pass/Fail/Skip=, AddRule=Independent Risk Unit - ID, Level1=, Filtername=AS AGENT REPO (300171)|APEMCT-HK (102147), TestCaseDescription =check whether data is fetched from the backend service, Steps to execute=1.Click Add Rule
2. Select "Independent Risk Unit - ID" from Relationship Category
3. Click Add filters (+) and select "AS AGENT REPO (300171)" from FIRM & "APEMCT-HK (102147)" from GIRM, ExpectedResult=Independent Risk Unit - ID Dialog should have the value "AS AGENT REPO (300171)" in FIRM & "APEMCT-HK (102147)" in GIRM}]]>
              </value>
            </param>
          </params>
          <reporter-output>
            <line>
              <![CDATA[Successfully waited for Button Add Rule to be present on page]]>
            </line>
            <line>
              <![CDATA[Successfully clicked on Button Add Rule element.]]>
            </line>
            <line>
              <![CDATA[Successfully waited for Icon Forward to be present on page]]>
            </line>
            <line>
              <![CDATA[Successfully clicked on Independent Risk Unit - ID checkbox option on tree.]]>
            </line>
            <line>
              <![CDATA[Successfully clicked on Close Icon Add Rule Pop Up element.]]>
            </line>
            <line>
              <![CDATA[Successfully waited for Add Icon to be present on page]]>
            </line>
            <line>
              <![CDATA[Successfully clicked on Add Icon element.]]>
            </line>
            <line>
              <![CDATA[Successfully waited for AS AGENT REPO (300171) checkbox level 1 to be present on page]]>
            </line>
            <line>
              <![CDATA[Successfully clicked on AS AGENT REPO (300171) checkbox level 1 option on tree.]]>
            </line>
            <line>
[...]
          <params>
            <param index="0">
              <value>
                <![CDATA[{TestCaseName=Exclude Fronting, CaseToRun=Y, Module=Portfolio, Pass/Fail/Skip=PASS, AddRule=Exclude Fronting, Level1=, Filtername=, TestCaseDescription =check whether data is fetched from the backend service, Steps to execute=1.Click Add Rule
2. Select "Exclude Fronting" from Exposure Category
3. select Yes and click Review Button on the right top corner, ExpectedResult=Top Exposures dialog box should be displayed}]]>
              </value>
            </param>
          </params>
          <reporter-output>
            <line>
              <![CDATA[Successfully waited for Button Add Rule to be present on page]]>
            </line>
            <line>
              <![CDATA[Successfully clicked on Button Add Rule element.]]>
            </line>
            <line>
              <![CDATA[Successfully waited for Icon Forward to be present on page]]>
            </line>
            <line>
              <![CDATA[Successfully clicked on Exclude Fronting checkbox option on tree.]]>
            </line>
            <line>
              <![CDATA[Successfully clicked on Close Icon Add Rule Pop Up element.]]>
            </line>
            <line>
              <![CDATA[Successfully waited for Yes radio button Exclude Fronting to be present on page]]>
            </line>
            <line>
              <![CDATA[Successfully clicked on Yes radio button Exclude Fronting option on tree.]]>
            </line>
            <line>
              <![CDATA[Successfully waited for Review Icon to be present on page]]>
            </line>
            <line>
              <![CDATA[Successfully clicked on Review Icon element.]]>
            </line>
            <line>
              <![CDATA[Successfully waited for Top Exposures pop up header to be present on page]]>
            </line>
            <line>
              <![CDATA[Successfully waited for Top Exposures pop up first cell data to be present on page]]>
            </line>
          </reporter-output>
        </test-method> <!-- SanityTC4 -->
        <test-method status="PASS" signature="reporterDataResults(org.testng.ITestResult)[pri:0, instance:testcases.Sanity@2b552920]" name="reporterDataResults" is-config="true" duration-ms="647" started-at="2018-09-27T04:25:10Z" finished-at="2018-09-27T04:25:10Z">
          <params>
            <param index="0">
              <value>
                <![CDATA[[TestResult name=SanityTC4 status=SUCCESS method=Sanity.SanityTC4(java.util.LinkedHashMap)[pri:0, instance:testcases.Sanity@2b552920] output=Successfully waited for Button Add Rule to be present on page]]]>
              </value>
            </param>
          </params>
          <reporter-output>
            <line>
              <![CDATA[SanityTC4 is PASS]]>
            </line>
          </reporter-output>
        </test-method> <!-- reporterDataResults -->
        <test-method status="PASS" signature="SanityTC5(java.util.LinkedHashMap)[pri:0, instance:testcases.Sanity@2b552920]" name="SanityTC5" duration-ms="27286" started-at="2018-09-27T04:25:10Z" data-provider="Sanity" finished-at="2018-09-27T04:25:37Z">
          <params>
            <param index="0">
              <value>
                <![CDATA[{TestCaseName=Legal Vehicle , CaseToRun=Y, Module=Portfolio, Pass/Fail/Skip=, AddRule=Legal Vehicle, Level1=, Filtername=089ELIM (EM090), TestCaseDescription =check whether data is fetched from the backend service, Steps to execute=1.Click Add Rule
2. Select "Legal Vehicle" from Exposure Category
3. Click Add filters (+) and select "089ELIM (EM090)", ExpectedResult=Legal Vehicle Dialog should have the value 089ELIM (EM090)}]]>
              </value>
            </param>
          </params>
          <reporter-output>
            <line>
              <![CDATA[Successfully waited for Button Add Rule to be present on page]]>
            </line>
            <line>
              <![CDATA[Successfully clicked on Button Add Rule element.]]>
            </line>
            <line>
              <![CDATA[Successfully waited for Icon Forward to be present on page]]>
            </line>
            <line>
              <![CDATA[Successfully clicked on Legal Vehicle checkbox option on tree.]]>
            </line>
            <line>
              <![CDATA[Successfully clicked on Close Icon Add Rule Pop Up element.]]>
            </line>
            <line>
              <![CDATA[Successfully waited for Add Icon to be present on page]]>
            </line>
            <line>
              <![CDATA[Successfully clicked on Add Icon element.]]>
            </line>
            <line>
              <![CDATA[Successfully waited for 089ELIM (EM090) checkbox level 1 to be present on page]]>
            </line>
            <line>
              <![CDATA[Successfully clicked on 089ELIM (EM090) checkbox level 1 option on tree.]]>
            </line>
            <line>
              <![CDATA[Successfully clicked on Close Icon Add Rule Pop Up element.]]>
            </line>
            <line>
              <![CDATA[Successfully waited for 089ELIM (EM090) filter on Home Page to be present on page]]>
            </line>
          </reporter-output>
        </test-method> <!-- SanityTC5 -->
        <test-method status="PASS" signature="reporterDataResults(org.testng.ITestResult)[pri:0, instance:testcases.Sanity@2b552920]" name="reporterDataResults" is-config="true" duration-ms="608" started-at="2018-09-27T04:25:37Z" finished-at="2018-09-27T04:25:38Z">
          <params>
            <param index="0">
              <value>
                <![CDATA[[TestResult name=SanityTC5 status=SUCCESS method=Sanity.SanityTC5(java.util.LinkedHashMap)[pri:0, instance:testcases.Sanity@2b552920] output=Successfully waited for Button Add Rule to be present on page]]]>
              </value>
            </param>
          </params>
          <reporter-output>
            <line>
              <![CDATA[SanityTC5 is PASS]]>
            </line>
          </reporter-output>
        </test-method> <!-- reporterDataResults -->
        <test-method status="PASS" signature="SanityTC6(java.util.LinkedHashMap)[pri:0, instance:testcases.Sanity@2b552920]" name="SanityTC6" duration-ms="16273" started-at="2018-09-27T04:25:38Z" data-provider="Sanity" finished-at="2018-09-27T04:25:54Z">
          <params>
            <param index="0">
              <value>
                <![CDATA[{TestCaseName=Legal Entity, CaseToRun=Y, Module=Portfolio, Pass/Fail/Skip=, AddRule=Legal Entity, Level1=, Filtername=AO CITIBANK (1001349844), TestCaseDescription =check whether data is fetched from the backend service, Steps to execute=1.Click Add Rule
2. Select "Legal Entity" from Exposure Category
3. Click Add filters (+) and select "AO CITIBANK (1001349844)", ExpectedResult=Legal Entity Dialog should have the value AO CITIBANK (1001349844)}]]>
              </value>
            </param>
          </params>
          <reporter-output>
            <line>
              <![CDATA[Successfully waited for Button Add Rule to be present on page]]>
            </line>
            <line>
              <![CDATA[Successfully clicked on Button Add Rule element.]]>
            </line>
            <line>
              <![CDATA[Successfully waited for Icon Forward to be present on page]]>
            </line>
            <line>
              <![CDATA[Successfully clicked on Legal Entity checkbox option on tree.]]>
            </line>
            <line>
              <![CDATA[Successfully clicked on Close Icon Add Rule Pop Up element.]]>
            </line>
            <line>
              <![CDATA[Successfully waited for Add Icon to be present on page]]>
            </line>
            <line>
              <![CDATA[Successfully clicked on Add Icon element.]]>
            </line>
            <line>
              <![CDATA[Successfully waited for AO CITIBANK (1001349844) checkbox level 1 to be present on page]]>
            </line>
            <line>
              <![CDATA[Successfully clicked on AO CITIBANK (1001349844) checkbox level 1 option on tree.]]>
            </line>
            <line>
              <![CDATA[Successfully clicked on Close Icon Add Rule Pop Up element.]]>
            </line>
            <line>
              <![CDATA[Successfully waited for AO CITIBANK (1001349844) filter on Home Page to be present on page]]>
            </line>
          </reporter-output>
        </test-method> <!-- SanityTC6 -->
        <test-method status="PASS" signature="reporterDataResults(org.testng.ITestResult)[pri:0, instance:testcases.Sanity@2b552920]" name="reporterDataResults" is-config="true" duration-ms="642" started-at="2018-09-27T04:25:54Z" finished-at="2018-09-27T04:25:55Z">
          <params>
            <param index="0">
              <value>
                <![CDATA[[TestResult name=SanityTC6 status=SUCCESS method=Sanity.SanityTC6(java.util.LinkedHashMap)[pri:0, instance:testcases.Sanity@2b552920] output=Successfully waited for Button Add Rule to be present on page]]]>
              </value>
            </param>
          </params>
          <reporter-output>
            <line>
              <![CDATA[SanityTC6 is PASS]]>
            </line>
          </reporter-output>
        </test-method> <!-- reporterDataResults -->
        <test-method status="PASS" signature="SanityTC7(java.util.LinkedHashMap)[pri:0, instance:testcases.Sanity@2b552920]" name="SanityTC7" duration-ms="17531" started-at="2018-09-27T04:25:55Z" data-provider="Sanity" finished-at="2018-09-27T04:26:13Z">
          <params>
            <param index="0">
              <value>
                <![CDATA[{TestCaseName=Management Product Level, CaseToRun=Y, Module=Portfolio, Pass/Fail/Skip=, AddRule=Management Product Level, Level1=, Filtername=Commodities (20200990000), TestCaseDescription =check whether data is fetched from the backend service, Steps to execute=1.Click Add Rule
2. Select "Management Product Level" from Exposure Category
3. Click Add filters (+) and select "Commodities (20200990000)", ExpectedResult=Management Product Level Dialog should have the value Commodities (20200990000)}]]>
              </value>
            </param>
          </params>
          <reporter-output>
            <line>
              <![CDATA[Successfully waited for Button Add Rule to be present on page]]>
            </line>
            <line>
              <![CDATA[Successfully clicked on Button Add Rule element.]]>
            </line>
            <line>
              <![CDATA[Successfully waited for Icon Forward to be present on page]]>
            </line>
            <line>
              <![CDATA[Successfully clicked on Management Product Level checkbox option on tree.]]>
            </line>
            <line>
              <![CDATA[Successfully clicked on Close Icon Add Rule Pop Up element.]]>
            </line>
            <line>
              <![CDATA[Successfully waited for Add Icon to be present on page]]>
            </line>
            <line>
              <![CDATA[Successfully clicked on Add Icon element.]]>
            </line>
            <line>
              <![CDATA[Successfully waited for Commodities (20200990000) checkbox level 1 to be present on page]]>
            </line>
            <line>
              <![CDATA[Successfully clicked on Commodities (20200990000) checkbox level 1 option on tree.]]>
            </line>
            <line>
              <![CDATA[Successfully clicked on Close Icon Add Rule Pop Up element.]]>
            </line>
            <line>
              <![CDATA[Successfully waited for Commodities (20200990000) filter on Home Page to be present on page]]>
            </line>
          </reporter-output>
        </test-method> <!-- SanityTC7 -->
        <test-method status="PASS" signature="reporterDataResults(org.testng.ITestResult)[pri:0, instance:testcases.Sanity@2b552920]" name="reporterDataResults" is-config="true" duration-ms="612" started-at="2018-09-27T04:26:13Z" finished-at="2018-09-27T04:26:13Z">
          <params>
            <param index="0">
              <value>
                <![CDATA[[TestResult name=SanityTC7 status=SUCCESS method=Sanity.SanityTC7(java.util.LinkedHashMap)[pri:0, instance:testcases.Sanity@2b552920] output=Successfully waited for Button Add Rule to be present on page]]]>
              </value>
            </param>
          </params>
          <reporter-output>
            <line>
              <![CDATA[SanityTC7 is PASS]]>
            </line>
          </reporter-output>
        </test-method> <!-- reporterDataResults -->
        <test-method status="PASS" signature="SanityTC8(java.util.LinkedHashMap)[pri:0, instance:testcases.Sanity@2b552920]" name="SanityTC8" duration-ms="22428" started-at="2018-09-27T04:26:13Z" data-provider="Sanity" finished-at="2018-09-27T04:26:36Z">
          <params>
            <param index="0">
              <value>
                <![CDATA[{TestCaseName=Managed Segment , CaseToRun=Y, Module=Portfolio, Pass/Fail/Skip=, AddRule=Managed Segment, Level1=, Filtername=Admin [L6] (23920), TestCaseDescription =check whether data is fetched from the backend service, Steps to execute=1.Click Add Rule
2. Select "Managed Segment" from Exposure Category
3. Click Add filters (+) and select "Admin [L6] (23920)", ExpectedResult=Managed Segment  Dialog should have the value Admin [L6] (23920)}]]>
              </value>
            </param>
          </params>
          <reporter-output>
            <line>
              <![CDATA[Successfully waited for Button Add Rule to be present on page]]>
            </line>
            <line>
              <![CDATA[Successfully clicked on Button Add Rule element.]]>
            </line>
            <line>
              <![CDATA[Successfully waited for Icon Forward to be present on page]]>
            </line>
            <line>
              <![CDATA[Successfully clicked on Managed Segment checkbox option on tree.]]>
            </line>
            <line>
              <![CDATA[Successfully clicked on Close Icon Add Rule Pop Up element.]]>
            </line>
            <line>
              <![CDATA[Successfully waited for Add Icon to be present on page]]>
            </line>
            <line>
              <![CDATA[Successfully clicked on Add Icon element.]]>
            </line>
            <line>
              <![CDATA[Successfully waited for Admin [L6] (23920) checkbox level 1 to be present on page]]>
            </line>
            <line>
              <![CDATA[Successfully clicked on Admin [L6] (23920) checkbox level 1 option on tree.]]>
            </line>
            <line>
              <![CDATA[Successfully clicked on Close Icon Add Rule Pop Up element.]]>
            </line>
            <line>
              <![CDATA[Successfully waited for Admin [L6] (23920) filter on Home Page to be present on page]]>
            </line>
          </reporter-output>
        </test-method> <!-- SanityTC8 -->
        <test-method status="PASS" signature="reporterDataResults(org.testng.ITestResult)[pri:0, instance:testcases.Sanity@2b552920]" name="reporterDataResults" is-config="true" duration-ms="622" started-at="2018-09-27T04:26:36Z" finished-at="2018-09-27T04:26:36Z">
          <params>
            <param index="0">
              <value>
                <![CDATA[[TestResult name=SanityTC8 status=SUCCESS method=Sanity.SanityTC8(java.util.LinkedHashMap)[pri:0, instance:testcases.Sanity@2b552920] output=Successfully waited for Button Add Rule to be present on page]]]>
              </value>
            </param>
          </params>
          <reporter-output>
            <line>
              <![CDATA[SanityTC8 is PASS]]>
            </line>
          </reporter-output>
        </test-method> <!-- reporterDataResults -->
        <test-method status="PASS" signature="SanityTC9(java.util.LinkedHashMap)[pri:0, instance:testcases.Sanity@2b552920]" name="SanityTC9" duration-ms="16258" started-at="2018-09-27T04:26:36Z" data-provider="Sanity" finished-at="2018-09-27T04:26:52Z">
          <params>
            <param index="0">
              <value>
                <![CDATA[{TestCaseName=OS GOC Managed Segment L6 Name, CaseToRun=Y, Module=Portfolio, Pass/Fail/Skip=, AddRule=OS GOC Managed Segment L6 Name, Level1=, Filtername=CAO O&T Admin [L6] (23417), TestCaseDescription =check whether data is fetched from the backend service, Steps to execute=1.Click Add Rule
2. Select "OS GOC Managed Segment L6 Name" from Exposure Category
3. Click Add filters (+) and select "CAO O&T Admin [L6] (23417)", ExpectedResult=OS GOC Managed Segment L6 Name Dialog should have the value CAO O&T Admin [L6] (23417)}]]>
              </value>
            </param>
          </params>
          <reporter-output>
            <line>
              <![CDATA[Successfully waited for Button Add Rule to be present on page]]>
            </line>
            <line>
              <![CDATA[Successfully clicked on Button Add Rule element.]]>
            </line>
            <line>
              <![CDATA[Successfully waited for Icon Forward to be present on page]]>
            </line>
            <line>
              <![CDATA[Successfully clicked on OS GOC Managed Segment L6 Name checkbox option on tree.]]>
            </line>
            <line>
              <![CDATA[Successfully clicked on Close Icon Add Rule Pop Up element.]]>
            </line>
            <line>
              <![CDATA[Successfully waited for Add Icon to be present on page]]>
            </line>
            <line>
              <![CDATA[Successfully clicked on Add Icon element.]]>
            </line>
            <line>
              <![CDATA[Successfully waited for CAO O&T Admin [L6] (23417) checkbox level 1 to be present on page]]>
            </line>
            <line>
              <![CDATA[Successfully clicked on CAO O&T Admin [L6] (23417) checkbox level 1 option on tree.]]>
            </line>
            <line>
              <![CDATA[Successfully clicked on Close Icon Add Rule Pop Up element.]]>
            </line>
            <line>
              <![CDATA[Successfully waited for CAO O&T Admin [L6] (23417) filter on Home Page to be present on page]]>
            </line>
          </reporter-output>
        </test-method> <!-- SanityTC9 -->
        <test-method status="PASS" signature="reporterDataResults(org.testng.ITestResult)[pri:0, instance:testcases.Sanity@2b552920]" name="reporterDataResults" is-config="true" duration-ms="659" started-at="2018-09-27T04:26:52Z" finished-at="2018-09-27T04:26:53Z">
          <params>
            <param index="0">
              <value>
                <![CDATA[[TestResult name=SanityTC9 status=SUCCESS method=Sanity.SanityTC9(java.util.LinkedHashMap)[pri:0, instance:testcases.Sanity@2b552920] output=Successfully waited for Button Add Rule to be present on page]]]>
              </value>
            </param>
          </params>
          <reporter-output>
            <line>
              <![CDATA[SanityTC9 is PASS]]>
            </line>
          </reporter-output>
        </test-method> <!-- reporterDataResults -->
        <test-method status="PASS" signature="aftersuite()[pri:0, instance:testcases.Sanity@2b552920]" name="aftersuite" is-config="true" duration-ms="0" started-at="2018-09-27T04:26:53Z" finished-at="2018-09-27T04:26:53Z">
          <reporter-output>
          </reporter-output>
        </test-method> <!-- aftersuite -->
      </class> <!-- testcases.Sanity -->
    </test> <!-- Sanity1 -->
  </suite> <!-- Sanity -->
</testng-results>
