<?xml version="1.0" encoding="UTF-8"?>
<testng-results skipped="43" failed="0" ignored="0" total="44" passed="1">
  <reporter-output>
    <line>
      <![CDATA[Successfully waited for Button Add Rule to be present on page]]>
    </line>
    <line>
      <![CDATA[Successfully clicked on Button Add Rule element.]]>
    </line>
    <line>
      <![CDATA[Successfully waited for Filter Search to be present on page]]>
    </line>
    <line>
      <![CDATA[Successfully entered Management Product Level in Filter Search textbox.]]>
    </line>
    <line>
      <![CDATA[Successfully waited for invisibility of Add Filters Progress Bar]]>
    </line>
    <line>
      <![CDATA[Successfully clicked on Management Product Level checkbox]]>
    </line>
    <line>
      <![CDATA[Successfully clicked on Close Icon Add Rule Pop Up element.]]>
    </line>
    <line>
      <![CDATA[Successfully waited for Add Icon to be present on page]]>
    </line>
    <line>
      <![CDATA[Successfully clicked on Add Icon element.]]>
    </line>
    <line>
      <![CDATA[Successfully waited for Commercial Cards (30400100000) checkbox to be present on page]]>
    </line>
    <line>
      <![CDATA[Successfully clicked on Commercial Cards (30400100000) checkbox]]>
    </line>
    <line>
      <![CDATA[Successfully clicked on Close Icon Add Rule Pop Up element.]]>
    </line>
    <line>
      <![CDATA[Successfully waited for Commercial Cards (30400100000) filter on Home Page to be present on page]]>
    </line>
    <line>
      <![CDATA[RegTC44 is PASS]]>
    </line>
    <line>
      <![CDATA[SanityTC1 is SKIPPED]]>
    </line>
    <line>
      <![CDATA[SanityTC10 is SKIPPED]]>
    </line>
    <line>
      <![CDATA[SanityTC11 is SKIPPED]]>
    </line>
    <line>
      <![CDATA[SanityTC12 is SKIPPED]]>
    </line>
    <line>
      <![CDATA[SanityTC13 is SKIPPED]]>
    </line>
    <line>
      <![CDATA[SanityTC14 is SKIPPED]]>
    </line>
    <line>
      <![CDATA[SanityTC15 is SKIPPED]]>
    </line>
    <line>
      <![CDATA[SanityTC16 is SKIPPED]]>
    </line>
    <line>
      <![CDATA[SanityTC17 is SKIPPED]]>
    </line>
    <line>
      <![CDATA[SanityTC18 is SKIPPED]]>
    </line>
    <line>
      <![CDATA[SanityTC19 is SKIPPED]]>
    </line>
    <line>
      <![CDATA[SanityTC2 is SKIPPED]]>
    </line>
    <line>
      <![CDATA[SanityTC20 is SKIPPED]]>
    </line>
    <line>
      <![CDATA[SanityTC21 is SKIPPED]]>
    </line>
    <line>
      <![CDATA[SanityTC22 is SKIPPED]]>
    </line>
    <line>
      <![CDATA[SanityTC23 is SKIPPED]]>
    </line>
    <line>
      <![CDATA[SanityTC24 is SKIPPED]]>
    </line>
    <line>
      <![CDATA[SanityTC25 is SKIPPED]]>
    </line>
    <line>
      <![CDATA[SanityTC26 is SKIPPED]]>
    </line>
    <line>
      <![CDATA[SanityTC27 is SKIPPED]]>
    </line>
    <line>
      <![CDATA[SanityTC28 is SKIPPED]]>
    </line>
    <line>
      <![CDATA[SanityTC29 is SKIPPED]]>
    </line>
    <line>
      <![CDATA[SanityTC3 is SKIPPED]]>
    </line>
    <line>
      <![CDATA[SanityTC30 is SKIPPED]]>
    </line>
    <line>
      <![CDATA[SanityTC31 is SKIPPED]]>
    </line>
    <line>
      <![CDATA[SanityTC32 is SKIPPED]]>
    </line>
    <line>
      <![CDATA[SanityTC33 is SKIPPED]]>
    </line>
    <line>
      <![CDATA[SanityTC34 is SKIPPED]]>
    </line>
    <line>
      <![CDATA[SanityTC35 is SKIPPED]]>
    </line>
    <line>
      <![CDATA[SanityTC36 is SKIPPED]]>
    </line>
    <line>
      <![CDATA[SanityTC37 is SKIPPED]]>
    </line>
    <line>
      <![CDATA[SanityTC38 is SKIPPED]]>
    </line>
    <line>
      <![CDATA[SanityTC39 is SKIPPED]]>
    </line>
    <line>
      <![CDATA[SanityTC4 is SKIPPED]]>
    </line>
    <line>
      <![CDATA[SanityTC40 is SKIPPED]]>
    </line>
    <line>
      <![CDATA[SanityTC41 is SKIPPED]]>
    </line>
    <line>
      <![CDATA[SanityTC42 is SKIPPED]]>
    </line>
    <line>
      <![CDATA[SanityTC43 is SKIPPED]]>
    </line>
    <line>
      <![CDATA[SanityTC5 is SKIPPED]]>
    </line>
    <line>
      <![CDATA[SanityTC6 is SKIPPED]]>
    </line>
    <line>
      <![CDATA[SanityTC7 is SKIPPED]]>
    </line>
    <line>
      <![CDATA[SanityTC8 is SKIPPED]]>
    </line>
    <line>
      <![CDATA[SanityTC9 is SKIPPED]]>
    </line>
  </reporter-output>
  <suite name="Default suite" duration-ms="29300" started-at="2018-11-21T19:46:13Z" finished-at="2018-11-21T19:46:43Z">
    <groups>
    </groups>
    <test name="Default test" duration-ms="29300" started-at="2018-11-21T19:46:13Z" finished-at="2018-11-21T19:46:43Z">
      <class name="testcases.Regression">
        <test-method status="PASS" signature="setUp()[pri:0, instance:testcases.Regression@2b552920]" name="setUp" is-config="true" duration-ms="547" started-at="2018-11-21T14:46:13Z" finished-at="2018-11-21T14:46:14Z">
          <reporter-output>
          </reporter-output>
        </test-method> <!-- setUp -->
        <test-method status="PASS" signature="RegTC44(java.util.LinkedHashMap)[pri:0, instance:testcases.Regression@2b552920]" name="RegTC44" duration-ms="24739" started-at="2018-11-21T14:46:14Z" data-provider="Regression" finished-at="2018-11-21T14:46:39Z">
          <params>
            <param index="0">
              <value>
                <![CDATA[{TestCaseName=Management Product Level, CaseToRun=Y, Module=Portfolio, Pass/Fail/Skip=PASS, Category=, AddRule=Management Product Level, Level1=, Filtername=Commercial Cards (30400100000), Filtername2=, Filtername3=, VerifyChip=Commercial Cards (30400100000), TestCaseDescription =check whether data is fetched from the backend service, Steps to execute=1.Click Add Rule
2. Select "Facility Global Finance Management Information System" from Product Category
3. Click Add filters (+) and select "Best Efforts Distribution (L3 - 80100100000)".
4. Click close of the dialog
5. Chip "Best Efforts Distribution (L4 - 80100100010)" should be populated  , ExpectedResult=a.Facility Global Finance Management Information System dialog should have the value "Best Efforts Distribution (L3 - 80100100000)". 
b. Chip for "Best Efforts Distribution (L4 - 80100100010)" should be displayed in main screen}]]>
              </value>
            </param>
          </params>
          <reporter-output>
            <line>
              <![CDATA[Successfully waited for Button Add Rule to be present on page]]>
            </line>
            <line>
              <![CDATA[Successfully clicked on Button Add Rule element.]]>
            </line>
            <line>
              <![CDATA[Successfully waited for Filter Search to be present on page]]>
            </line>
            <line>
              <![CDATA[Successfully entered Management Product Level in Filter Search textbox.]]>
            </line>
            <line>
              <![CDATA[Successfully waited for invisibility of Add Filters Progress Bar]]>
            </line>
            <line>
              <![CDATA[Successfully clicked on Management Product Level checkbox]]>
            </line>
            <line>
              <![CDATA[Successfully clicked on Close Icon Add Rule Pop Up element.]]>
            </line>
            <line>
              <![CDATA[Successfully waited for Add Icon to be present on page]]>
            </line>
            <line>
              <![CDATA[Successfully clicked on Add Icon element.]]>
            </line>
            <line>
              <![CDATA[Successfully waited for Commercial Cards (30400100000) checkbox to be present on page]]>
            </line>
            <line>
              <![CDATA[Successfully clicked on Commercial Cards (30400100000) checkbox]]>
            </line>
            <line>
              <![CDATA[Successfully clicked on Close Icon Add Rule Pop Up element.]]>
            </line>
            <line>
              <![CDATA[Successfully waited for Commercial Cards (30400100000) filter on Home Page to be present on page]]>
            </line>
          </reporter-output>
        </test-method> <!-- RegTC44 -->
        <test-method status="PASS" signature="reporterDataResults(org.testng.ITestResult)[pri:0, instance:testcases.Regression@2b552920]" name="reporterDataResults" is-config="true" duration-ms="1910" started-at="2018-11-21T14:46:39Z" finished-at="2018-11-21T14:46:41Z">
          <params>
            <param index="0">
              <value>
                <![CDATA[[TestResult name=RegTC44 status=SUCCESS method=Regression.RegTC44(java.util.LinkedHashMap)[pri:0, instance:testcases.Regression@2b552920] output=Successfully waited for Button Add Rule to be present on page]]]>
              </value>
            </param>
          </params>
          <reporter-output>
            <line>
              <![CDATA[RegTC44 is PASS]]>
            </line>
          </reporter-output>
        </test-method> <!-- reporterDataResults -->
        <test-method status="SKIP" signature="SanityTC1(java.util.LinkedHashMap)[pri:0, instance:testcases.Regression@2b552920]" name="SanityTC1" duration-ms="5" started-at="2018-11-21T14:46:41Z" data-provider="Regression" finished-at="2018-11-21T14:46:41Z">
          <params>
            <param index="0">
              <value>
                <![CDATA[{TestCaseName=Independent Risk Unit Credit Organization , CaseToRun=N, Module=Portfolio, Pass/Fail/Skip=SKIP, Category=, AddRule=Independent Risk Unit Credit Organization, Level1=, Filtername=FIRM|GIRM, Filtername2=, Filtername3=, VerifyChip=, TestCaseDescription =check whether data is fetched from the backend service, Steps to execute=1.Click Add Rule
2. Select "Independent Risk Unit Credit Organization" from Business Unit Category
3. Click Add filters (+) and select "FIRM" & "GIRM", ExpectedResult="Independent Risk Unit Credit Organization" dialog should have the value "FIRM" and "GIRM"}]]>
              </value>
            </param>
          </params>
          <exception class="org.testng.SkipException">
            <message>
              <![CDATA[Independent Risk Unit Credit Organization 's CaseToRun Flag Is 'N' Or Blank. So Skipping Execution Of Independent Risk Unit Credit Organization ]]>
            </message>
            <full-stacktrace>
              <![CDATA[org.testng.SkipException: Independent Risk Unit Credit Organization 's CaseToRun Flag Is 'N' Or Blank. So Skipping Execution Of Independent Risk Unit Credit Organization 
	at testcases.Regression.SanityTC1(Regression.java:52)
	at sun.reflect.NativeMethodAccessorImpl.invoke0(Native Method)
	at sun.reflect.NativeMethodAccessorImpl.invoke(Unknown Source)
	at sun.reflect.DelegatingMethodAccessorImpl.invoke(Unknown Source)
	at java.lang.reflect.Method.invoke(Unknown Source)
	at org.testng.internal.MethodInvocationHelper.invokeMethod(MethodInvocationHelper.java:108)
	at org.testng.internal.Invoker.invokeMethod(Invoker.java:661)
	at org.testng.internal.Invoker.invokeTestMethod(Invoker.java:869)
	at org.testng.internal.Invoker.invokeTestMethods(Invoker.java:1193)
	at org.testng.internal.TestMethodWorker.invokeTestMethods(TestMethodWorker.java:126)
	at org.testng.internal.TestMethodWorker.run(TestMethodWorker.java:109)
	at org.testng.TestRunner.privateRun(TestRunner.java:744)
	at org.testng.TestRunner.run(TestRunner.java:602)
	at org.testng.SuiteRunner.runTest(SuiteRunner.java:380)
	at org.testng.SuiteRunner.runSequentially(SuiteRunner.java:375)
	at org.testng.SuiteRunner.privateRun(SuiteRunner.java:340)
	at org.testng.SuiteRunner.run(SuiteRunner.java:289)
	at org.testng.SuiteRunnerWorker.runSuite(SuiteRunnerWorker.java:52)
	at org.testng.SuiteRunnerWorker.run(SuiteRunnerWorker.java:86)
	at org.testng.TestNG.runSuitesSequentially(TestNG.java:1301)
	at org.testng.TestNG.runSuitesLocally(TestNG.java:1226)
	at org.testng.TestNG.runSuites(TestNG.java:1144)
	at org.testng.TestNG.run(TestNG.java:1115)
	at org.testng.remote.AbstractRemoteTestNG.run(AbstractRemoteTestNG.java:114)
	at org.testng.remote.RemoteTestNG.initAndRun(RemoteTestNG.java:251)
	at org.testng.remote.RemoteTestNG.main(RemoteTestNG.java:77)
]]>
            </full-stacktrace>
          </exception> <!-- org.testng.SkipException -->
          <reporter-output>
          </reporter-output>
        </test-method> <!-- SanityTC1 -->
        <test-method status="PASS" signature="reporterDataResults(org.testng.ITestResult)[pri:0, instance:testcases.Regression@2b552920]" name="reporterDataResults" is-config="true" duration-ms="1" started-at="2018-11-21T14:46:41Z" finished-at="2018-11-21T14:46:41Z">
          <params>
            <param index="0">
              <value>
                <![CDATA[[TestResult name=SanityTC1 status=SKIP method=Regression.SanityTC1(java.util.LinkedHashMap)[pri:0, instance:testcases.Regression@2b552920] output={null}]]]>
              </value>
            </param>
          </params>
          <reporter-output>
            <line>
              <![CDATA[SanityTC1 is SKIPPED]]>
            </line>
          </reporter-output>
        </test-method> <!-- reporterDataResults -->
        <test-method status="SKIP" signature="SanityTC10(java.util.LinkedHashMap)[pri:0, instance:testcases.Regression@2b552920]" name="SanityTC10" duration-ms="6" started-at="2018-11-21T14:46:41Z" data-provider="Regression" finished-at="2018-11-21T14:46:41Z">
          <params>
            <param index="0">
              <value>
                <![CDATA[{TestCaseName=Approving Unit Geography, CaseToRun=N, Module=Portfolio, Pass/Fail/Skip=SKIP, Category=, AddRule=Approving Unit Geography, Level1=, Filtername=North America (L1 - 200), Filtername2=, Filtername3=, VerifyChip=CANADA, TestCaseDescription =check whether data is fetched from the backend service, Steps to execute=1.Click Add Rule
2. Select "Approving Unit Geography" from Geography Category
3. Click Add filters (+) and select "North America (L1 - 200)"
4.Close the dialog, ExpectedResult=a. "Approving Unit Geography" dialog should have the value "North America (L1 - 200)"
b. Chip in the main screen after dialog close should display "CANADA (L4 -CA)", "SAINT PIERRE AND MIQUELON (L4 - PM)", "UNITED STATES OF AMERICA (THE) (L4 - US)"}]]>
              </value>
            </param>
          </params>
          <exception class="org.testng.SkipException">
            <message>
              <![CDATA[Approving Unit Geography's CaseToRun Flag Is 'N' Or Blank. So Skipping Execution Of Approving Unit Geography]]>
            </message>
            <full-stacktrace>
              <![CDATA[org.testng.SkipException: Approving Unit Geography's CaseToRun Flag Is 'N' Or Blank. So Skipping Execution Of Approving Unit Geography
	at testcases.Regression.SanityTC10(Regression.java:237)
	at sun.reflect.NativeMethodAccessorImpl.invoke0(Native Method)
	at sun.reflect.NativeMethodAccessorImpl.invoke(Unknown Source)
	at sun.reflect.DelegatingMethodAccessorImpl.invoke(Unknown Source)
	at java.lang.reflect.Method.invoke(Unknown Source)
	at org.testng.internal.MethodInvocationHelper.invokeMethod(MethodInvocationHelper.java:108)
	at org.testng.internal.Invoker.invokeMethod(Invoker.java:661)
	at org.testng.internal.Invoker.invokeTestMethod(Invoker.java:869)
	at org.testng.internal.Invoker.invokeTestMethods(Invoker.java:1193)
	at org.testng.internal.TestMethodWorker.invokeTestMethods(TestMethodWorker.java:126)
	at org.testng.internal.TestMethodWorker.run(TestMethodWorker.java:109)
	at org.testng.TestRunner.privateRun(TestRunner.java:744)
	at org.testng.TestRunner.run(TestRunner.java:602)
	at org.testng.SuiteRunner.runTest(SuiteRunner.java:380)
	at org.testng.SuiteRunner.runSequentially(SuiteRunner.java:375)
	at org.testng.SuiteRunner.privateRun(SuiteRunner.java:340)
	at org.testng.SuiteRunner.run(SuiteRunner.java:289)
	at org.testng.SuiteRunnerWorker.runSuite(SuiteRunnerWorker.java:52)
	at org.testng.SuiteRunnerWorker.run(SuiteRunnerWorker.java:86)
	at org.testng.TestNG.runSuitesSequentially(TestNG.java:1301)
	at org.testng.TestNG.runSuitesLocally(TestNG.java:1226)
	at org.testng.TestNG.runSuites(TestNG.java:1144)
	at org.testng.TestNG.run(TestNG.java:1115)
	at org.testng.remote.AbstractRemoteTestNG.run(AbstractRemoteTestNG.java:114)
	at org.testng.remote.RemoteTestNG.initAndRun(RemoteTestNG.java:251)
	at org.testng.remote.RemoteTestNG.main(RemoteTestNG.java:77)
]]>
            </full-stacktrace>
          </exception> <!-- org.testng.SkipException -->
          <reporter-output>
          </reporter-output>
        </test-method> <!-- SanityTC10 -->
        <test-method status="PASS" signature="reporterDataResults(org.testng.ITestResult)[pri:0, instance:testcases.Regression@2b552920]" name="reporterDataResults" is-config="true" duration-ms="0" started-at="2018-11-21T14:46:41Z" finished-at="2018-11-21T14:46:41Z">
          <params>
            <param index="0">
              <value>
                <![CDATA[[TestResult name=SanityTC10 status=SKIP method=Regression.SanityTC10(java.util.LinkedHashMap)[pri:0, instance:testcases.Regression@2b552920] output={null}]]]>
              </value>
            </param>
          </params>
          <reporter-output>
            <line>
              <![CDATA[SanityTC10 is SKIPPED]]>
            </line>
          </reporter-output>
        </test-method> <!-- reporterDataResults -->
        <test-method status="SKIP" signature="SanityTC11(java.util.LinkedHashMap)[pri:0, instance:testcases.Regression@2b552920]" name="SanityTC11" duration-ms="4" started-at="2018-11-21T14:46:41Z" data-provider="Regression" finished-at="2018-11-21T14:46:41Z">
          <params>
            <param index="0">
              <value>
                <![CDATA[{TestCaseName=Extending Unit Geography , CaseToRun=N, Module=Portfolio, Pass/Fail/Skip=SKIP, Category=, AddRule=Extending Unit Geography, Level1=, Filtername=North America (L1 - 200), Filtername2=, Filtername3=, VerifyChip=CANADA, TestCaseDescription =check whether data is fetched from the backend service, Steps to execute=1.Click Add Rule
2. Select "Extending Unit Geography" from Geography Category
3. Click Add filters (+) and select "North America (L1 - 200)"
4.Close the dialog, ExpectedResult=a "Extending Unit Geography" dialog should have the value "North America (L1 - 200)"
b. Chip in the main screen after dialog close should display "CANADA (L4 -CA)", "SAINT PIERRE AND MIQUELON (L4 - PM)", "UNITED STATES OF AMERICA (THE) (L4 - US)"}]]>
              </value>
            </param>
          </params>
          <exception class="org.testng.SkipException">
            <message>
              <![CDATA[Extending Unit Geography 's CaseToRun Flag Is 'N' Or Blank. So Skipping Execution Of Extending Unit Geography ]]>
            </message>
            <full-stacktrace>
              <![CDATA[org.testng.SkipException: Extending Unit Geography 's CaseToRun Flag Is 'N' Or Blank. So Skipping Execution Of Extending Unit Geography 
	at testcases.Regression.SanityTC11(Regression.java:256)
	at sun.reflect.NativeMethodAccessorImpl.invoke0(Native Method)
	at sun.reflect.NativeMethodAccessorImpl.invoke(Unknown Source)
	at sun.reflect.DelegatingMethodAccessorImpl.invoke(Unknown Source)
	at java.lang.reflect.Method.invoke(Unknown Source)
	at org.testng.internal.MethodInvocationHelper.invokeMethod(MethodInvocationHelper.java:108)
	at org.testng.internal.Invoker.invokeMethod(Invoker.java:661)
	at org.testng.internal.Invoker.invokeTestMethod(Invoker.java:869)
	at org.testng.internal.Invoker.invokeTestMethods(Invoker.java:1193)
	at org.testng.internal.TestMethodWorker.invokeTestMethods(TestMethodWorker.java:126)
	at org.testng.internal.TestMethodWorker.run(TestMethodWorker.java:109)
	at org.testng.TestRunner.privateRun(TestRunner.java:744)
	at org.testng.TestRunner.run(TestRunner.java:602)
	at org.testng.SuiteRunner.runTest(SuiteRunner.java:380)
	at org.testng.SuiteRunner.runSequentially(SuiteRunner.java:375)
	at org.testng.SuiteRunner.privateRun(SuiteRunner.java:340)
	at org.testng.SuiteRunner.run(SuiteRunner.java:289)
	at org.testng.SuiteRunnerWorker.runSuite(SuiteRunnerWorker.java:52)
	at org.testng.SuiteRunnerWorker.run(SuiteRunnerWorker.java:86)
	at org.testng.TestNG.runSuitesSequentially(TestNG.java:1301)
	at org.testng.TestNG.runSuitesLocally(TestNG.java:1226)
	at org.testng.TestNG.runSuites(TestNG.java:1144)
	at org.testng.TestNG.run(TestNG.java:1115)
	at org.testng.remote.AbstractRemoteTestNG.run(AbstractRemoteTestNG.java:114)
	at org.testng.remote.RemoteTestNG.initAndRun(RemoteTestNG.java:251)
	at org.testng.remote.RemoteTestNG.main(RemoteTestNG.java:77)
]]>
            </full-stacktrace>
          </exception> <!-- org.testng.SkipException -->
          <reporter-output>
          </reporter-output>
        </test-method> <!-- SanityTC11 -->
        <test-method status="PASS" signature="reporterDataResults(org.testng.ITestResult)[pri:0, instance:testcases.Regression@2b552920]" name="reporterDataResults" is-config="true" duration-ms="0" started-at="2018-11-21T14:46:41Z" finished-at="2018-11-21T14:46:41Z">
          <params>
            <param index="0">
              <value>
                <![CDATA[[TestResult name=SanityTC11 status=SKIP method=Regression.SanityTC11(java.util.LinkedHashMap)[pri:0, instance:testcases.Regression@2b552920] output={null}]]]>
              </value>
            </param>
          </params>
          <reporter-output>
            <line>
              <![CDATA[SanityTC11 is SKIPPED]]>
            </line>
          </reporter-output>
        </test-method> <!-- reporterDataResults -->
        <test-method status="SKIP" signature="SanityTC12(java.util.LinkedHashMap)[pri:0, instance:testcases.Regression@2b552920]" name="SanityTC12" duration-ms="3" started-at="2018-11-21T14:46:41Z" data-provider="Regression" finished-at="2018-11-21T14:46:41Z">
          <params>
            <param index="0">
              <value>
                <![CDATA[{TestCaseName=Global Organization Code Enriched Geography, CaseToRun=N, Module=Portfolio, Pass/Fail/Skip=SKIP, Category=, AddRule=Global Organization Code Enriched Geography, Level1=, Filtername=AUSTRALIA, Filtername2=, Filtername3=, VerifyChip=, TestCaseDescription =check whether data is fetched from the backend service, Steps to execute=1.Click Add Rule
2. Select "Global Organization Code Enriched Geography" from Geography Category
3. Click Add filters (+) and select "AUSTRALIA", ExpectedResult="Global Organization Code Enriched Geography" dialog should have the value AUSTRALIA}]]>
              </value>
            </param>
          </params>
          <exception class="org.testng.SkipException">
            <message>
              <![CDATA[Global Organization Code Enriched Geography's CaseToRun Flag Is 'N' Or Blank. So Skipping Execution Of Global Organization Code Enriched Geography]]>
            </message>
            <full-stacktrace>
              <![CDATA[org.testng.SkipException: Global Organization Code Enriched Geography's CaseToRun Flag Is 'N' Or Blank. So Skipping Execution Of Global Organization Code Enriched Geography
	at testcases.Regression.SanityTC12(Regression.java:274)
	at sun.reflect.NativeMethodAccessorImpl.invoke0(Native Method)
	at sun.reflect.NativeMethodAccessorImpl.invoke(Unknown Source)
	at sun.reflect.DelegatingMethodAccessorImpl.invoke(Unknown Source)
	at java.lang.reflect.Method.invoke(Unknown Source)
	at org.testng.internal.MethodInvocationHelper.invokeMethod(MethodInvocationHelper.java:108)
	at org.testng.internal.Invoker.invokeMethod(Invoker.java:661)
	at org.testng.internal.Invoker.invokeTestMethod(Invoker.java:869)
	at org.testng.internal.Invoker.invokeTestMethods(Invoker.java:1193)
	at org.testng.internal.TestMethodWorker.invokeTestMethods(TestMethodWorker.java:126)
	at org.testng.internal.TestMethodWorker.run(TestMethodWorker.java:109)
	at org.testng.TestRunner.privateRun(TestRunner.java:744)
	at org.testng.TestRunner.run(TestRunner.java:602)
	at org.testng.SuiteRunner.runTest(SuiteRunner.java:380)
	at org.testng.SuiteRunner.runSequentially(SuiteRunner.java:375)
	at org.testng.SuiteRunner.privateRun(SuiteRunner.java:340)
	at org.testng.SuiteRunner.run(SuiteRunner.java:289)
	at org.testng.SuiteRunnerWorker.runSuite(SuiteRunnerWorker.java:52)
	at org.testng.SuiteRunnerWorker.run(SuiteRunnerWorker.java:86)
	at org.testng.TestNG.runSuitesSequentially(TestNG.java:1301)
	at org.testng.TestNG.runSuitesLocally(TestNG.java:1226)
	at org.testng.TestNG.runSuites(TestNG.java:1144)
	at org.testng.TestNG.run(TestNG.java:1115)
	at org.testng.remote.AbstractRemoteTestNG.run(AbstractRemoteTestNG.java:114)
	at org.testng.remote.RemoteTestNG.initAndRun(RemoteTestNG.java:251)
	at org.testng.remote.RemoteTestNG.main(RemoteTestNG.java:77)
]]>
            </full-stacktrace>
          </exception> <!-- org.testng.SkipException -->
          <reporter-output>
          </reporter-output>
        </test-method> <!-- SanityTC12 -->
        <test-method status="PASS" signature="reporterDataResults(org.testng.ITestResult)[pri:0, instance:testcases.Regression@2b552920]" name="reporterDataResults" is-config="true" duration-ms="1" started-at="2018-11-21T14:46:41Z" finished-at="2018-11-21T14:46:41Z">
          <params>
            <param index="0">
              <value>
                <![CDATA[[TestResult name=SanityTC12 status=SKIP method=Regression.SanityTC12(java.util.LinkedHashMap)[pri:0, instance:testcases.Regression@2b552920] output={null}]]]>
              </value>
            </param>
          </params>
          <reporter-output>
            <line>
              <![CDATA[SanityTC12 is SKIPPED]]>
            </line>
          </reporter-output>
        </test-method> <!-- reporterDataResults -->
        <test-method status="SKIP" signature="SanityTC13(java.util.LinkedHashMap)[pri:0, instance:testcases.Regression@2b552920]" name="SanityTC13" duration-ms="2" started-at="2018-11-21T14:46:41Z" data-provider="Regression" finished-at="2018-11-21T14:46:41Z">
          <params>
            <param index="0">
              <value>
                <![CDATA[{TestCaseName=Relationship Geography At Risk, CaseToRun=N, Module=Portfolio, Pass/Fail/Skip=SKIP, Category=, AddRule=Relationship Geography at Risk, Level1=, Filtername=North America (L1 - 200), Filtername2=, Filtername3=, VerifyChip=CANADA, TestCaseDescription =check whether data is fetched from the backend service, Steps to execute=1.Click Add Rule
2. Select "Relationship Geography At Risk" from Geography Category
3. Click Add filters (+) and select "North America (L1 - 200)"
4.Close the dialog
, ExpectedResult=a. "Relationship Geography At Risk" dialog have the value "North America (L1 - 200)"
b. Chip in the main screen after dialog close should display "CANADA (L4 -CA)", "SAINT PIERRE AND MIQUELON (L4 - PM)", "UNITED STATES OF AMERICA (THE) (L4 - US)"
}]]>
              </value>
            </param>
          </params>
          <exception class="org.testng.SkipException">
            <message>
              <![CDATA[Relationship Geography At Risk's CaseToRun Flag Is 'N' Or Blank. So Skipping Execution Of Relationship Geography At Risk]]>
            </message>
            <full-stacktrace>
              <![CDATA[org.testng.SkipException: Relationship Geography At Risk's CaseToRun Flag Is 'N' Or Blank. So Skipping Execution Of Relationship Geography At Risk
	at testcases.Regression.SanityTC13(Regression.java:293)
	at sun.reflect.NativeMethodAccessorImpl.invoke0(Native Method)
	at sun.reflect.NativeMethodAccessorImpl.invoke(Unknown Source)
	at sun.reflect.DelegatingMethodAccessorImpl.invoke(Unknown Source)
	at java.lang.reflect.Method.invoke(Unknown Source)
	at org.testng.internal.MethodInvocationHelper.invokeMethod(MethodInvocationHelper.java:108)
	at org.testng.internal.Invoker.invokeMethod(Invoker.java:661)
	at org.testng.internal.Invoker.invokeTestMethod(Invoker.java:869)
	at org.testng.internal.Invoker.invokeTestMethods(Invoker.java:1193)
	at org.testng.internal.TestMethodWorker.invokeTestMethods(TestMethodWorker.java:126)
	at org.testng.internal.TestMethodWorker.run(TestMethodWorker.java:109)
	at org.testng.TestRunner.privateRun(TestRunner.java:744)
	at org.testng.TestRunner.run(TestRunner.java:602)
	at org.testng.SuiteRunner.runTest(SuiteRunner.java:380)
	at org.testng.SuiteRunner.runSequentially(SuiteRunner.java:375)
	at org.testng.SuiteRunner.privateRun(SuiteRunner.java:340)
	at org.testng.SuiteRunner.run(SuiteRunner.java:289)
	at org.testng.SuiteRunnerWorker.runSuite(SuiteRunnerWorker.java:52)
	at org.testng.SuiteRunnerWorker.run(SuiteRunnerWorker.java:86)
	at org.testng.TestNG.runSuitesSequentially(TestNG.java:1301)
	at org.testng.TestNG.runSuitesLocally(TestNG.java:1226)
	at org.testng.TestNG.runSuites(TestNG.java:1144)
	at org.testng.TestNG.run(TestNG.java:1115)
	at org.testng.remote.AbstractRemoteTestNG.run(AbstractRemoteTestNG.java:114)
	at org.testng.remote.RemoteTestNG.initAndRun(RemoteTestNG.java:251)
	at org.testng.remote.RemoteTestNG.main(RemoteTestNG.java:77)
]]>
            </full-stacktrace>
          </exception> <!-- org.testng.SkipException -->
          <reporter-output>
          </reporter-output>
        </test-method> <!-- SanityTC13 -->
        <test-method status="PASS" signature="reporterDataResults(org.testng.ITestResult)[pri:0, instance:testcases.Regression@2b552920]" name="reporterDataResults" is-config="true" duration-ms="1" started-at="2018-11-21T14:46:41Z" finished-at="2018-11-21T14:46:41Z">
          <params>
            <param index="0">
              <value>
                <![CDATA[[TestResult name=SanityTC13 status=SKIP method=Regression.SanityTC13(java.util.LinkedHashMap)[pri:0, instance:testcases.Regression@2b552920] output={null}]]]>
              </value>
            </param>
          </params>
          <reporter-output>
            <line>
              <![CDATA[SanityTC13 is SKIPPED]]>
            </line>
          </reporter-output>
        </test-method> <!-- reporterDataResults -->
        <test-method status="SKIP" signature="SanityTC14(java.util.LinkedHashMap)[pri:0, instance:testcases.Regression@2b552920]" name="SanityTC14" duration-ms="6" started-at="2018-11-21T14:46:41Z" data-provider="Regression" finished-at="2018-11-21T14:46:41Z">
          <params>
            <param index="0">
              <value>
                <![CDATA[{TestCaseName=Obligor Geography At Risk, CaseToRun=N, Module=Portfolio, Pass/Fail/Skip=SKIP, Category=, AddRule=Obligor Geography at Risk, Level1=, Filtername=North America (L1 - 200), Filtername2=, Filtername3=, VerifyChip=CANADA, TestCaseDescription =check whether data is fetched from the backend service, Steps to execute=1.Click Add Rule
2. Select "Obligor Geography At Risk" from Geography Category
3. Click Add filters (+) and select "North America (L1 - 200)"
4.Close the dialog
, ExpectedResult=a. "Obligor Geography At Risk" dialog should have the value "North America (L1 - 200)"
b. Chip in the main screen after dialog close should display "CANADA (L4 -CA)", "SAINT PIERRE AND MIQUELON (L4 - PM)", "UNITED STATES OF AMERICA (THE) (L4 - US)"
}]]>
              </value>
            </param>
          </params>
          <exception class="org.testng.SkipException">
            <message>
              <![CDATA[Obligor Geography At Risk's CaseToRun Flag Is 'N' Or Blank. So Skipping Execution Of Obligor Geography At Risk]]>
            </message>
            <full-stacktrace>
              <![CDATA[org.testng.SkipException: Obligor Geography At Risk's CaseToRun Flag Is 'N' Or Blank. So Skipping Execution Of Obligor Geography At Risk
	at testcases.Regression.SanityTC14(Regression.java:312)
	at sun.reflect.NativeMethodAccessorImpl.invoke0(Native Method)
	at sun.reflect.NativeMethodAccessorImpl.invoke(Unknown Source)
	at sun.reflect.DelegatingMethodAccessorImpl.invoke(Unknown Source)
	at java.lang.reflect.Method.invoke(Unknown Source)
	at org.testng.internal.MethodInvocationHelper.invokeMethod(MethodInvocationHelper.java:108)
	at org.testng.internal.Invoker.invokeMethod(Invoker.java:661)
	at org.testng.internal.Invoker.invokeTestMethod(Invoker.java:869)
	at org.testng.internal.Invoker.invokeTestMethods(Invoker.java:1193)
	at org.testng.internal.TestMethodWorker.invokeTestMethods(TestMethodWorker.java:126)
	at org.testng.internal.TestMethodWorker.run(TestMethodWorker.java:109)
	at org.testng.TestRunner.privateRun(TestRunner.java:744)
	at org.testng.TestRunner.run(TestRunner.java:602)
	at org.testng.SuiteRunner.runTest(SuiteRunner.java:380)
	at org.testng.SuiteRunner.runSequentially(SuiteRunner.java:375)
	at org.testng.SuiteRunner.privateRun(SuiteRunner.java:340)
	at org.testng.SuiteRunner.run(SuiteRunner.java:289)
	at org.testng.SuiteRunnerWorker.runSuite(SuiteRunnerWorker.java:52)
	at org.testng.SuiteRunnerWorker.run(SuiteRunnerWorker.java:86)
	at org.testng.TestNG.runSuitesSequentially(TestNG.java:1301)
	at org.testng.TestNG.runSuitesLocally(TestNG.java:1226)
	at org.testng.TestNG.runSuites(TestNG.java:1144)
	at org.testng.TestNG.run(TestNG.java:1115)
	at org.testng.remote.AbstractRemoteTestNG.run(AbstractRemoteTestNG.java:114)
	at org.testng.remote.RemoteTestNG.initAndRun(RemoteTestNG.java:251)
	at org.testng.remote.RemoteTestNG.main(RemoteTestNG.java:77)
]]>
            </full-stacktrace>
          </exception> <!-- org.testng.SkipException -->
          <reporter-output>
          </reporter-output>
        </test-method> <!-- SanityTC14 -->
        <test-method status="PASS" signature="reporterDataResults(org.testng.ITestResult)[pri:0, instance:testcases.Regression@2b552920]" name="reporterDataResults" is-config="true" duration-ms="1" started-at="2018-11-21T14:46:41Z" finished-at="2018-11-21T14:46:41Z">
          <params>
            <param index="0">
              <value>
                <![CDATA[[TestResult name=SanityTC14 status=SKIP method=Regression.SanityTC14(java.util.LinkedHashMap)[pri:0, instance:testcases.Regression@2b552920] output={null}]]]>
              </value>
            </param>
          </params>
          <reporter-output>
            <line>
              <![CDATA[SanityTC14 is SKIPPED]]>
            </line>
          </reporter-output>
        </test-method> <!-- reporterDataResults -->
        <test-method status="SKIP" signature="SanityTC15(java.util.LinkedHashMap)[pri:0, instance:testcases.Regression@2b552920]" name="SanityTC15" duration-ms="8" started-at="2018-11-21T14:46:41Z" data-provider="Regression" finished-at="2018-11-21T14:46:41Z">
          <params>
            <param index="0">
              <value>
                <![CDATA[{TestCaseName=Relationship Risk Management Industry, CaseToRun=N, Module=Portfolio, Pass/Fail/Skip=SKIP, Category=, AddRule=Relationship Risk Management Industry, Level1=, Filtername=Edu - Primary School(L3 - 921030), Filtername2=, Filtername3=, VerifyChip=Edu - Primary School(L3 - 921030), TestCaseDescription =check whether data is fetched from the backend service, Steps to execute=1.Click Add Rule
2. Select "Relationship Risk Management Industry" from "Industry & Support" Category
3. Click Add filters (+) and select "Edu - Primary School(L3 - 921030)"
4. Click close of the dialog
5. Chip " Edu - Schools Grade K-12 - Private (L4 - 92103020)" should be populated  , ExpectedResult=a. "Relationship Risk Management Industry" dialog should have the value "Edu - Primary School(L3 - 921030)". 
b. Chip for " Edu - Schools Grade K-12 - Private (L4 - 92103020)" should be displayed in main screen}]]>
              </value>
            </param>
          </params>
          <exception class="org.testng.SkipException">
            <message>
              <![CDATA[Relationship Risk Management Industry's CaseToRun Flag Is 'N' Or Blank. So Skipping Execution Of Relationship Risk Management Industry]]>
            </message>
            <full-stacktrace>
              <![CDATA[org.testng.SkipException: Relationship Risk Management Industry's CaseToRun Flag Is 'N' Or Blank. So Skipping Execution Of Relationship Risk Management Industry
	at testcases.Regression.SanityTC15(Regression.java:331)
	at sun.reflect.NativeMethodAccessorImpl.invoke0(Native Method)
	at sun.reflect.NativeMethodAccessorImpl.invoke(Unknown Source)
	at sun.reflect.DelegatingMethodAccessorImpl.invoke(Unknown Source)
	at java.lang.reflect.Method.invoke(Unknown Source)
	at org.testng.internal.MethodInvocationHelper.invokeMethod(MethodInvocationHelper.java:108)
	at org.testng.internal.Invoker.invokeMethod(Invoker.java:661)
	at org.testng.internal.Invoker.invokeTestMethod(Invoker.java:869)
	at org.testng.internal.Invoker.invokeTestMethods(Invoker.java:1193)
	at org.testng.internal.TestMethodWorker.invokeTestMethods(TestMethodWorker.java:126)
	at org.testng.internal.TestMethodWorker.run(TestMethodWorker.java:109)
	at org.testng.TestRunner.privateRun(TestRunner.java:744)
	at org.testng.TestRunner.run(TestRunner.java:602)
	at org.testng.SuiteRunner.runTest(SuiteRunner.java:380)
	at org.testng.SuiteRunner.runSequentially(SuiteRunner.java:375)
	at org.testng.SuiteRunner.privateRun(SuiteRunner.java:340)
	at org.testng.SuiteRunner.run(SuiteRunner.java:289)
	at org.testng.SuiteRunnerWorker.runSuite(SuiteRunnerWorker.java:52)
	at org.testng.SuiteRunnerWorker.run(SuiteRunnerWorker.java:86)
	at org.testng.TestNG.runSuitesSequentially(TestNG.java:1301)
	at org.testng.TestNG.runSuitesLocally(TestNG.java:1226)
	at org.testng.TestNG.runSuites(TestNG.java:1144)
	at org.testng.TestNG.run(TestNG.java:1115)
	at org.testng.remote.AbstractRemoteTestNG.run(AbstractRemoteTestNG.java:114)
	at org.testng.remote.RemoteTestNG.initAndRun(RemoteTestNG.java:251)
	at org.testng.remote.RemoteTestNG.main(RemoteTestNG.java:77)
]]>
            </full-stacktrace>
          </exception> <!-- org.testng.SkipException -->
          <reporter-output>
          </reporter-output>
        </test-method> <!-- SanityTC15 -->
        <test-method status="PASS" signature="reporterDataResults(org.testng.ITestResult)[pri:0, instance:testcases.Regression@2b552920]" name="reporterDataResults" is-config="true" duration-ms="1" started-at="2018-11-21T14:46:41Z" finished-at="2018-11-21T14:46:41Z">
          <params>
            <param index="0">
              <value>
                <![CDATA[[TestResult name=SanityTC15 status=SKIP method=Regression.SanityTC15(java.util.LinkedHashMap)[pri:0, instance:testcases.Regression@2b552920] output={null}]]]>
              </value>
            </param>
          </params>
          <reporter-output>
            <line>
              <![CDATA[SanityTC15 is SKIPPED]]>
            </line>
          </reporter-output>
        </test-method> <!-- reporterDataResults -->
        <test-method status="SKIP" signature="SanityTC16(java.util.LinkedHashMap)[pri:0, instance:testcases.Regression@2b552920]" name="SanityTC16" duration-ms="18" started-at="2018-11-21T14:46:41Z" data-provider="Regression" finished-at="2018-11-21T14:46:41Z">
          <params>
            <param index="0">
              <value>
                <![CDATA[{TestCaseName=Obligor Risk Management Industry, CaseToRun=N, Module=Portfolio, Pass/Fail/Skip=SKIP, Category=, AddRule=Obligor Risk Management Industry, Level1=, Filtername= Conglomerates (L1 -96), Filtername2=, Filtername3=, VerifyChip=Conglomerates, TestCaseDescription =check whether data is fetched from the backend service, Steps to execute=1.Click Add Rule
2. Select "Obligor Risk Management Industry" from "Industry & Support" Category
3. Click Add filters (+) and select " Conglomerates (L1 -96)"
4. Click close of the dialog
5. Chip " Conglomerates  (L4 - 90501010)" should be populated  , ExpectedResult=a. "Obligor Risk Management Industry" dialog should have the value "Conglomerates (L1 -96)". 
b. Chip for " Conglomerates  (L4 - 90501010)" should be displayed in main screen}]]>
              </value>
            </param>
          </params>
          <exception class="org.testng.SkipException">
            <message>
              <![CDATA[Obligor Risk Management Industry's CaseToRun Flag Is 'N' Or Blank. So Skipping Execution Of Obligor Risk Management Industry]]>
            </message>
            <full-stacktrace>
              <![CDATA[org.testng.SkipException: Obligor Risk Management Industry's CaseToRun Flag Is 'N' Or Blank. So Skipping Execution Of Obligor Risk Management Industry
	at testcases.Regression.SanityTC16(Regression.java:350)
	at sun.reflect.NativeMethodAccessorImpl.invoke0(Native Method)
	at sun.reflect.NativeMethodAccessorImpl.invoke(Unknown Source)
	at sun.reflect.DelegatingMethodAccessorImpl.invoke(Unknown Source)
	at java.lang.reflect.Method.invoke(Unknown Source)
	at org.testng.internal.MethodInvocationHelper.invokeMethod(MethodInvocationHelper.java:108)
	at org.testng.internal.Invoker.invokeMethod(Invoker.java:661)
	at org.testng.internal.Invoker.invokeTestMethod(Invoker.java:869)
	at org.testng.internal.Invoker.invokeTestMethods(Invoker.java:1193)
	at org.testng.internal.TestMethodWorker.invokeTestMethods(TestMethodWorker.java:126)
	at org.testng.internal.TestMethodWorker.run(TestMethodWorker.java:109)
	at org.testng.TestRunner.privateRun(TestRunner.java:744)
	at org.testng.TestRunner.run(TestRunner.java:602)
	at org.testng.SuiteRunner.runTest(SuiteRunner.java:380)
	at org.testng.SuiteRunner.runSequentially(SuiteRunner.java:375)
	at org.testng.SuiteRunner.privateRun(SuiteRunner.java:340)
	at org.testng.SuiteRunner.run(SuiteRunner.java:289)
	at org.testng.SuiteRunnerWorker.runSuite(SuiteRunnerWorker.java:52)
	at org.testng.SuiteRunnerWorker.run(SuiteRunnerWorker.java:86)
	at org.testng.TestNG.runSuitesSequentially(TestNG.java:1301)
	at org.testng.TestNG.runSuitesLocally(TestNG.java:1226)
	at org.testng.TestNG.runSuites(TestNG.java:1144)
	at org.testng.TestNG.run(TestNG.java:1115)
	at org.testng.remote.AbstractRemoteTestNG.run(AbstractRemoteTestNG.java:114)
	at org.testng.remote.RemoteTestNG.initAndRun(RemoteTestNG.java:251)
	at org.testng.remote.RemoteTestNG.main(RemoteTestNG.java:77)
]]>
            </full-stacktrace>
          </exception> <!-- org.testng.SkipException -->
          <reporter-output>
          </reporter-output>
        </test-method> <!-- SanityTC16 -->
        <test-method status="PASS" signature="reporterDataResults(org.testng.ITestResult)[pri:0, instance:testcases.Regression@2b552920]" name="reporterDataResults" is-config="true" duration-ms="1" started-at="2018-11-21T14:46:41Z" finished-at="2018-11-21T14:46:41Z">
          <params>
            <param index="0">
              <value>
                <![CDATA[[TestResult name=SanityTC16 status=SKIP method=Regression.SanityTC16(java.util.LinkedHashMap)[pri:0, instance:testcases.Regression@2b552920] output={null}]]]>
              </value>
            </param>
          </params>
          <reporter-output>
            <line>
              <![CDATA[SanityTC16 is SKIPPED]]>
            </line>
          </reporter-output>
        </test-method> <!-- reporterDataResults -->
        <test-method status="SKIP" signature="SanityTC17(java.util.LinkedHashMap)[pri:0, instance:testcases.Regression@2b552920]" name="SanityTC17" duration-ms="6" started-at="2018-11-21T14:46:41Z" data-provider="Regression" finished-at="2018-11-21T14:46:41Z">
          <params>
            <param index="0">
              <value>
                <![CDATA[{TestCaseName=Obligor Support Type, CaseToRun=N, Module=Portfolio, Pass/Fail/Skip=SKIP, Category=, AddRule=Obligor Support Type, Level1=, Filtername=Full Faith and Credit, Filtername2=, Filtername3=, VerifyChip=Full Faith and Credit, TestCaseDescription =check whether data is fetched from the backend service, Steps to execute=1.Click Add Rule
2. Select "Obligor Support Type" from "Industry & Support" Category
3. Click Add filters (+) and select "Full Faith and Credit"
4. Verify if this dailog display Radio Buttons
5. Click close of the dialog
6. Chip "Full Faith and Credit" should be populated  , ExpectedResult=a. "Obligor Support Type" dialog should have radio buttons alone and the value "Full Faith and Credit". 
b. Chip for " Full Faith and Credit" should be displayed in main screen
}]]>
              </value>
            </param>
          </params>
          <exception class="org.testng.SkipException">
            <message>
              <![CDATA[Obligor Support Type's CaseToRun Flag Is 'N' Or Blank. So Skipping Execution Of Obligor Support Type]]>
            </message>
            <full-stacktrace>
              <![CDATA[org.testng.SkipException: Obligor Support Type's CaseToRun Flag Is 'N' Or Blank. So Skipping Execution Of Obligor Support Type
	at testcases.Regression.SanityTC17(Regression.java:369)
	at sun.reflect.NativeMethodAccessorImpl.invoke0(Native Method)
	at sun.reflect.NativeMethodAccessorImpl.invoke(Unknown Source)
	at sun.reflect.DelegatingMethodAccessorImpl.invoke(Unknown Source)
	at java.lang.reflect.Method.invoke(Unknown Source)
	at org.testng.internal.MethodInvocationHelper.invokeMethod(MethodInvocationHelper.java:108)
	at org.testng.internal.Invoker.invokeMethod(Invoker.java:661)
	at org.testng.internal.Invoker.invokeTestMethod(Invoker.java:869)
	at org.testng.internal.Invoker.invokeTestMethods(Invoker.java:1193)
	at org.testng.internal.TestMethodWorker.invokeTestMethods(TestMethodWorker.java:126)
	at org.testng.internal.TestMethodWorker.run(TestMethodWorker.java:109)
	at org.testng.TestRunner.privateRun(TestRunner.java:744)
	at org.testng.TestRunner.run(TestRunner.java:602)
	at org.testng.SuiteRunner.runTest(SuiteRunner.java:380)
	at org.testng.SuiteRunner.runSequentially(SuiteRunner.java:375)
	at org.testng.SuiteRunner.privateRun(SuiteRunner.java:340)
	at org.testng.SuiteRunner.run(SuiteRunner.java:289)
	at org.testng.SuiteRunnerWorker.runSuite(SuiteRunnerWorker.java:52)
	at org.testng.SuiteRunnerWorker.run(SuiteRunnerWorker.java:86)
	at org.testng.TestNG.runSuitesSequentially(TestNG.java:1301)
	at org.testng.TestNG.runSuitesLocally(TestNG.java:1226)
	at org.testng.TestNG.runSuites(TestNG.java:1144)
	at org.testng.TestNG.run(TestNG.java:1115)
	at org.testng.remote.AbstractRemoteTestNG.run(AbstractRemoteTestNG.java:114)
	at org.testng.remote.RemoteTestNG.initAndRun(RemoteTestNG.java:251)
	at org.testng.remote.RemoteTestNG.main(RemoteTestNG.java:77)
]]>
            </full-stacktrace>
          </exception> <!-- org.testng.SkipException -->
          <reporter-output>
          </reporter-output>
        </test-method> <!-- SanityTC17 -->
        <test-method status="PASS" signature="reporterDataResults(org.testng.ITestResult)[pri:0, instance:testcases.Regression@2b552920]" name="reporterDataResults" is-config="true" duration-ms="0" started-at="2018-11-21T14:46:41Z" finished-at="2018-11-21T14:46:41Z">
          <params>
            <param index="0">
              <value>
                <![CDATA[[TestResult name=SanityTC17 status=SKIP method=Regression.SanityTC17(java.util.LinkedHashMap)[pri:0, instance:testcases.Regression@2b552920] output={null}]]]>
              </value>
            </param>
          </params>
          <reporter-output>
            <line>
              <![CDATA[SanityTC17 is SKIPPED]]>
            </line>
          </reporter-output>
        </test-method> <!-- reporterDataResults -->
        <test-method status="SKIP" signature="SanityTC18(java.util.LinkedHashMap)[pri:0, instance:testcases.Regression@2b552920]" name="SanityTC18" duration-ms="9" started-at="2018-11-21T14:46:41Z" data-provider="Regression" finished-at="2018-11-21T14:46:41Z">
          <params>
            <param index="0">
              <value>
                <![CDATA[{TestCaseName=CAGID , CaseToRun=N, Module=Portfolio, Pass/Fail/Skip=SKIP, Category=, AddRule=CAGID, Level1=, Filtername=9000311437,1009565678, Filtername2=, Filtername3=, VerifyChip=, TestCaseDescription =check whether data is fetched from the backend service, Steps to execute=1. Enter "9000311437,1009565678" in the textArea
2. Click Review, ExpectedResult=Top Exposures dialog should be displayed with results}]]>
              </value>
            </param>
          </params>
          <exception class="org.testng.SkipException">
            <message>
              <![CDATA[CAGID 's CaseToRun Flag Is 'N' Or Blank. So Skipping Execution Of CAGID ]]>
            </message>
            <full-stacktrace>
              <![CDATA[org.testng.SkipException: CAGID 's CaseToRun Flag Is 'N' Or Blank. So Skipping Execution Of CAGID 
	at testcases.Regression.SanityTC18(Regression.java:388)
	at sun.reflect.NativeMethodAccessorImpl.invoke0(Native Method)
	at sun.reflect.NativeMethodAccessorImpl.invoke(Unknown Source)
	at sun.reflect.DelegatingMethodAccessorImpl.invoke(Unknown Source)
	at java.lang.reflect.Method.invoke(Unknown Source)
	at org.testng.internal.MethodInvocationHelper.invokeMethod(MethodInvocationHelper.java:108)
	at org.testng.internal.Invoker.invokeMethod(Invoker.java:661)
	at org.testng.internal.Invoker.invokeTestMethod(Invoker.java:869)
	at org.testng.internal.Invoker.invokeTestMethods(Invoker.java:1193)
	at org.testng.internal.TestMethodWorker.invokeTestMethods(TestMethodWorker.java:126)
	at org.testng.internal.TestMethodWorker.run(TestMethodWorker.java:109)
	at org.testng.TestRunner.privateRun(TestRunner.java:744)
	at org.testng.TestRunner.run(TestRunner.java:602)
	at org.testng.SuiteRunner.runTest(SuiteRunner.java:380)
	at org.testng.SuiteRunner.runSequentially(SuiteRunner.java:375)
	at org.testng.SuiteRunner.privateRun(SuiteRunner.java:340)
	at org.testng.SuiteRunner.run(SuiteRunner.java:289)
	at org.testng.SuiteRunnerWorker.runSuite(SuiteRunnerWorker.java:52)
	at org.testng.SuiteRunnerWorker.run(SuiteRunnerWorker.java:86)
	at org.testng.TestNG.runSuitesSequentially(TestNG.java:1301)
	at org.testng.TestNG.runSuitesLocally(TestNG.java:1226)
	at org.testng.TestNG.runSuites(TestNG.java:1144)
	at org.testng.TestNG.run(TestNG.java:1115)
	at org.testng.remote.AbstractRemoteTestNG.run(AbstractRemoteTestNG.java:114)
	at org.testng.remote.RemoteTestNG.initAndRun(RemoteTestNG.java:251)
	at org.testng.remote.RemoteTestNG.main(RemoteTestNG.java:77)
]]>
            </full-stacktrace>
          </exception> <!-- org.testng.SkipException -->
          <reporter-output>
          </reporter-output>
        </test-method> <!-- SanityTC18 -->
        <test-method status="PASS" signature="reporterDataResults(org.testng.ITestResult)[pri:0, instance:testcases.Regression@2b552920]" name="reporterDataResults" is-config="true" duration-ms="2" started-at="2018-11-21T14:46:41Z" finished-at="2018-11-21T14:46:41Z">
          <params>
            <param index="0">
              <value>
                <![CDATA[[TestResult name=SanityTC18 status=SKIP method=Regression.SanityTC18(java.util.LinkedHashMap)[pri:0, instance:testcases.Regression@2b552920] output={null}]]]>
              </value>
            </param>
          </params>
          <reporter-output>
            <line>
              <![CDATA[SanityTC18 is SKIPPED]]>
            </line>
          </reporter-output>
        </test-method> <!-- reporterDataResults -->
        <test-method status="SKIP" signature="SanityTC19(java.util.LinkedHashMap)[pri:0, instance:testcases.Regression@2b552920]" name="SanityTC19" duration-ms="1" started-at="2018-11-21T14:46:41Z" data-provider="Regression" finished-at="2018-11-21T14:46:41Z">
          <params>
            <param index="0">
              <value>
                <![CDATA[{TestCaseName=Relationship Name #1, CaseToRun=N, Module=Portfolio, Pass/Fail/Skip=SKIP, Category=, AddRule=Relationship Name, Level1=, Filtername=(IZ)QUEENCO LIMITED (1009174296), Filtername2=, Filtername3=, VerifyChip=(IZ)QUEENCO LIMITED (1009174296), TestCaseDescription =check whether data is fetched from the backend service, Steps to execute=1.Click Add Rule
2. Select "Relationship Name" from Customer Category
3. Click Add filters (+) and select "(IZ)QUEENCO LIMITED (1009174296)", ExpectedResult="Relationship Name" dialog should have the value "(IZ)QUEENCO LIMITED (1009174296)"}]]>
              </value>
            </param>
          </params>
          <exception class="org.testng.SkipException">
            <message>
              <![CDATA[Relationship Name #1's CaseToRun Flag Is 'N' Or Blank. So Skipping Execution Of Relationship Name #1]]>
            </message>
            <full-stacktrace>
              <![CDATA[org.testng.SkipException: Relationship Name #1's CaseToRun Flag Is 'N' Or Blank. So Skipping Execution Of Relationship Name #1
	at testcases.Regression.SanityTC19(Regression.java:407)
	at sun.reflect.NativeMethodAccessorImpl.invoke0(Native Method)
	at sun.reflect.NativeMethodAccessorImpl.invoke(Unknown Source)
	at sun.reflect.DelegatingMethodAccessorImpl.invoke(Unknown Source)
	at java.lang.reflect.Method.invoke(Unknown Source)
	at org.testng.internal.MethodInvocationHelper.invokeMethod(MethodInvocationHelper.java:108)
	at org.testng.internal.Invoker.invokeMethod(Invoker.java:661)
	at org.testng.internal.Invoker.invokeTestMethod(Invoker.java:869)
	at org.testng.internal.Invoker.invokeTestMethods(Invoker.java:1193)
	at org.testng.internal.TestMethodWorker.invokeTestMethods(TestMethodWorker.java:126)
	at org.testng.internal.TestMethodWorker.run(TestMethodWorker.java:109)
	at org.testng.TestRunner.privateRun(TestRunner.java:744)
	at org.testng.TestRunner.run(TestRunner.java:602)
	at org.testng.SuiteRunner.runTest(SuiteRunner.java:380)
	at org.testng.SuiteRunner.runSequentially(SuiteRunner.java:375)
	at org.testng.SuiteRunner.privateRun(SuiteRunner.java:340)
	at org.testng.SuiteRunner.run(SuiteRunner.java:289)
	at org.testng.SuiteRunnerWorker.runSuite(SuiteRunnerWorker.java:52)
	at org.testng.SuiteRunnerWorker.run(SuiteRunnerWorker.java:86)
	at org.testng.TestNG.runSuitesSequentially(TestNG.java:1301)
	at org.testng.TestNG.runSuitesLocally(TestNG.java:1226)
	at org.testng.TestNG.runSuites(TestNG.java:1144)
	at org.testng.TestNG.run(TestNG.java:1115)
	at org.testng.remote.AbstractRemoteTestNG.run(AbstractRemoteTestNG.java:114)
	at org.testng.remote.RemoteTestNG.initAndRun(RemoteTestNG.java:251)
	at org.testng.remote.RemoteTestNG.main(RemoteTestNG.java:77)
]]>
            </full-stacktrace>
          </exception> <!-- org.testng.SkipException -->
          <reporter-output>
          </reporter-output>
        </test-method> <!-- SanityTC19 -->
        <test-method status="PASS" signature="reporterDataResults(org.testng.ITestResult)[pri:0, instance:testcases.Regression@2b552920]" name="reporterDataResults" is-config="true" duration-ms="1" started-at="2018-11-21T14:46:41Z" finished-at="2018-11-21T14:46:41Z">
          <params>
            <param index="0">
              <value>
                <![CDATA[[TestResult name=SanityTC19 status=SKIP method=Regression.SanityTC19(java.util.LinkedHashMap)[pri:0, instance:testcases.Regression@2b552920] output={null}]]]>
              </value>
            </param>
          </params>
          <reporter-output>
            <line>
              <![CDATA[SanityTC19 is SKIPPED]]>
            </line>
          </reporter-output>
        </test-method> <!-- reporterDataResults -->
        <test-method status="SKIP" signature="SanityTC2(java.util.LinkedHashMap)[pri:0, instance:testcases.Regression@2b552920]" name="SanityTC2" duration-ms="3" started-at="2018-11-21T14:46:41Z" data-provider="Regression" finished-at="2018-11-21T14:46:41Z">
          <params>
            <param index="0">
              <value>
                <![CDATA[{TestCaseName=Independent Risk Unit Credit Coverage Area, CaseToRun=N, Module=Portfolio, Pass/Fail/Skip=SKIP, Category=, AddRule=Independent Risk Unit Credit Coverage Area, Level1=, Filtername=Banks|SPM, Filtername2=, Filtername3=, VerifyChip=, TestCaseDescription =check whether data is fetched from the backend service, Steps to execute=1.Click Add Rule
2. Select "Independent Risk Unit - Credit Coverage Area"  from "Business Unit" Category
3. Click Add filters (+) and select Banks, SPM, ExpectedResult="Independent Risk Unit Credit Coverage Area" dialog should have the values Banks, SPM}]]>
              </value>
            </param>
          </params>
          <exception class="org.testng.SkipException">
            <message>
              <![CDATA[Independent Risk Unit Credit Coverage Area's CaseToRun Flag Is 'N' Or Blank. So Skipping Execution Of Independent Risk Unit Credit Coverage Area]]>
            </message>
            <full-stacktrace>
              <![CDATA[org.testng.SkipException: Independent Risk Unit Credit Coverage Area's CaseToRun Flag Is 'N' Or Blank. So Skipping Execution Of Independent Risk Unit Credit Coverage Area
	at testcases.Regression.SanityTC2(Regression.java:88)
	at sun.reflect.NativeMethodAccessorImpl.invoke0(Native Method)
	at sun.reflect.NativeMethodAccessorImpl.invoke(Unknown Source)
	at sun.reflect.DelegatingMethodAccessorImpl.invoke(Unknown Source)
	at java.lang.reflect.Method.invoke(Unknown Source)
	at org.testng.internal.MethodInvocationHelper.invokeMethod(MethodInvocationHelper.java:108)
	at org.testng.internal.Invoker.invokeMethod(Invoker.java:661)
	at org.testng.internal.Invoker.invokeTestMethod(Invoker.java:869)
	at org.testng.internal.Invoker.invokeTestMethods(Invoker.java:1193)
	at org.testng.internal.TestMethodWorker.invokeTestMethods(TestMethodWorker.java:126)
	at org.testng.internal.TestMethodWorker.run(TestMethodWorker.java:109)
	at org.testng.TestRunner.privateRun(TestRunner.java:744)
	at org.testng.TestRunner.run(TestRunner.java:602)
	at org.testng.SuiteRunner.runTest(SuiteRunner.java:380)
	at org.testng.SuiteRunner.runSequentially(SuiteRunner.java:375)
	at org.testng.SuiteRunner.privateRun(SuiteRunner.java:340)
	at org.testng.SuiteRunner.run(SuiteRunner.java:289)
	at org.testng.SuiteRunnerWorker.runSuite(SuiteRunnerWorker.java:52)
	at org.testng.SuiteRunnerWorker.run(SuiteRunnerWorker.java:86)
	at org.testng.TestNG.runSuitesSequentially(TestNG.java:1301)
	at org.testng.TestNG.runSuitesLocally(TestNG.java:1226)
	at org.testng.TestNG.runSuites(TestNG.java:1144)
	at org.testng.TestNG.run(TestNG.java:1115)
	at org.testng.remote.AbstractRemoteTestNG.run(AbstractRemoteTestNG.java:114)
	at org.testng.remote.RemoteTestNG.initAndRun(RemoteTestNG.java:251)
	at org.testng.remote.RemoteTestNG.main(RemoteTestNG.java:77)
]]>
            </full-stacktrace>
          </exception> <!-- org.testng.SkipException -->
          <reporter-output>
          </reporter-output>
        </test-method> <!-- SanityTC2 -->
        <test-method status="PASS" signature="reporterDataResults(org.testng.ITestResult)[pri:0, instance:testcases.Regression@2b552920]" name="reporterDataResults" is-config="true" duration-ms="11" started-at="2018-11-21T14:46:41Z" finished-at="2018-11-21T14:46:41Z">
          <params>
            <param index="0">
              <value>
                <![CDATA[[TestResult name=SanityTC2 status=SKIP method=Regression.SanityTC2(java.util.LinkedHashMap)[pri:0, instance:testcases.Regression@2b552920] output={null}]]]>
              </value>
            </param>
          </params>
          <reporter-output>
            <line>
              <![CDATA[SanityTC2 is SKIPPED]]>
            </line>
          </reporter-output>
        </test-method> <!-- reporterDataResults -->
        <test-method status="SKIP" signature="SanityTC20(java.util.LinkedHashMap)[pri:0, instance:testcases.Regression@2b552920]" name="SanityTC20" duration-ms="13" started-at="2018-11-21T14:46:41Z" data-provider="Regression" finished-at="2018-11-21T14:46:41Z">
          <params>
            <param index="0">
              <value>
                <![CDATA[{TestCaseName=Relationship Name #2, CaseToRun=N, Module=Portfolio, Pass/Fail/Skip=SKIP, Category=, AddRule=Relationship Name, Level1=, Filtername=AAREX INDIA (1010567684), Filtername2=, Filtername3=, VerifyChip=AAREX INDIA (1010567684), TestCaseDescription =check whether data is fetched from the backend service, Steps to execute=1.Click Add Rule
2. Select "Relationship Name" from Customer Category
3. Click Add filters (+) and search for "India"
4. Select "AAREX INDIA (1010567684)", ExpectedResult="Relationship Name" Dialog should have the value "AAREX INDIA (1010567684)" in the search result.}]]>
              </value>
            </param>
          </params>
          <exception class="org.testng.SkipException">
            <message>
              <![CDATA[Relationship Name #2's CaseToRun Flag Is 'N' Or Blank. So Skipping Execution Of Relationship Name #2]]>
            </message>
            <full-stacktrace>
              <![CDATA[org.testng.SkipException: Relationship Name #2's CaseToRun Flag Is 'N' Or Blank. So Skipping Execution Of Relationship Name #2
	at testcases.Regression.SanityTC20(Regression.java:426)
	at sun.reflect.NativeMethodAccessorImpl.invoke0(Native Method)
	at sun.reflect.NativeMethodAccessorImpl.invoke(Unknown Source)
	at sun.reflect.DelegatingMethodAccessorImpl.invoke(Unknown Source)
	at java.lang.reflect.Method.invoke(Unknown Source)
	at org.testng.internal.MethodInvocationHelper.invokeMethod(MethodInvocationHelper.java:108)
	at org.testng.internal.Invoker.invokeMethod(Invoker.java:661)
	at org.testng.internal.Invoker.invokeTestMethod(Invoker.java:869)
	at org.testng.internal.Invoker.invokeTestMethods(Invoker.java:1193)
	at org.testng.internal.TestMethodWorker.invokeTestMethods(TestMethodWorker.java:126)
	at org.testng.internal.TestMethodWorker.run(TestMethodWorker.java:109)
	at org.testng.TestRunner.privateRun(TestRunner.java:744)
	at org.testng.TestRunner.run(TestRunner.java:602)
	at org.testng.SuiteRunner.runTest(SuiteRunner.java:380)
	at org.testng.SuiteRunner.runSequentially(SuiteRunner.java:375)
	at org.testng.SuiteRunner.privateRun(SuiteRunner.java:340)
	at org.testng.SuiteRunner.run(SuiteRunner.java:289)
	at org.testng.SuiteRunnerWorker.runSuite(SuiteRunnerWorker.java:52)
	at org.testng.SuiteRunnerWorker.run(SuiteRunnerWorker.java:86)
	at org.testng.TestNG.runSuitesSequentially(TestNG.java:1301)
	at org.testng.TestNG.runSuitesLocally(TestNG.java:1226)
	at org.testng.TestNG.runSuites(TestNG.java:1144)
	at org.testng.TestNG.run(TestNG.java:1115)
	at org.testng.remote.AbstractRemoteTestNG.run(AbstractRemoteTestNG.java:114)
	at org.testng.remote.RemoteTestNG.initAndRun(RemoteTestNG.java:251)
	at org.testng.remote.RemoteTestNG.main(RemoteTestNG.java:77)
]]>
            </full-stacktrace>
          </exception> <!-- org.testng.SkipException -->
          <reporter-output>
          </reporter-output>
        </test-method> <!-- SanityTC20 -->
        <test-method status="PASS" signature="reporterDataResults(org.testng.ITestResult)[pri:0, instance:testcases.Regression@2b552920]" name="reporterDataResults" is-config="true" duration-ms="2" started-at="2018-11-21T14:46:41Z" finished-at="2018-11-21T14:46:41Z">
          <params>
            <param index="0">
              <value>
                <![CDATA[[TestResult name=SanityTC20 status=SKIP method=Regression.SanityTC20(java.util.LinkedHashMap)[pri:0, instance:testcases.Regression@2b552920] output={null}]]]>
              </value>
            </param>
          </params>
          <reporter-output>
            <line>
              <![CDATA[SanityTC20 is SKIPPED]]>
            </line>
          </reporter-output>
        </test-method> <!-- reporterDataResults -->
        <test-method status="SKIP" signature="SanityTC21(java.util.LinkedHashMap)[pri:0, instance:testcases.Regression@2b552920]" name="SanityTC21" duration-ms="79" started-at="2018-11-21T14:46:41Z" data-provider="Regression" finished-at="2018-11-21T14:46:42Z">
          <params>
            <param index="0">
              <value>
                <![CDATA[{TestCaseName=GFCID, CaseToRun=N, Module=Portfolio, Pass/Fail/Skip=SKIP, Category=, AddRule=GFCID, Level1=, Filtername=0000071315,0000071316, Filtername2=, Filtername3=, VerifyChip=, TestCaseDescription =check whether data is fetched from the backend service, Steps to execute=1. Enter "0000071315, 0000071316" in the textArea
2. Click Review, ExpectedResult=Top Exposures dialog should be displayed with results}]]>
              </value>
            </param>
          </params>
          <exception class="org.testng.SkipException">
            <message>
              <![CDATA[GFCID's CaseToRun Flag Is 'N' Or Blank. So Skipping Execution Of GFCID]]>
            </message>
            <full-stacktrace>
              <![CDATA[org.testng.SkipException: GFCID's CaseToRun Flag Is 'N' Or Blank. So Skipping Execution Of GFCID
	at testcases.Regression.SanityTC21(Regression.java:444)
	at sun.reflect.NativeMethodAccessorImpl.invoke0(Native Method)
	at sun.reflect.NativeMethodAccessorImpl.invoke(Unknown Source)
	at sun.reflect.DelegatingMethodAccessorImpl.invoke(Unknown Source)
	at java.lang.reflect.Method.invoke(Unknown Source)
	at org.testng.internal.MethodInvocationHelper.invokeMethod(MethodInvocationHelper.java:108)
	at org.testng.internal.Invoker.invokeMethod(Invoker.java:661)
	at org.testng.internal.Invoker.invokeTestMethod(Invoker.java:869)
	at org.testng.internal.Invoker.invokeTestMethods(Invoker.java:1193)
	at org.testng.internal.TestMethodWorker.invokeTestMethods(TestMethodWorker.java:126)
	at org.testng.internal.TestMethodWorker.run(TestMethodWorker.java:109)
	at org.testng.TestRunner.privateRun(TestRunner.java:744)
	at org.testng.TestRunner.run(TestRunner.java:602)
	at org.testng.SuiteRunner.runTest(SuiteRunner.java:380)
	at org.testng.SuiteRunner.runSequentially(SuiteRunner.java:375)
	at org.testng.SuiteRunner.privateRun(SuiteRunner.java:340)
	at org.testng.SuiteRunner.run(SuiteRunner.java:289)
	at org.testng.SuiteRunnerWorker.runSuite(SuiteRunnerWorker.java:52)
	at org.testng.SuiteRunnerWorker.run(SuiteRunnerWorker.java:86)
	at org.testng.TestNG.runSuitesSequentially(TestNG.java:1301)
	at org.testng.TestNG.runSuitesLocally(TestNG.java:1226)
	at org.testng.TestNG.runSuites(TestNG.java:1144)
	at org.testng.TestNG.run(TestNG.java:1115)
	at org.testng.remote.AbstractRemoteTestNG.run(AbstractRemoteTestNG.java:114)
	at org.testng.remote.RemoteTestNG.initAndRun(RemoteTestNG.java:251)
	at org.testng.remote.RemoteTestNG.main(RemoteTestNG.java:77)
]]>
            </full-stacktrace>
          </exception> <!-- org.testng.SkipException -->
          <reporter-output>
          </reporter-output>
        </test-method> <!-- SanityTC21 -->
        <test-method status="PASS" signature="reporterDataResults(org.testng.ITestResult)[pri:0, instance:testcases.Regression@2b552920]" name="reporterDataResults" is-config="true" duration-ms="2" started-at="2018-11-21T14:46:42Z" finished-at="2018-11-21T14:46:42Z">
          <params>
            <param index="0">
              <value>
                <![CDATA[[TestResult name=SanityTC21 status=SKIP method=Regression.SanityTC21(java.util.LinkedHashMap)[pri:0, instance:testcases.Regression@2b552920] output={null}]]]>
              </value>
            </param>
          </params>
          <reporter-output>
            <line>
              <![CDATA[SanityTC21 is SKIPPED]]>
            </line>
          </reporter-output>
        </test-method> <!-- reporterDataResults -->
        <test-method status="SKIP" signature="SanityTC22(java.util.LinkedHashMap)[pri:0, instance:testcases.Regression@2b552920]" name="SanityTC22" duration-ms="2" started-at="2018-11-21T14:46:42Z" data-provider="Regression" finished-at="2018-11-21T14:46:42Z">
          <params>
            <param index="0">
              <value>
                <![CDATA[{TestCaseName=CIS Level 2 Client Owner, CaseToRun=N, Module=Portfolio, Pass/Fail/Skip=SKIP, Category=, AddRule=CIS Level 2 Client Owner, Level1=, Filtername=CITI, Filtername2=, Filtername3=, VerifyChip=CITI, TestCaseDescription =check whether data is fetched from the backend service, Steps to execute=1. Click Add Rule
2. Select "CIS Level 2 Client Owner" from Customer Category
3. Click Add filters (+) and select "CITI", ExpectedResult=Level 2 Client Owner dialog should have the value "CITI".
}]]>
              </value>
            </param>
          </params>
          <exception class="org.testng.SkipException">
            <message>
              <![CDATA[CIS Level 2 Client Owner's CaseToRun Flag Is 'N' Or Blank. So Skipping Execution Of CIS Level 2 Client Owner]]>
            </message>
            <full-stacktrace>
              <![CDATA[org.testng.SkipException: CIS Level 2 Client Owner's CaseToRun Flag Is 'N' Or Blank. So Skipping Execution Of CIS Level 2 Client Owner
	at testcases.Regression.SanityTC22(Regression.java:463)
	at sun.reflect.NativeMethodAccessorImpl.invoke0(Native Method)
	at sun.reflect.NativeMethodAccessorImpl.invoke(Unknown Source)
	at sun.reflect.DelegatingMethodAccessorImpl.invoke(Unknown Source)
	at java.lang.reflect.Method.invoke(Unknown Source)
	at org.testng.internal.MethodInvocationHelper.invokeMethod(MethodInvocationHelper.java:108)
	at org.testng.internal.Invoker.invokeMethod(Invoker.java:661)
	at org.testng.internal.Invoker.invokeTestMethod(Invoker.java:869)
	at org.testng.internal.Invoker.invokeTestMethods(Invoker.java:1193)
	at org.testng.internal.TestMethodWorker.invokeTestMethods(TestMethodWorker.java:126)
	at org.testng.internal.TestMethodWorker.run(TestMethodWorker.java:109)
	at org.testng.TestRunner.privateRun(TestRunner.java:744)
	at org.testng.TestRunner.run(TestRunner.java:602)
	at org.testng.SuiteRunner.runTest(SuiteRunner.java:380)
	at org.testng.SuiteRunner.runSequentially(SuiteRunner.java:375)
	at org.testng.SuiteRunner.privateRun(SuiteRunner.java:340)
	at org.testng.SuiteRunner.run(SuiteRunner.java:289)
	at org.testng.SuiteRunnerWorker.runSuite(SuiteRunnerWorker.java:52)
	at org.testng.SuiteRunnerWorker.run(SuiteRunnerWorker.java:86)
	at org.testng.TestNG.runSuitesSequentially(TestNG.java:1301)
	at org.testng.TestNG.runSuitesLocally(TestNG.java:1226)
	at org.testng.TestNG.runSuites(TestNG.java:1144)
	at org.testng.TestNG.run(TestNG.java:1115)
	at org.testng.remote.AbstractRemoteTestNG.run(AbstractRemoteTestNG.java:114)
	at org.testng.remote.RemoteTestNG.initAndRun(RemoteTestNG.java:251)
	at org.testng.remote.RemoteTestNG.main(RemoteTestNG.java:77)
]]>
            </full-stacktrace>
          </exception> <!-- org.testng.SkipException -->
          <reporter-output>
          </reporter-output>
        </test-method> <!-- SanityTC22 -->
        <test-method status="PASS" signature="reporterDataResults(org.testng.ITestResult)[pri:0, instance:testcases.Regression@2b552920]" name="reporterDataResults" is-config="true" duration-ms="1" started-at="2018-11-21T14:46:42Z" finished-at="2018-11-21T14:46:42Z">
          <params>
            <param index="0">
              <value>
                <![CDATA[[TestResult name=SanityTC22 status=SKIP method=Regression.SanityTC22(java.util.LinkedHashMap)[pri:0, instance:testcases.Regression@2b552920] output={null}]]]>
              </value>
            </param>
          </params>
          <reporter-output>
            <line>
              <![CDATA[SanityTC22 is SKIPPED]]>
            </line>
          </reporter-output>
        </test-method> <!-- reporterDataResults -->
        <test-method status="SKIP" signature="SanityTC23(java.util.LinkedHashMap)[pri:0, instance:testcases.Regression@2b552920]" name="SanityTC23" duration-ms="3" started-at="2018-11-21T14:46:42Z" data-provider="Regression" finished-at="2018-11-21T14:46:42Z">
          <params>
            <param index="0">
              <value>
                <![CDATA[{TestCaseName=CIS Level 3 Client Owner, CaseToRun=N, Module=Portfolio, Pass/Fail/Skip=SKIP, Category=, AddRule=CIS Level 3 Client Owner, Level1=, Filtername=MARKETS, Filtername2=, Filtername3=, VerifyChip=MARKETS, TestCaseDescription =check whether data is fetched from the backend service, Steps to execute=1. Click Add Rule
2. Select "CIS Level 3 Client Owner" from Customer Category
3. Click Add filters (+) and select "MARKETS", ExpectedResult=Level 3 Client Owner dialog should have the value "MARKETS".}]]>
              </value>
            </param>
          </params>
          <exception class="org.testng.SkipException">
            <message>
              <![CDATA[CIS Level 3 Client Owner's CaseToRun Flag Is 'N' Or Blank. So Skipping Execution Of CIS Level 3 Client Owner]]>
            </message>
            <full-stacktrace>
              <![CDATA[org.testng.SkipException: CIS Level 3 Client Owner's CaseToRun Flag Is 'N' Or Blank. So Skipping Execution Of CIS Level 3 Client Owner
	at testcases.Regression.SanityTC23(Regression.java:482)
	at sun.reflect.NativeMethodAccessorImpl.invoke0(Native Method)
	at sun.reflect.NativeMethodAccessorImpl.invoke(Unknown Source)
	at sun.reflect.DelegatingMethodAccessorImpl.invoke(Unknown Source)
	at java.lang.reflect.Method.invoke(Unknown Source)
	at org.testng.internal.MethodInvocationHelper.invokeMethod(MethodInvocationHelper.java:108)
	at org.testng.internal.Invoker.invokeMethod(Invoker.java:661)
	at org.testng.internal.Invoker.invokeTestMethod(Invoker.java:869)
	at org.testng.internal.Invoker.invokeTestMethods(Invoker.java:1193)
	at org.testng.internal.TestMethodWorker.invokeTestMethods(TestMethodWorker.java:126)
	at org.testng.internal.TestMethodWorker.run(TestMethodWorker.java:109)
	at org.testng.TestRunner.privateRun(TestRunner.java:744)
	at org.testng.TestRunner.run(TestRunner.java:602)
	at org.testng.SuiteRunner.runTest(SuiteRunner.java:380)
	at org.testng.SuiteRunner.runSequentially(SuiteRunner.java:375)
	at org.testng.SuiteRunner.privateRun(SuiteRunner.java:340)
	at org.testng.SuiteRunner.run(SuiteRunner.java:289)
	at org.testng.SuiteRunnerWorker.runSuite(SuiteRunnerWorker.java:52)
	at org.testng.SuiteRunnerWorker.run(SuiteRunnerWorker.java:86)
	at org.testng.TestNG.runSuitesSequentially(TestNG.java:1301)
	at org.testng.TestNG.runSuitesLocally(TestNG.java:1226)
	at org.testng.TestNG.runSuites(TestNG.java:1144)
	at org.testng.TestNG.run(TestNG.java:1115)
	at org.testng.remote.AbstractRemoteTestNG.run(AbstractRemoteTestNG.java:114)
	at org.testng.remote.RemoteTestNG.initAndRun(RemoteTestNG.java:251)
	at org.testng.remote.RemoteTestNG.main(RemoteTestNG.java:77)
]]>
            </full-stacktrace>
          </exception> <!-- org.testng.SkipException -->
          <reporter-output>
          </reporter-output>
        </test-method> <!-- SanityTC23 -->
        <test-method status="PASS" signature="reporterDataResults(org.testng.ITestResult)[pri:0, instance:testcases.Regression@2b552920]" name="reporterDataResults" is-config="true" duration-ms="0" started-at="2018-11-21T14:46:42Z" finished-at="2018-11-21T14:46:42Z">
          <params>
            <param index="0">
              <value>
                <![CDATA[[TestResult name=SanityTC23 status=SKIP method=Regression.SanityTC23(java.util.LinkedHashMap)[pri:0, instance:testcases.Regression@2b552920] output={null}]]]>
              </value>
            </param>
          </params>
          <reporter-output>
            <line>
              <![CDATA[SanityTC23 is SKIPPED]]>
            </line>
          </reporter-output>
        </test-method> <!-- reporterDataResults -->
        <test-method status="SKIP" signature="SanityTC24(java.util.LinkedHashMap)[pri:0, instance:testcases.Regression@2b552920]" name="SanityTC24" duration-ms="9" started-at="2018-11-21T14:46:42Z" data-provider="Regression" finished-at="2018-11-21T14:46:42Z">
          <params>
            <param index="0">
              <value>
                <![CDATA[{TestCaseName=Intercompany, CaseToRun=N, Module=Portfolio, Pass/Fail/Skip=SKIP, Category=, AddRule=Intercompany, Level1=, Filtername=Yes, Filtername2=, Filtername3=, VerifyChip=, TestCaseDescription =check whether data the top exposure dialog is displayed, Steps to execute=1.Click Add Rule
2. Select "Intercompany " from Facility Category
3. select Yes and click Review Button on the right top corner, ExpectedResult=Top Exposures dialog box should be displayed}]]>
              </value>
            </param>
          </params>
          <exception class="org.testng.SkipException">
            <message>
              <![CDATA[Intercompany's CaseToRun Flag Is 'N' Or Blank. So Skipping Execution Of Intercompany]]>
            </message>
            <full-stacktrace>
              <![CDATA[org.testng.SkipException: Intercompany's CaseToRun Flag Is 'N' Or Blank. So Skipping Execution Of Intercompany
	at testcases.Regression.SanityTC24(Regression.java:500)
	at sun.reflect.NativeMethodAccessorImpl.invoke0(Native Method)
	at sun.reflect.NativeMethodAccessorImpl.invoke(Unknown Source)
	at sun.reflect.DelegatingMethodAccessorImpl.invoke(Unknown Source)
	at java.lang.reflect.Method.invoke(Unknown Source)
	at org.testng.internal.MethodInvocationHelper.invokeMethod(MethodInvocationHelper.java:108)
	at org.testng.internal.Invoker.invokeMethod(Invoker.java:661)
	at org.testng.internal.Invoker.invokeTestMethod(Invoker.java:869)
	at org.testng.internal.Invoker.invokeTestMethods(Invoker.java:1193)
	at org.testng.internal.TestMethodWorker.invokeTestMethods(TestMethodWorker.java:126)
	at org.testng.internal.TestMethodWorker.run(TestMethodWorker.java:109)
	at org.testng.TestRunner.privateRun(TestRunner.java:744)
	at org.testng.TestRunner.run(TestRunner.java:602)
	at org.testng.SuiteRunner.runTest(SuiteRunner.java:380)
	at org.testng.SuiteRunner.runSequentially(SuiteRunner.java:375)
	at org.testng.SuiteRunner.privateRun(SuiteRunner.java:340)
	at org.testng.SuiteRunner.run(SuiteRunner.java:289)
	at org.testng.SuiteRunnerWorker.runSuite(SuiteRunnerWorker.java:52)
	at org.testng.SuiteRunnerWorker.run(SuiteRunnerWorker.java:86)
	at org.testng.TestNG.runSuitesSequentially(TestNG.java:1301)
	at org.testng.TestNG.runSuitesLocally(TestNG.java:1226)
	at org.testng.TestNG.runSuites(TestNG.java:1144)
	at org.testng.TestNG.run(TestNG.java:1115)
	at org.testng.remote.AbstractRemoteTestNG.run(AbstractRemoteTestNG.java:114)
	at org.testng.remote.RemoteTestNG.initAndRun(RemoteTestNG.java:251)
	at org.testng.remote.RemoteTestNG.main(RemoteTestNG.java:77)
]]>
            </full-stacktrace>
          </exception> <!-- org.testng.SkipException -->
          <reporter-output>
          </reporter-output>
        </test-method> <!-- SanityTC24 -->
        <test-method status="PASS" signature="reporterDataResults(org.testng.ITestResult)[pri:0, instance:testcases.Regression@2b552920]" name="reporterDataResults" is-config="true" duration-ms="1" started-at="2018-11-21T14:46:42Z" finished-at="2018-11-21T14:46:42Z">
          <params>
            <param index="0">
              <value>
                <![CDATA[[TestResult name=SanityTC24 status=SKIP method=Regression.SanityTC24(java.util.LinkedHashMap)[pri:0, instance:testcases.Regression@2b552920] output={null}]]]>
              </value>
            </param>
          </params>
          <reporter-output>
            <line>
              <![CDATA[SanityTC24 is SKIPPED]]>
            </line>
          </reporter-output>
[...]
            </message>
            <full-stacktrace>
              <![CDATA[org.testng.SkipException: Control Unit's CaseToRun Flag Is 'N' Or Blank. So Skipping Execution Of Control Unit
	at testcases.Regression.SanityTC5(Regression.java:142)
	at sun.reflect.NativeMethodAccessorImpl.invoke0(Native Method)
	at sun.reflect.NativeMethodAccessorImpl.invoke(Unknown Source)
	at sun.reflect.DelegatingMethodAccessorImpl.invoke(Unknown Source)
	at java.lang.reflect.Method.invoke(Unknown Source)
	at org.testng.internal.MethodInvocationHelper.invokeMethod(MethodInvocationHelper.java:108)
	at org.testng.internal.Invoker.invokeMethod(Invoker.java:661)
	at org.testng.internal.Invoker.invokeTestMethod(Invoker.java:869)
	at org.testng.internal.Invoker.invokeTestMethods(Invoker.java:1193)
	at org.testng.internal.TestMethodWorker.invokeTestMethods(TestMethodWorker.java:126)
	at org.testng.internal.TestMethodWorker.run(TestMethodWorker.java:109)
	at org.testng.TestRunner.privateRun(TestRunner.java:744)
	at org.testng.TestRunner.run(TestRunner.java:602)
	at org.testng.SuiteRunner.runTest(SuiteRunner.java:380)
	at org.testng.SuiteRunner.runSequentially(SuiteRunner.java:375)
	at org.testng.SuiteRunner.privateRun(SuiteRunner.java:340)
	at org.testng.SuiteRunner.run(SuiteRunner.java:289)
	at org.testng.SuiteRunnerWorker.runSuite(SuiteRunnerWorker.java:52)
	at org.testng.SuiteRunnerWorker.run(SuiteRunnerWorker.java:86)
	at org.testng.TestNG.runSuitesSequentially(TestNG.java:1301)
	at org.testng.TestNG.runSuitesLocally(TestNG.java:1226)
	at org.testng.TestNG.runSuites(TestNG.java:1144)
	at org.testng.TestNG.run(TestNG.java:1115)
	at org.testng.remote.AbstractRemoteTestNG.run(AbstractRemoteTestNG.java:114)
	at org.testng.remote.RemoteTestNG.initAndRun(RemoteTestNG.java:251)
	at org.testng.remote.RemoteTestNG.main(RemoteTestNG.java:77)
]]>
            </full-stacktrace>
          </exception> <!-- org.testng.SkipException -->
          <reporter-output>
          </reporter-output>
        </test-method> <!-- SanityTC5 -->
        <test-method status="PASS" signature="reporterDataResults(org.testng.ITestResult)[pri:0, instance:testcases.Regression@2b552920]" name="reporterDataResults" is-config="true" duration-ms="0" started-at="2018-11-21T14:46:42Z" finished-at="2018-11-21T14:46:42Z">
          <params>
            <param index="0">
              <value>
                <![CDATA[[TestResult name=SanityTC5 status=SKIP method=Regression.SanityTC5(java.util.LinkedHashMap)[pri:0, instance:testcases.Regression@2b552920] output={null}]]]>
              </value>
            </param>
          </params>
          <reporter-output>
            <line>
              <![CDATA[SanityTC5 is SKIPPED]]>
            </line>
          </reporter-output>
        </test-method> <!-- reporterDataResults -->
        <test-method status="SKIP" signature="SanityTC6(java.util.LinkedHashMap)[pri:0, instance:testcases.Regression@2b552920]" name="SanityTC6" duration-ms="8" started-at="2018-11-21T14:46:42Z" data-provider="Regression" finished-at="2018-11-21T14:46:42Z">
          <params>
            <param index="0">
              <value>
                <![CDATA[{TestCaseName=Approving Unit, CaseToRun=N, Module=Portfolio, Pass/Fail/Skip=SKIP, Category=, AddRule=Approving Unit, Level1=, Filtername=AS AGENT REPO (300171)|AGENCY & TRUST CEP (300789), Filtername2=, Filtername3=, VerifyChip=, TestCaseDescription =check whether data is fetched from the backend service, Steps to execute=1.Click Add Rule
2. Select "Approving Unit" from"Business Unit" Category
3. Click Add filters (+) and select "AS AGENT REPO (300171)" from FIRM & "AGENCY & TRUST CEP (300789)" from GTS, ExpectedResult="Approving Unit" dialog should have the value "AS AGENT REPO (300171)" in FIRM & "AGENCY & TRUST CEP (300789)" from GTS}]]>
              </value>
            </param>
          </params>
          <exception class="org.testng.SkipException">
            <message>
              <![CDATA[Approving Unit's CaseToRun Flag Is 'N' Or Blank. So Skipping Execution Of Approving Unit]]>
            </message>
            <full-stacktrace>
              <![CDATA[org.testng.SkipException: Approving Unit's CaseToRun Flag Is 'N' Or Blank. So Skipping Execution Of Approving Unit
	at testcases.Regression.SanityTC6(Regression.java:160)
	at sun.reflect.NativeMethodAccessorImpl.invoke0(Native Method)
	at sun.reflect.NativeMethodAccessorImpl.invoke(Unknown Source)
	at sun.reflect.DelegatingMethodAccessorImpl.invoke(Unknown Source)
	at java.lang.reflect.Method.invoke(Unknown Source)
	at org.testng.internal.MethodInvocationHelper.invokeMethod(MethodInvocationHelper.java:108)
	at org.testng.internal.Invoker.invokeMethod(Invoker.java:661)
	at org.testng.internal.Invoker.invokeTestMethod(Invoker.java:869)
	at org.testng.internal.Invoker.invokeTestMethods(Invoker.java:1193)
	at org.testng.internal.TestMethodWorker.invokeTestMethods(TestMethodWorker.java:126)
	at org.testng.internal.TestMethodWorker.run(TestMethodWorker.java:109)
	at org.testng.TestRunner.privateRun(TestRunner.java:744)
	at org.testng.TestRunner.run(TestRunner.java:602)
	at org.testng.SuiteRunner.runTest(SuiteRunner.java:380)
	at org.testng.SuiteRunner.runSequentially(SuiteRunner.java:375)
	at org.testng.SuiteRunner.privateRun(SuiteRunner.java:340)
	at org.testng.SuiteRunner.run(SuiteRunner.java:289)
	at org.testng.SuiteRunnerWorker.runSuite(SuiteRunnerWorker.java:52)
	at org.testng.SuiteRunnerWorker.run(SuiteRunnerWorker.java:86)
	at org.testng.TestNG.runSuitesSequentially(TestNG.java:1301)
	at org.testng.TestNG.runSuitesLocally(TestNG.java:1226)
	at org.testng.TestNG.runSuites(TestNG.java:1144)
	at org.testng.TestNG.run(TestNG.java:1115)
	at org.testng.remote.AbstractRemoteTestNG.run(AbstractRemoteTestNG.java:114)
	at org.testng.remote.RemoteTestNG.initAndRun(RemoteTestNG.java:251)
	at org.testng.remote.RemoteTestNG.main(RemoteTestNG.java:77)
]]>
            </full-stacktrace>
          </exception> <!-- org.testng.SkipException -->
          <reporter-output>
          </reporter-output>
        </test-method> <!-- SanityTC6 -->
        <test-method status="PASS" signature="reporterDataResults(org.testng.ITestResult)[pri:0, instance:testcases.Regression@2b552920]" name="reporterDataResults" is-config="true" duration-ms="1" started-at="2018-11-21T14:46:42Z" finished-at="2018-11-21T14:46:42Z">
          <params>
            <param index="0">
              <value>
                <![CDATA[[TestResult name=SanityTC6 status=SKIP method=Regression.SanityTC6(java.util.LinkedHashMap)[pri:0, instance:testcases.Regression@2b552920] output={null}]]]>
              </value>
            </param>
          </params>
          <reporter-output>
            <line>
              <![CDATA[SanityTC6 is SKIPPED]]>
            </line>
          </reporter-output>
        </test-method> <!-- reporterDataResults -->
        <test-method status="SKIP" signature="SanityTC7(java.util.LinkedHashMap)[pri:0, instance:testcases.Regression@2b552920]" name="SanityTC7" duration-ms="4" started-at="2018-11-21T14:46:43Z" data-provider="Regression" finished-at="2018-11-21T14:46:43Z">
          <params>
            <param index="0">
              <value>
                <![CDATA[{TestCaseName=Extending Unit, CaseToRun=N, Module=Portfolio, Pass/Fail/Skip=SKIP, Category=, AddRule=Extending Unit, Level1=, Filtername=ACCIVAL - REPO (107200)|APEMCT-HK (102147), Filtername2=, Filtername3=, VerifyChip=, TestCaseDescription =check whether data is fetched from the backend service, Steps to execute=1.Click Add Rule
2. Select "Extending Unit" from "Business Unit" Category
3. Click Add filters (+) and select "ACCIVAL - REPO (107200)" from FIRM & "APEMCT-HK (102147)" from GIRM, ExpectedResult="Extending Unit" dialog should have the value "ACCIVAL - REPO (107200)" in FIRM & "APEMCT-HK (102147)" in GIRM}]]>
              </value>
            </param>
          </params>
          <exception class="org.testng.SkipException">
            <message>
              <![CDATA[Extending Unit's CaseToRun Flag Is 'N' Or Blank. So Skipping Execution Of Extending Unit]]>
            </message>
            <full-stacktrace>
              <![CDATA[org.testng.SkipException: Extending Unit's CaseToRun Flag Is 'N' Or Blank. So Skipping Execution Of Extending Unit
	at testcases.Regression.SanityTC7(Regression.java:178)
	at sun.reflect.NativeMethodAccessorImpl.invoke0(Native Method)
	at sun.reflect.NativeMethodAccessorImpl.invoke(Unknown Source)
	at sun.reflect.DelegatingMethodAccessorImpl.invoke(Unknown Source)
	at java.lang.reflect.Method.invoke(Unknown Source)
	at org.testng.internal.MethodInvocationHelper.invokeMethod(MethodInvocationHelper.java:108)
	at org.testng.internal.Invoker.invokeMethod(Invoker.java:661)
	at org.testng.internal.Invoker.invokeTestMethod(Invoker.java:869)
	at org.testng.internal.Invoker.invokeTestMethods(Invoker.java:1193)
	at org.testng.internal.TestMethodWorker.invokeTestMethods(TestMethodWorker.java:126)
	at org.testng.internal.TestMethodWorker.run(TestMethodWorker.java:109)
	at org.testng.TestRunner.privateRun(TestRunner.java:744)
	at org.testng.TestRunner.run(TestRunner.java:602)
	at org.testng.SuiteRunner.runTest(SuiteRunner.java:380)
	at org.testng.SuiteRunner.runSequentially(SuiteRunner.java:375)
	at org.testng.SuiteRunner.privateRun(SuiteRunner.java:340)
	at org.testng.SuiteRunner.run(SuiteRunner.java:289)
	at org.testng.SuiteRunnerWorker.runSuite(SuiteRunnerWorker.java:52)
	at org.testng.SuiteRunnerWorker.run(SuiteRunnerWorker.java:86)
	at org.testng.TestNG.runSuitesSequentially(TestNG.java:1301)
	at org.testng.TestNG.runSuitesLocally(TestNG.java:1226)
	at org.testng.TestNG.runSuites(TestNG.java:1144)
	at org.testng.TestNG.run(TestNG.java:1115)
	at org.testng.remote.AbstractRemoteTestNG.run(AbstractRemoteTestNG.java:114)
	at org.testng.remote.RemoteTestNG.initAndRun(RemoteTestNG.java:251)
	at org.testng.remote.RemoteTestNG.main(RemoteTestNG.java:77)
]]>
            </full-stacktrace>
          </exception> <!-- org.testng.SkipException -->
          <reporter-output>
          </reporter-output>
        </test-method> <!-- SanityTC7 -->
        <test-method status="PASS" signature="reporterDataResults(org.testng.ITestResult)[pri:0, instance:testcases.Regression@2b552920]" name="reporterDataResults" is-config="true" duration-ms="3" started-at="2018-11-21T14:46:43Z" finished-at="2018-11-21T14:46:43Z">
          <params>
            <param index="0">
              <value>
                <![CDATA[[TestResult name=SanityTC7 status=SKIP method=Regression.SanityTC7(java.util.LinkedHashMap)[pri:0, instance:testcases.Regression@2b552920] output={null}]]]>
              </value>
            </param>
          </params>
          <reporter-output>
            <line>
              <![CDATA[SanityTC7 is SKIPPED]]>
            </line>
          </reporter-output>
        </test-method> <!-- reporterDataResults -->
        <test-method status="SKIP" signature="SanityTC8(java.util.LinkedHashMap)[pri:0, instance:testcases.Regression@2b552920]" name="SanityTC8" duration-ms="2" started-at="2018-11-21T14:46:43Z" data-provider="Regression" finished-at="2018-11-21T14:46:43Z">
          <params>
            <param index="0">
              <value>
                <![CDATA[{TestCaseName=Independent Risk Unit Geography, CaseToRun=N, Module=Portfolio, Pass/Fail/Skip=SKIP, Category=, AddRule=Independent Risk Unit Geography, Level1=, Filtername=JERSEY (L4 - JE), Filtername2=, Filtername3=, VerifyChip=JERSEY (L4 - JE), TestCaseDescription =check whether data is fetched from the backend service, Steps to execute=1.Click Add Rule
2. Select "Independent Risk Unit Geography" from Geography Category
3. Click Add filters (+) and select "JERSEY (L4 - JE)", ExpectedResult="Independent Risk Unit Geography" dialog should have the value "JERSEY (L4 - JE)"}]]>
              </value>
            </param>
          </params>
          <exception class="org.testng.SkipException">
            <message>
              <![CDATA[Independent Risk Unit Geography's CaseToRun Flag Is 'N' Or Blank. So Skipping Execution Of Independent Risk Unit Geography]]>
            </message>
            <full-stacktrace>
              <![CDATA[org.testng.SkipException: Independent Risk Unit Geography's CaseToRun Flag Is 'N' Or Blank. So Skipping Execution Of Independent Risk Unit Geography
	at testcases.Regression.SanityTC8(Regression.java:197)
	at sun.reflect.NativeMethodAccessorImpl.invoke0(Native Method)
	at sun.reflect.NativeMethodAccessorImpl.invoke(Unknown Source)
	at sun.reflect.DelegatingMethodAccessorImpl.invoke(Unknown Source)
	at java.lang.reflect.Method.invoke(Unknown Source)
	at org.testng.internal.MethodInvocationHelper.invokeMethod(MethodInvocationHelper.java:108)
	at org.testng.internal.Invoker.invokeMethod(Invoker.java:661)
	at org.testng.internal.Invoker.invokeTestMethod(Invoker.java:869)
	at org.testng.internal.Invoker.invokeTestMethods(Invoker.java:1193)
	at org.testng.internal.TestMethodWorker.invokeTestMethods(TestMethodWorker.java:126)
	at org.testng.internal.TestMethodWorker.run(TestMethodWorker.java:109)
	at org.testng.TestRunner.privateRun(TestRunner.java:744)
	at org.testng.TestRunner.run(TestRunner.java:602)
	at org.testng.SuiteRunner.runTest(SuiteRunner.java:380)
	at org.testng.SuiteRunner.runSequentially(SuiteRunner.java:375)
	at org.testng.SuiteRunner.privateRun(SuiteRunner.java:340)
	at org.testng.SuiteRunner.run(SuiteRunner.java:289)
	at org.testng.SuiteRunnerWorker.runSuite(SuiteRunnerWorker.java:52)
	at org.testng.SuiteRunnerWorker.run(SuiteRunnerWorker.java:86)
	at org.testng.TestNG.runSuitesSequentially(TestNG.java:1301)
	at org.testng.TestNG.runSuitesLocally(TestNG.java:1226)
	at org.testng.TestNG.runSuites(TestNG.java:1144)
	at org.testng.TestNG.run(TestNG.java:1115)
	at org.testng.remote.AbstractRemoteTestNG.run(AbstractRemoteTestNG.java:114)
	at org.testng.remote.RemoteTestNG.initAndRun(RemoteTestNG.java:251)
	at org.testng.remote.RemoteTestNG.main(RemoteTestNG.java:77)
]]>
            </full-stacktrace>
          </exception> <!-- org.testng.SkipException -->
          <reporter-output>
          </reporter-output>
        </test-method> <!-- SanityTC8 -->
        <test-method status="PASS" signature="reporterDataResults(org.testng.ITestResult)[pri:0, instance:testcases.Regression@2b552920]" name="reporterDataResults" is-config="true" duration-ms="1" started-at="2018-11-21T14:46:43Z" finished-at="2018-11-21T14:46:43Z">
          <params>
            <param index="0">
              <value>
                <![CDATA[[TestResult name=SanityTC8 status=SKIP method=Regression.SanityTC8(java.util.LinkedHashMap)[pri:0, instance:testcases.Regression@2b552920] output={null}]]]>
              </value>
            </param>
          </params>
          <reporter-output>
            <line>
              <![CDATA[SanityTC8 is SKIPPED]]>
            </line>
          </reporter-output>
        </test-method> <!-- reporterDataResults -->
        <test-method status="SKIP" signature="SanityTC9(java.util.LinkedHashMap)[pri:0, instance:testcases.Regression@2b552920]" name="SanityTC9" duration-ms="2" started-at="2018-11-21T14:46:43Z" data-provider="Regression" finished-at="2018-11-21T14:46:43Z">
          <params>
            <param index="0">
              <value>
                <![CDATA[{TestCaseName=Control Unit Geography , CaseToRun=N, Module=Portfolio, Pass/Fail/Skip=SKIP, Category=, AddRule=Independent Risk Unit Credit Organization, Level1=, Filtername=JERSEY (L4 - JE), Filtername2=, Filtername3=, VerifyChip=JERSEY (L4 - JE), TestCaseDescription =check whether data is fetched from the backend service, Steps to execute=1.Click Add Rule
2. Select "Control Unit Geography" from Geography Category
3. Click Add filters (+) and select "JERSEY (L4 - JE)"
4. Close the dialog, ExpectedResult=a. "Control Unit Geography" dialog should have the value "ISRAEL (L2 - 15)"
b. Chip in the main screen after dialog close should display "ISRAEL (L4 - IL)"}]]>
              </value>
            </param>
          </params>
          <exception class="org.testng.SkipException">
            <message>
              <![CDATA[Control Unit Geography 's CaseToRun Flag Is 'N' Or Blank. So Skipping Execution Of Control Unit Geography ]]>
            </message>
            <full-stacktrace>
              <![CDATA[org.testng.SkipException: Control Unit Geography 's CaseToRun Flag Is 'N' Or Blank. So Skipping Execution Of Control Unit Geography 
	at testcases.Regression.SanityTC9(Regression.java:217)
	at sun.reflect.NativeMethodAccessorImpl.invoke0(Native Method)
	at sun.reflect.NativeMethodAccessorImpl.invoke(Unknown Source)
	at sun.reflect.DelegatingMethodAccessorImpl.invoke(Unknown Source)
	at java.lang.reflect.Method.invoke(Unknown Source)
	at org.testng.internal.MethodInvocationHelper.invokeMethod(MethodInvocationHelper.java:108)
	at org.testng.internal.Invoker.invokeMethod(Invoker.java:661)
	at org.testng.internal.Invoker.invokeTestMethod(Invoker.java:869)
	at org.testng.internal.Invoker.invokeTestMethods(Invoker.java:1193)
	at org.testng.internal.TestMethodWorker.invokeTestMethods(TestMethodWorker.java:126)
	at org.testng.internal.TestMethodWorker.run(TestMethodWorker.java:109)
	at org.testng.TestRunner.privateRun(TestRunner.java:744)
	at org.testng.TestRunner.run(TestRunner.java:602)
	at org.testng.SuiteRunner.runTest(SuiteRunner.java:380)
	at org.testng.SuiteRunner.runSequentially(SuiteRunner.java:375)
	at org.testng.SuiteRunner.privateRun(SuiteRunner.java:340)
	at org.testng.SuiteRunner.run(SuiteRunner.java:289)
	at org.testng.SuiteRunnerWorker.runSuite(SuiteRunnerWorker.java:52)
	at org.testng.SuiteRunnerWorker.run(SuiteRunnerWorker.java:86)
	at org.testng.TestNG.runSuitesSequentially(TestNG.java:1301)
	at org.testng.TestNG.runSuitesLocally(TestNG.java:1226)
	at org.testng.TestNG.runSuites(TestNG.java:1144)
	at org.testng.TestNG.run(TestNG.java:1115)
	at org.testng.remote.AbstractRemoteTestNG.run(AbstractRemoteTestNG.java:114)
	at org.testng.remote.RemoteTestNG.initAndRun(RemoteTestNG.java:251)
	at org.testng.remote.RemoteTestNG.main(RemoteTestNG.java:77)
]]>
            </full-stacktrace>
          </exception> <!-- org.testng.SkipException -->
          <reporter-output>
          </reporter-output>
        </test-method> <!-- SanityTC9 -->
        <test-method status="PASS" signature="reporterDataResults(org.testng.ITestResult)[pri:0, instance:testcases.Regression@2b552920]" name="reporterDataResults" is-config="true" duration-ms="0" started-at="2018-11-21T14:46:43Z" finished-at="2018-11-21T14:46:43Z">
          <params>
            <param index="0">
              <value>
                <![CDATA[[TestResult name=SanityTC9 status=SKIP method=Regression.SanityTC9(java.util.LinkedHashMap)[pri:0, instance:testcases.Regression@2b552920] output={null}]]]>
              </value>
            </param>
          </params>
          <reporter-output>
            <line>
              <![CDATA[SanityTC9 is SKIPPED]]>
            </line>
          </reporter-output>
        </test-method> <!-- reporterDataResults -->
        <test-method status="PASS" signature="aftersuite()[pri:0, instance:testcases.Regression@2b552920]" name="aftersuite" is-config="true" duration-ms="1699" started-at="2018-11-21T14:46:43Z" finished-at="2018-11-21T14:46:45Z">
          <reporter-output>
          </reporter-output>
        </test-method> <!-- aftersuite -->
      </class> <!-- testcases.Regression -->
    </test> <!-- Default test -->
  </suite> <!-- Default suite -->
</testng-results>
